Entry #  1  >0<  >0<  >Hourly synoptic observations from fixed-land stations (SYNOP)<
Entry #  2  >0<  >1<  >Intermediate synoptic observations from fixed-land stations (SYNOP)<
Entry #  3  >0<  >2<  >Main synoptic observations from fixed-land stations (SYNOP)<
Entry #  4  >0<  >3<  >Hourly synoptic observations from mobile-land stations (SYNOP MOBIL)<
Entry #  5  >0<  >4<  >Intermediate synoptic observations from mobile-land stations (SYNOP MOBIL)<
Entry #  6  >0<  >5<  >Main synoptic observations from mobile land stations (SYNOP MOBIL)<
Entry #  7  >0<  >6<  >One-hour observations from automated stations<
Entry #  8  >0<  >7<  >n-minute observations from AWS stations<
Entry #  9  >0<  >10<  >Routine aeronautical observations (METAR)<
Entry # 10  >0<  >11<  >Special aeronautical observations (SPECI)<
Entry # 11  >0<  >14<  >Ground-based GPS humidity observations (GPSIWV)<
Entry # 12  >0<  >20<  >Climatological observations (CLIMAT)<
Entry # 13  >0<  >30<  >Spherics locations (SFLOC)<
Entry # 14  >0<  >40<  >Hydrologic reports<
Entry # 15  >0<  >50<  >Hourly synoptic observations with supplementary one-hour data<
Entry # 16  >0<  >51<  >Intermediate synoptic observations with supplementary one-hour data<
Entry # 17  >0<  >52<  >Main synoptic observations with supplementary one-hour data<
Entry # 18  >1<  >0<  >Synoptic observations (SHIP)<
Entry # 19  >1<  >6<  >One-hour observations from automated stations<
Entry # 20  >1<  >7<  >n-minute observations from AWS stations<
Entry # 21  >1<  >20<  >Climatological observations (CLIMAT SHIP)<
Entry # 22  >1<  >25<  >Buoy observation (BUOY)<
Entry # 23  >1<  >30<  >Tide gauge<
Entry # 24  >1<  >31<  >Observed water level time series<
Entry # 25  >2<  >1<  >Upper-wind reports from fixed-land stations (PILOT)<
Entry # 26  >2<  >2<  >Upper-wind reports from ships (PILOT SHIP)<
Entry # 27  >2<  >3<  >Upper-wind reports from mobile-land stations (PILOT MOBIL)<
Entry # 28  >2<  >4<  >Upper-level temperature/humidity/wind reports from fixed-land stations (TEMP)<
Entry # 29  >2<  >5<  >Upper-level temperature/humidity/wind reports from ships (TEMP SHIP)<
Entry # 30  >2<  >6<  >Upper-level temperature/humidity/wind report from mobile-land stations (TEMPMOBIL)<
Entry # 31  >2<  >7<  >Upper-level temperature/humidity/wind reports from dropwinsondes (TEMP DROP)<
Entry # 32  >2<  >10<  >Wind profiler reports<
Entry # 33  >2<  >11<  >RASS temperature profiles<
Entry # 34  >2<  >20<  >ASDAR/ACARS profiles (AMDAR)<
Entry # 35  >2<  >25<  >Climatological observations from fixed-land stations (CLIMAT TEMP)<
Entry # 36  >2<  >26<  >Climatological observations from ships (CLIMAT TEMP SHIP)<
Entry # 37  >3<  >0<  >Temperature (SATEM)<
Entry # 38  >3<  >1<  >TIROS (TOVS)<
Entry # 39  >3<  >2<  >ATOVS<
Entry # 40  >3<  >3<  >AMSU-A<
Entry # 41  >3<  >4<  >AMSU-B<
Entry # 42  >3<  >5<  >HIRS<
Entry # 43  >3<  >6<  >MHS<
Entry # 44  >3<  >7<  >IASI<
Entry # 45  >3<  >20<  >IR temperature/humidity sounding<
Entry # 46  >3<  >30<  >Hyperspectral temperature/humidity sounding<
Entry # 47  >3<  >40<  >MW temperature/humidity sounding<
Entry # 48  >3<  >50<  >Radio occultation sounding<
Entry # 49  >4<  >0<  >ASDAR/ACARS (AMDAR)<
Entry # 50  >4<  >1<  >Manual (AIREP, PIREP)<
Entry # 51  >5<  >0<  >Cloud wind data (SATOB)<
Entry # 52  >6<  >0<  >Reflectivity data<
Entry # 53  >6<  >1<  >Doppler wind profiles<
Entry # 54  >6<  >2<  >Derived products<
Entry # 55  >6<  >3<  >Ground radar weather (RADOB)<
Entry # 56  >7<  >0<  >Forecast Tropical cyclone tracks from EPS<
Entry # 57  >7<  >1<  >Squall Line<
Entry # 58  >8<  >0<  >Ozone measurement at surface<
Entry # 59  >8<  >1<  >Ozone vertical sounding<
Entry # 60  >9<  >0<  >Trajectories, analysis or forecast<
Entry # 61  >10<  >1<  >Observation (RADREP)<
Entry # 62  >10<  >2<  >Forecast (RADOF)<
Entry # 63  >12<  >0<  >ERS-uwa<
Entry # 64  >12<  >1<  >ERS-uwi<
Entry # 65  >12<  >2<  >ERS-ura<
Entry # 66  >12<  >3<  >ERS-uat<
Entry # 67  >12<  >4<  >SSM/I radiometer<
Entry # 68  >12<  >5<  >Quickscat<
Entry # 69  >12<  >6<  >Surface temp./radiation (SATOB)<
Entry # 70  >12<  >7<  >SCAT data<
Entry # 71  >21<  >0<  >Earth radiation budget<
Entry # 72  >21<  >5<  >Cross-track infrared sounder<
Entry # 73  >22<  >0<  >Cloud and precipitation radar<
Entry # 74  >22<  >1<  >Synthetic Aperture Radar<
Entry # 75  >23<  >0<  >Lidar based missions (for wind, for cloud/aerosol, for water vapour, for altimetry)<
Entry # 76  >24<  >0<  >Wind scatterometry<
Entry # 77  >25<  >0<  >Radar altimetry<
Entry # 78  >26<  >0<  >Cross nadir shortwave spectrometry (for chemistry)<
Entry # 79  >26<  >1<  >Cross nadir IR spectrometry (for chemistry)<
Entry # 80  >26<  >2<  >Limb sounding shortwave spectrometry<
Entry # 81  >26<  >3<  >Limb sounding IR spectrometry<
Entry # 82  >26<  >4<  >Limb sounding sub-millimetre wave spectrometry<
Entry # 87  >31<  >0<  >Surface observation<
Entry # 88  >31<  >1<  >Surface observation along track (TRACKOB)<
Entry # 89  >31<  >2<  >Spectral wave observation (WAVEOB)<
Entry # 90  >31<  >3<  >Bathythermal observation (BATHY)<
Entry # 91  >31<  >4<  >Sub-surface floats (profile)<
Entry # 92  >31<  >5<  >XBT/XCTD profiles (TESAC)<
Entry # 93  >31<  >6<  >Waves reports<
Entry # 94  >31<  >7<  >Tsunameter data<
Entry # 95  >101<  >0<  >Multi-purpose VIS/IR imagery<
Entry # 96  >101<  >1<  >Conical scanning MW imagery (intermediate frequencies)<
Entry # 97  >101<  >2<  >Low frequency MW imagery<
Entry # 98  >101<  >3<  >Ocean colour imagery<
Entry # 99  >101<  >4<  >Imagery with special viewing geometry<
Entry #100  >101<  >5<  >Lightning imagery<
Entry #101  >101<  >6<  >High resolution shortwave imagery for land observation<
Entry #102  >101<  >7<  >SMOS data<
INSERT INTO CODETABLE_ENTRIES (Value, Meaning) VALUES(0, 'Hourly synoptic observations from fixed-land stations (SYNOP)')
INSERT INTO A_TO_CT_RELATIONSHIPS (A_EntryNumber, CodeTable_EntryNumber) VALUES(1, 4721)
INSERT INTO A_TO_CT_RELATIONSHIPS (A_EntryNumber, CodeTable_EntryNumber) VALUES(20, 4721)
INSERT INTO A_TO_CT_RELATIONSHIPS (A_EntryNumber, CodeTable_EntryNumber) VALUES(48, 4721)
INSERT INTO CODETABLE_ENTRIES (Value, Meaning) VALUES(1, 'Intermediate synoptic observations from fixed-land stations (SYNOP)')
INSERT INTO A_TO_CT_RELATIONSHIPS (A_EntryNumber, CodeTable_EntryNumber) VALUES(1, 4722)
INSERT INTO A_TO_CT_RELATIONSHIPS (A_EntryNumber, CodeTable_EntryNumber) VALUES(20, 4722)
INSERT INTO A_TO_CT_RELATIONSHIPS (A_EntryNumber, CodeTable_EntryNumber) VALUES(48, 4722)
INSERT INTO CODETABLE_ENTRIES (Value, Meaning) VALUES(2, 'Main synoptic observations from fixed-land stations (SYNOP)')
INSERT INTO A_TO_CT_RELATIONSHIPS (A_EntryNumber, CodeTable_EntryNumber) VALUES(1, 4723)
INSERT INTO A_TO_CT_RELATIONSHIPS (A_EntryNumber, CodeTable_EntryNumber) VALUES(20, 4723)
INSERT INTO A_TO_CT_RELATIONSHIPS (A_EntryNumber, CodeTable_EntryNumber) VALUES(48, 4723)
INSERT INTO CODETABLE_ENTRIES (Value, Meaning) VALUES(3, 'Hourly synoptic observations from mobile-land stations (SYNOP MOBIL)')
INSERT INTO A_TO_CT_RELATIONSHIPS (A_EntryNumber, CodeTable_EntryNumber) VALUES(1, 4724)
INSERT INTO A_TO_CT_RELATIONSHIPS (A_EntryNumber, CodeTable_EntryNumber) VALUES(20, 4724)
INSERT INTO A_TO_CT_RELATIONSHIPS (A_EntryNumber, CodeTable_EntryNumber) VALUES(48, 4724)
INSERT INTO CODETABLE_ENTRIES (Value, Meaning) VALUES(4, 'Intermediate synoptic observations from mobile-land stations (SYNOP MOBIL)')
INSERT INTO A_TO_CT_RELATIONSHIPS (A_EntryNumber, CodeTable_EntryNumber) VALUES(1, 4725)
INSERT INTO A_TO_CT_RELATIONSHIPS (A_EntryNumber, CodeTable_EntryNumber) VALUES(20, 4725)
INSERT INTO A_TO_CT_RELATIONSHIPS (A_EntryNumber, CodeTable_EntryNumber) VALUES(48, 4725)
INSERT INTO CODETABLE_ENTRIES (Value, Meaning) VALUES(5, 'Main synoptic observations from mobile land stations (SYNOP MOBIL)')
INSERT INTO A_TO_CT_RELATIONSHIPS (A_EntryNumber, CodeTable_EntryNumber) VALUES(1, 4726)
INSERT INTO A_TO_CT_RELATIONSHIPS (A_EntryNumber, CodeTable_EntryNumber) VALUES(20, 4726)
INSERT INTO A_TO_CT_RELATIONSHIPS (A_EntryNumber, CodeTable_EntryNumber) VALUES(48, 4726)
INSERT INTO CODETABLE_ENTRIES (Value, Meaning) VALUES(6, 'One-hour observations from automated stations')
INSERT INTO A_TO_CT_RELATIONSHIPS (A_EntryNumber, CodeTable_EntryNumber) VALUES(1, 4727)
INSERT INTO A_TO_CT_RELATIONSHIPS (A_EntryNumber, CodeTable_EntryNumber) VALUES(20, 4727)
INSERT INTO A_TO_CT_RELATIONSHIPS (A_EntryNumber, CodeTable_EntryNumber) VALUES(48, 4727)
INSERT INTO CODETABLE_ENTRIES (Value, Meaning) VALUES(7, 'n-minute observations from AWS stations')
INSERT INTO A_TO_CT_RELATIONSHIPS (A_EntryNumber, CodeTable_EntryNumber) VALUES(1, 4728)
INSERT INTO A_TO_CT_RELATIONSHIPS (A_EntryNumber, CodeTable_EntryNumber) VALUES(20, 4728)
INSERT INTO A_TO_CT_RELATIONSHIPS (A_EntryNumber, CodeTable_EntryNumber) VALUES(48, 4728)
INSERT INTO CODETABLE_ENTRIES (Value, Meaning) VALUES(10, 'Routine aeronautical observations (METAR)')
INSERT INTO A_TO_CT_RELATIONSHIPS (A_EntryNumber, CodeTable_EntryNumber) VALUES(1, 4729)
INSERT INTO A_TO_CT_RELATIONSHIPS (A_EntryNumber, CodeTable_EntryNumber) VALUES(20, 4729)
INSERT INTO A_TO_CT_RELATIONSHIPS (A_EntryNumber, CodeTable_EntryNumber) VALUES(48, 4729)
INSERT INTO CODETABLE_ENTRIES (Value, Meaning) VALUES(11, 'Special aeronautical observations (SPECI)')
INSERT INTO A_TO_CT_RELATIONSHIPS (A_EntryNumber, CodeTable_EntryNumber) VALUES(1, 4730)
INSERT INTO A_TO_CT_RELATIONSHIPS (A_EntryNumber, CodeTable_EntryNumber) VALUES(20, 4730)
INSERT INTO A_TO_CT_RELATIONSHIPS (A_EntryNumber, CodeTable_EntryNumber) VALUES(48, 4730)
INSERT INTO CODETABLE_ENTRIES (Value, Meaning) VALUES(14, 'Ground-based GPS humidity observations (GPSIWV)')
INSERT INTO A_TO_CT_RELATIONSHIPS (A_EntryNumber, CodeTable_EntryNumber) VALUES(1, 4731)
INSERT INTO A_TO_CT_RELATIONSHIPS (A_EntryNumber, CodeTable_EntryNumber) VALUES(20, 4731)
INSERT INTO A_TO_CT_RELATIONSHIPS (A_EntryNumber, CodeTable_EntryNumber) VALUES(48, 4731)
INSERT INTO CODETABLE_ENTRIES (Value, Meaning) VALUES(20, 'Climatological observations (CLIMAT)')
INSERT INTO A_TO_CT_RELATIONSHIPS (A_EntryNumber, CodeTable_EntryNumber) VALUES(1, 4732)
INSERT INTO A_TO_CT_RELATIONSHIPS (A_EntryNumber, CodeTable_EntryNumber) VALUES(20, 4732)
INSERT INTO A_TO_CT_RELATIONSHIPS (A_EntryNumber, CodeTable_EntryNumber) VALUES(48, 4732)
INSERT INTO CODETABLE_ENTRIES (Value, Meaning) VALUES(30, 'Spherics locations (SFLOC)')
INSERT INTO A_TO_CT_RELATIONSHIPS (A_EntryNumber, CodeTable_EntryNumber) VALUES(1, 4733)
INSERT INTO A_TO_CT_RELATIONSHIPS (A_EntryNumber, CodeTable_EntryNumber) VALUES(20, 4733)
INSERT INTO A_TO_CT_RELATIONSHIPS (A_EntryNumber, CodeTable_EntryNumber) VALUES(48, 4733)
INSERT INTO CODETABLE_ENTRIES (Value, Meaning) VALUES(40, 'Hydrologic reports')
INSERT INTO A_TO_CT_RELATIONSHIPS (A_EntryNumber, CodeTable_EntryNumber) VALUES(1, 4734)
INSERT INTO A_TO_CT_RELATIONSHIPS (A_EntryNumber, CodeTable_EntryNumber) VALUES(20, 4734)
INSERT INTO A_TO_CT_RELATIONSHIPS (A_EntryNumber, CodeTable_EntryNumber) VALUES(48, 4734)
INSERT INTO CODETABLE_ENTRIES (Value, Meaning) VALUES(50, 'Hourly synoptic observations with supplementary one-hour data')
INSERT INTO A_TO_CT_RELATIONSHIPS (A_EntryNumber, CodeTable_EntryNumber) VALUES(1, 4735)
INSERT INTO A_TO_CT_RELATIONSHIPS (A_EntryNumber, CodeTable_EntryNumber) VALUES(20, 4735)
INSERT INTO A_TO_CT_RELATIONSHIPS (A_EntryNumber, CodeTable_EntryNumber) VALUES(48, 4735)
INSERT INTO CODETABLE_ENTRIES (Value, Meaning) VALUES(51, 'Intermediate synoptic observations with supplementary one-hour data')
INSERT INTO A_TO_CT_RELATIONSHIPS (A_EntryNumber, CodeTable_EntryNumber) VALUES(1, 4736)
INSERT INTO A_TO_CT_RELATIONSHIPS (A_EntryNumber, CodeTable_EntryNumber) VALUES(20, 4736)
INSERT INTO A_TO_CT_RELATIONSHIPS (A_EntryNumber, CodeTable_EntryNumber) VALUES(48, 4736)
INSERT INTO CODETABLE_ENTRIES (Value, Meaning) VALUES(52, 'Main synoptic observations with supplementary one-hour data')
INSERT INTO A_TO_CT_RELATIONSHIPS (A_EntryNumber, CodeTable_EntryNumber) VALUES(1, 4737)
INSERT INTO A_TO_CT_RELATIONSHIPS (A_EntryNumber, CodeTable_EntryNumber) VALUES(20, 4737)
INSERT INTO A_TO_CT_RELATIONSHIPS (A_EntryNumber, CodeTable_EntryNumber) VALUES(48, 4737)
INSERT INTO CODETABLE_ENTRIES (Value, Meaning) VALUES(0, 'Synoptic observations (SHIP)')
INSERT INTO A_TO_CT_RELATIONSHIPS (A_EntryNumber, CodeTable_EntryNumber) VALUES(2, 4738)
INSERT INTO A_TO_CT_RELATIONSHIPS (A_EntryNumber, CodeTable_EntryNumber) VALUES(21, 4738)
INSERT INTO A_TO_CT_RELATIONSHIPS (A_EntryNumber, CodeTable_EntryNumber) VALUES(49, 4738)
INSERT INTO CODETABLE_ENTRIES (Value, Meaning) VALUES(6, 'One-hour observations from automated stations')
INSERT INTO A_TO_CT_RELATIONSHIPS (A_EntryNumber, CodeTable_EntryNumber) VALUES(2, 4739)
INSERT INTO A_TO_CT_RELATIONSHIPS (A_EntryNumber, CodeTable_EntryNumber) VALUES(21, 4739)
INSERT INTO A_TO_CT_RELATIONSHIPS (A_EntryNumber, CodeTable_EntryNumber) VALUES(49, 4739)
INSERT INTO CODETABLE_ENTRIES (Value, Meaning) VALUES(7, 'n-minute observations from AWS stations')
INSERT INTO A_TO_CT_RELATIONSHIPS (A_EntryNumber, CodeTable_EntryNumber) VALUES(2, 4740)
INSERT INTO A_TO_CT_RELATIONSHIPS (A_EntryNumber, CodeTable_EntryNumber) VALUES(21, 4740)
INSERT INTO A_TO_CT_RELATIONSHIPS (A_EntryNumber, CodeTable_EntryNumber) VALUES(49, 4740)
INSERT INTO CODETABLE_ENTRIES (Value, Meaning) VALUES(20, 'Climatological observations (CLIMAT SHIP)')
INSERT INTO A_TO_CT_RELATIONSHIPS (A_EntryNumber, CodeTable_EntryNumber) VALUES(2, 4741)
INSERT INTO A_TO_CT_RELATIONSHIPS (A_EntryNumber, CodeTable_EntryNumber) VALUES(21, 4741)
INSERT INTO A_TO_CT_RELATIONSHIPS (A_EntryNumber, CodeTable_EntryNumber) VALUES(49, 4741)
INSERT INTO CODETABLE_ENTRIES (Value, Meaning) VALUES(25, 'Buoy observation (BUOY)')
INSERT INTO A_TO_CT_RELATIONSHIPS (A_EntryNumber, CodeTable_EntryNumber) VALUES(2, 4742)
INSERT INTO A_TO_CT_RELATIONSHIPS (A_EntryNumber, CodeTable_EntryNumber) VALUES(21, 4742)
INSERT INTO A_TO_CT_RELATIONSHIPS (A_EntryNumber, CodeTable_EntryNumber) VALUES(49, 4742)
INSERT INTO CODETABLE_ENTRIES (Value, Meaning) VALUES(30, 'Tide gauge')
INSERT INTO A_TO_CT_RELATIONSHIPS (A_EntryNumber, CodeTable_EntryNumber) VALUES(2, 4743)
INSERT INTO A_TO_CT_RELATIONSHIPS (A_EntryNumber, CodeTable_EntryNumber) VALUES(21, 4743)
INSERT INTO A_TO_CT_RELATIONSHIPS (A_EntryNumber, CodeTable_EntryNumber) VALUES(49, 4743)
INSERT INTO CODETABLE_ENTRIES (Value, Meaning) VALUES(31, 'Observed water level time series')
INSERT INTO A_TO_CT_RELATIONSHIPS (A_EntryNumber, CodeTable_EntryNumber) VALUES(2, 4744)
INSERT INTO A_TO_CT_RELATIONSHIPS (A_EntryNumber, CodeTable_EntryNumber) VALUES(21, 4744)
INSERT INTO A_TO_CT_RELATIONSHIPS (A_EntryNumber, CodeTable_EntryNumber) VALUES(49, 4744)
INSERT INTO CODETABLE_ENTRIES (Value, Meaning) VALUES(1, 'Upper-wind reports from fixed-land stations (PILOT)')
INSERT INTO A_TO_CT_RELATIONSHIPS (A_EntryNumber, CodeTable_EntryNumber) VALUES(3, 4745)
INSERT INTO A_TO_CT_RELATIONSHIPS (A_EntryNumber, CodeTable_EntryNumber) VALUES(22, 4745)
INSERT INTO A_TO_CT_RELATIONSHIPS (A_EntryNumber, CodeTable_EntryNumber) VALUES(50, 4745)
INSERT INTO CODETABLE_ENTRIES (Value, Meaning) VALUES(2, 'Upper-wind reports from ships (PILOT SHIP)')
INSERT INTO A_TO_CT_RELATIONSHIPS (A_EntryNumber, CodeTable_EntryNumber) VALUES(3, 4746)
INSERT INTO A_TO_CT_RELATIONSHIPS (A_EntryNumber, CodeTable_EntryNumber) VALUES(22, 4746)
INSERT INTO A_TO_CT_RELATIONSHIPS (A_EntryNumber, CodeTable_EntryNumber) VALUES(50, 4746)
INSERT INTO CODETABLE_ENTRIES (Value, Meaning) VALUES(3, 'Upper-wind reports from mobile-land stations (PILOT MOBIL)')
INSERT INTO A_TO_CT_RELATIONSHIPS (A_EntryNumber, CodeTable_EntryNumber) VALUES(3, 4747)
INSERT INTO A_TO_CT_RELATIONSHIPS (A_EntryNumber, CodeTable_EntryNumber) VALUES(22, 4747)
INSERT INTO A_TO_CT_RELATIONSHIPS (A_EntryNumber, CodeTable_EntryNumber) VALUES(50, 4747)
INSERT INTO CODETABLE_ENTRIES (Value, Meaning) VALUES(4, 'Upper-level temperature/humidity/wind reports from fixed-land stations (TEMP)')
INSERT INTO A_TO_CT_RELATIONSHIPS (A_EntryNumber, CodeTable_EntryNumber) VALUES(3, 4748)
INSERT INTO A_TO_CT_RELATIONSHIPS (A_EntryNumber, CodeTable_EntryNumber) VALUES(22, 4748)
INSERT INTO A_TO_CT_RELATIONSHIPS (A_EntryNumber, CodeTable_EntryNumber) VALUES(50, 4748)
INSERT INTO CODETABLE_ENTRIES (Value, Meaning) VALUES(5, 'Upper-level temperature/humidity/wind reports from ships (TEMP SHIP)')
INSERT INTO A_TO_CT_RELATIONSHIPS (A_EntryNumber, CodeTable_EntryNumber) VALUES(3, 4749)
INSERT INTO A_TO_CT_RELATIONSHIPS (A_EntryNumber, CodeTable_EntryNumber) VALUES(22, 4749)
INSERT INTO A_TO_CT_RELATIONSHIPS (A_EntryNumber, CodeTable_EntryNumber) VALUES(50, 4749)
INSERT INTO CODETABLE_ENTRIES (Value, Meaning) VALUES(6, 'Upper-level temperature/humidity/wind report from mobile-land stations (TEMPMOBIL)')
INSERT INTO A_TO_CT_RELATIONSHIPS (A_EntryNumber, CodeTable_EntryNumber) VALUES(3, 4750)
INSERT INTO A_TO_CT_RELATIONSHIPS (A_EntryNumber, CodeTable_EntryNumber) VALUES(22, 4750)
INSERT INTO A_TO_CT_RELATIONSHIPS (A_EntryNumber, CodeTable_EntryNumber) VALUES(50, 4750)
INSERT INTO CODETABLE_ENTRIES (Value, Meaning) VALUES(7, 'Upper-level temperature/humidity/wind reports from dropwinsondes (TEMP DROP)')
INSERT INTO A_TO_CT_RELATIONSHIPS (A_EntryNumber, CodeTable_EntryNumber) VALUES(3, 4751)
INSERT INTO A_TO_CT_RELATIONSHIPS (A_EntryNumber, CodeTable_EntryNumber) VALUES(22, 4751)
INSERT INTO A_TO_CT_RELATIONSHIPS (A_EntryNumber, CodeTable_EntryNumber) VALUES(50, 4751)
INSERT INTO CODETABLE_ENTRIES (Value, Meaning) VALUES(10, 'Wind profiler reports')
INSERT INTO A_TO_CT_RELATIONSHIPS (A_EntryNumber, CodeTable_EntryNumber) VALUES(3, 4752)
INSERT INTO A_TO_CT_RELATIONSHIPS (A_EntryNumber, CodeTable_EntryNumber) VALUES(22, 4752)
INSERT INTO A_TO_CT_RELATIONSHIPS (A_EntryNumber, CodeTable_EntryNumber) VALUES(50, 4752)
INSERT INTO CODETABLE_ENTRIES (Value, Meaning) VALUES(11, 'RASS temperature profiles')
INSERT INTO A_TO_CT_RELATIONSHIPS (A_EntryNumber, CodeTable_EntryNumber) VALUES(3, 4753)
INSERT INTO A_TO_CT_RELATIONSHIPS (A_EntryNumber, CodeTable_EntryNumber) VALUES(22, 4753)
INSERT INTO A_TO_CT_RELATIONSHIPS (A_EntryNumber, CodeTable_EntryNumber) VALUES(50, 4753)
INSERT INTO CODETABLE_ENTRIES (Value, Meaning) VALUES(20, 'ASDAR/ACARS profiles (AMDAR)')
INSERT INTO A_TO_CT_RELATIONSHIPS (A_EntryNumber, CodeTable_EntryNumber) VALUES(3, 4754)
INSERT INTO A_TO_CT_RELATIONSHIPS (A_EntryNumber, CodeTable_EntryNumber) VALUES(22, 4754)
INSERT INTO A_TO_CT_RELATIONSHIPS (A_EntryNumber, CodeTable_EntryNumber) VALUES(50, 4754)
INSERT INTO CODETABLE_ENTRIES (Value, Meaning) VALUES(25, 'Climatological observations from fixed-land stations (CLIMAT TEMP)')
INSERT INTO A_TO_CT_RELATIONSHIPS (A_EntryNumber, CodeTable_EntryNumber) VALUES(3, 4755)
INSERT INTO A_TO_CT_RELATIONSHIPS (A_EntryNumber, CodeTable_EntryNumber) VALUES(22, 4755)
INSERT INTO A_TO_CT_RELATIONSHIPS (A_EntryNumber, CodeTable_EntryNumber) VALUES(50, 4755)
INSERT INTO CODETABLE_ENTRIES (Value, Meaning) VALUES(26, 'Climatological observations from ships (CLIMAT TEMP SHIP)')
INSERT INTO A_TO_CT_RELATIONSHIPS (A_EntryNumber, CodeTable_EntryNumber) VALUES(3, 4756)
INSERT INTO A_TO_CT_RELATIONSHIPS (A_EntryNumber, CodeTable_EntryNumber) VALUES(22, 4756)
INSERT INTO A_TO_CT_RELATIONSHIPS (A_EntryNumber, CodeTable_EntryNumber) VALUES(50, 4756)
INSERT INTO CODETABLE_ENTRIES (Value, Meaning) VALUES(0, 'Temperature (SATEM)')
INSERT INTO A_TO_CT_RELATIONSHIPS (A_EntryNumber, CodeTable_EntryNumber) VALUES(4, 4757)
INSERT INTO A_TO_CT_RELATIONSHIPS (A_EntryNumber, CodeTable_EntryNumber) VALUES(23, 4757)
INSERT INTO A_TO_CT_RELATIONSHIPS (A_EntryNumber, CodeTable_EntryNumber) VALUES(51, 4757)
INSERT INTO CODETABLE_ENTRIES (Value, Meaning) VALUES(1, 'TIROS (TOVS)')
INSERT INTO A_TO_CT_RELATIONSHIPS (A_EntryNumber, CodeTable_EntryNumber) VALUES(4, 4758)
INSERT INTO A_TO_CT_RELATIONSHIPS (A_EntryNumber, CodeTable_EntryNumber) VALUES(23, 4758)
INSERT INTO A_TO_CT_RELATIONSHIPS (A_EntryNumber, CodeTable_EntryNumber) VALUES(51, 4758)
INSERT INTO CODETABLE_ENTRIES (Value, Meaning) VALUES(2, 'ATOVS')
INSERT INTO A_TO_CT_RELATIONSHIPS (A_EntryNumber, CodeTable_EntryNumber) VALUES(4, 4759)
INSERT INTO A_TO_CT_RELATIONSHIPS (A_EntryNumber, CodeTable_EntryNumber) VALUES(23, 4759)
INSERT INTO A_TO_CT_RELATIONSHIPS (A_EntryNumber, CodeTable_EntryNumber) VALUES(51, 4759)
INSERT INTO CODETABLE_ENTRIES (Value, Meaning) VALUES(3, 'AMSU-A')
INSERT INTO A_TO_CT_RELATIONSHIPS (A_EntryNumber, CodeTable_EntryNumber) VALUES(4, 4760)
INSERT INTO A_TO_CT_RELATIONSHIPS (A_EntryNumber, CodeTable_EntryNumber) VALUES(23, 4760)
INSERT INTO A_TO_CT_RELATIONSHIPS (A_EntryNumber, CodeTable_EntryNumber) VALUES(51, 4760)
INSERT INTO CODETABLE_ENTRIES (Value, Meaning) VALUES(4, 'AMSU-B')
INSERT INTO A_TO_CT_RELATIONSHIPS (A_EntryNumber, CodeTable_EntryNumber) VALUES(4, 4761)
INSERT INTO A_TO_CT_RELATIONSHIPS (A_EntryNumber, CodeTable_EntryNumber) VALUES(23, 4761)
INSERT INTO A_TO_CT_RELATIONSHIPS (A_EntryNumber, CodeTable_EntryNumber) VALUES(51, 4761)
INSERT INTO CODETABLE_ENTRIES (Value, Meaning) VALUES(5, 'HIRS')
INSERT INTO A_TO_CT_RELATIONSHIPS (A_EntryNumber, CodeTable_EntryNumber) VALUES(4, 4762)
INSERT INTO A_TO_CT_RELATIONSHIPS (A_EntryNumber, CodeTable_EntryNumber) VALUES(23, 4762)
INSERT INTO A_TO_CT_RELATIONSHIPS (A_EntryNumber, CodeTable_EntryNumber) VALUES(51, 4762)
INSERT INTO CODETABLE_ENTRIES (Value, Meaning) VALUES(6, 'MHS')
INSERT INTO A_TO_CT_RELATIONSHIPS (A_EntryNumber, CodeTable_EntryNumber) VALUES(4, 4763)
INSERT INTO A_TO_CT_RELATIONSHIPS (A_EntryNumber, CodeTable_EntryNumber) VALUES(23, 4763)
INSERT INTO A_TO_CT_RELATIONSHIPS (A_EntryNumber, CodeTable_EntryNumber) VALUES(51, 4763)
INSERT INTO CODETABLE_ENTRIES (Value, Meaning) VALUES(7, 'IASI')
INSERT INTO A_TO_CT_RELATIONSHIPS (A_EntryNumber, CodeTable_EntryNumber) VALUES(4, 4764)
INSERT INTO A_TO_CT_RELATIONSHIPS (A_EntryNumber, CodeTable_EntryNumber) VALUES(23, 4764)
INSERT INTO A_TO_CT_RELATIONSHIPS (A_EntryNumber, CodeTable_EntryNumber) VALUES(51, 4764)
INSERT INTO CODETABLE_ENTRIES (Value, Meaning) VALUES(20, 'IR temperature/humidity sounding')
INSERT INTO A_TO_CT_RELATIONSHIPS (A_EntryNumber, CodeTable_EntryNumber) VALUES(4, 4765)
INSERT INTO A_TO_CT_RELATIONSHIPS (A_EntryNumber, CodeTable_EntryNumber) VALUES(23, 4765)
INSERT INTO A_TO_CT_RELATIONSHIPS (A_EntryNumber, CodeTable_EntryNumber) VALUES(51, 4765)
INSERT INTO CODETABLE_ENTRIES (Value, Meaning) VALUES(30, 'Hyperspectral temperature/humidity sounding')
INSERT INTO A_TO_CT_RELATIONSHIPS (A_EntryNumber, CodeTable_EntryNumber) VALUES(4, 4766)
INSERT INTO A_TO_CT_RELATIONSHIPS (A_EntryNumber, CodeTable_EntryNumber) VALUES(23, 4766)
INSERT INTO A_TO_CT_RELATIONSHIPS (A_EntryNumber, CodeTable_EntryNumber) VALUES(51, 4766)
INSERT INTO CODETABLE_ENTRIES (Value, Meaning) VALUES(40, 'MW temperature/humidity sounding')
INSERT INTO A_TO_CT_RELATIONSHIPS (A_EntryNumber, CodeTable_EntryNumber) VALUES(4, 4767)
INSERT INTO A_TO_CT_RELATIONSHIPS (A_EntryNumber, CodeTable_EntryNumber) VALUES(23, 4767)
INSERT INTO A_TO_CT_RELATIONSHIPS (A_EntryNumber, CodeTable_EntryNumber) VALUES(51, 4767)
INSERT INTO CODETABLE_ENTRIES (Value, Meaning) VALUES(50, 'Radio occultation sounding')
INSERT INTO A_TO_CT_RELATIONSHIPS (A_EntryNumber, CodeTable_EntryNumber) VALUES(4, 4768)
INSERT INTO A_TO_CT_RELATIONSHIPS (A_EntryNumber, CodeTable_EntryNumber) VALUES(23, 4768)
INSERT INTO A_TO_CT_RELATIONSHIPS (A_EntryNumber, CodeTable_EntryNumber) VALUES(51, 4768)
INSERT INTO CODETABLE_ENTRIES (Value, Meaning) VALUES(0, 'ASDAR/ACARS (AMDAR)')
INSERT INTO A_TO_CT_RELATIONSHIPS (A_EntryNumber, CodeTable_EntryNumber) VALUES(5, 4769)
INSERT INTO A_TO_CT_RELATIONSHIPS (A_EntryNumber, CodeTable_EntryNumber) VALUES(24, 4769)
INSERT INTO A_TO_CT_RELATIONSHIPS (A_EntryNumber, CodeTable_EntryNumber) VALUES(52, 4769)
INSERT INTO CODETABLE_ENTRIES (Value, Meaning) VALUES(1, 'Manual (AIREP, PIREP)')
INSERT INTO A_TO_CT_RELATIONSHIPS (A_EntryNumber, CodeTable_EntryNumber) VALUES(5, 4770)
INSERT INTO A_TO_CT_RELATIONSHIPS (A_EntryNumber, CodeTable_EntryNumber) VALUES(24, 4770)
INSERT INTO A_TO_CT_RELATIONSHIPS (A_EntryNumber, CodeTable_EntryNumber) VALUES(52, 4770)
INSERT INTO CODETABLE_ENTRIES (Value, Meaning) VALUES(0, 'Cloud wind data (SATOB)')
INSERT INTO A_TO_CT_RELATIONSHIPS (A_EntryNumber, CodeTable_EntryNumber) VALUES(6, 4771)
INSERT INTO A_TO_CT_RELATIONSHIPS (A_EntryNumber, CodeTable_EntryNumber) VALUES(25, 4771)
INSERT INTO A_TO_CT_RELATIONSHIPS (A_EntryNumber, CodeTable_EntryNumber) VALUES(53, 4771)
INSERT INTO CODETABLE_ENTRIES (Value, Meaning) VALUES(0, 'Reflectivity data')
INSERT INTO A_TO_CT_RELATIONSHIPS (A_EntryNumber, CodeTable_EntryNumber) VALUES(7, 4772)
INSERT INTO A_TO_CT_RELATIONSHIPS (A_EntryNumber, CodeTable_EntryNumber) VALUES(26, 4772)
INSERT INTO A_TO_CT_RELATIONSHIPS (A_EntryNumber, CodeTable_EntryNumber) VALUES(54, 4772)
INSERT INTO CODETABLE_ENTRIES (Value, Meaning) VALUES(1, 'Doppler wind profiles')
INSERT INTO A_TO_CT_RELATIONSHIPS (A_EntryNumber, CodeTable_EntryNumber) VALUES(7, 4773)
INSERT INTO A_TO_CT_RELATIONSHIPS (A_EntryNumber, CodeTable_EntryNumber) VALUES(26, 4773)
INSERT INTO A_TO_CT_RELATIONSHIPS (A_EntryNumber, CodeTable_EntryNumber) VALUES(54, 4773)
INSERT INTO CODETABLE_ENTRIES (Value, Meaning) VALUES(2, 'Derived products')
INSERT INTO A_TO_CT_RELATIONSHIPS (A_EntryNumber, CodeTable_EntryNumber) VALUES(7, 4774)
INSERT INTO A_TO_CT_RELATIONSHIPS (A_EntryNumber, CodeTable_EntryNumber) VALUES(26, 4774)
INSERT INTO A_TO_CT_RELATIONSHIPS (A_EntryNumber, CodeTable_EntryNumber) VALUES(54, 4774)
INSERT INTO CODETABLE_ENTRIES (Value, Meaning) VALUES(3, 'Ground radar weather (RADOB)')
INSERT INTO A_TO_CT_RELATIONSHIPS (A_EntryNumber, CodeTable_EntryNumber) VALUES(7, 4775)
INSERT INTO A_TO_CT_RELATIONSHIPS (A_EntryNumber, CodeTable_EntryNumber) VALUES(26, 4775)
INSERT INTO A_TO_CT_RELATIONSHIPS (A_EntryNumber, CodeTable_EntryNumber) VALUES(54, 4775)
INSERT INTO CODETABLE_ENTRIES (Value, Meaning) VALUES(0, 'Forecast Tropical cyclone tracks from EPS')
INSERT INTO A_TO_CT_RELATIONSHIPS (A_EntryNumber, CodeTable_EntryNumber) VALUES(8, 4776)
INSERT INTO A_TO_CT_RELATIONSHIPS (A_EntryNumber, CodeTable_EntryNumber) VALUES(27, 4776)
INSERT INTO A_TO_CT_RELATIONSHIPS (A_EntryNumber, CodeTable_EntryNumber) VALUES(55, 4776)
INSERT INTO CODETABLE_ENTRIES (Value, Meaning) VALUES(1, 'Squall Line')
INSERT INTO A_TO_CT_RELATIONSHIPS (A_EntryNumber, CodeTable_EntryNumber) VALUES(8, 4777)
INSERT INTO A_TO_CT_RELATIONSHIPS (A_EntryNumber, CodeTable_EntryNumber) VALUES(27, 4777)
INSERT INTO A_TO_CT_RELATIONSHIPS (A_EntryNumber, CodeTable_EntryNumber) VALUES(55, 4777)
INSERT INTO CODETABLE_ENTRIES (Value, Meaning) VALUES(0, 'Ozone measurement at surface')
INSERT INTO A_TO_CT_RELATIONSHIPS (A_EntryNumber, CodeTable_EntryNumber) VALUES(9, 4778)
INSERT INTO A_TO_CT_RELATIONSHIPS (A_EntryNumber, CodeTable_EntryNumber) VALUES(28, 4778)
INSERT INTO A_TO_CT_RELATIONSHIPS (A_EntryNumber, CodeTable_EntryNumber) VALUES(56, 4778)
INSERT INTO CODETABLE_ENTRIES (Value, Meaning) VALUES(1, 'Ozone vertical sounding')
INSERT INTO A_TO_CT_RELATIONSHIPS (A_EntryNumber, CodeTable_EntryNumber) VALUES(9, 4779)
INSERT INTO A_TO_CT_RELATIONSHIPS (A_EntryNumber, CodeTable_EntryNumber) VALUES(28, 4779)
INSERT INTO A_TO_CT_RELATIONSHIPS (A_EntryNumber, CodeTable_EntryNumber) VALUES(56, 4779)
INSERT INTO CODETABLE_ENTRIES (Value, Meaning) VALUES(0, 'Trajectories, analysis or forecast')
INSERT INTO A_TO_CT_RELATIONSHIPS (A_EntryNumber, CodeTable_EntryNumber) VALUES(10, 4780)
INSERT INTO A_TO_CT_RELATIONSHIPS (A_EntryNumber, CodeTable_EntryNumber) VALUES(29, 4780)
INSERT INTO A_TO_CT_RELATIONSHIPS (A_EntryNumber, CodeTable_EntryNumber) VALUES(57, 4780)
INSERT INTO CODETABLE_ENTRIES (Value, Meaning) VALUES(1, 'Observation (RADREP)')
INSERT INTO A_TO_CT_RELATIONSHIPS (A_EntryNumber, CodeTable_EntryNumber) VALUES(11, 4781)
INSERT INTO A_TO_CT_RELATIONSHIPS (A_EntryNumber, CodeTable_EntryNumber) VALUES(30, 4781)
INSERT INTO A_TO_CT_RELATIONSHIPS (A_EntryNumber, CodeTable_EntryNumber) VALUES(58, 4781)
INSERT INTO CODETABLE_ENTRIES (Value, Meaning) VALUES(2, 'Forecast (RADOF)')
INSERT INTO A_TO_CT_RELATIONSHIPS (A_EntryNumber, CodeTable_EntryNumber) VALUES(11, 4782)
INSERT INTO A_TO_CT_RELATIONSHIPS (A_EntryNumber, CodeTable_EntryNumber) VALUES(30, 4782)
INSERT INTO A_TO_CT_RELATIONSHIPS (A_EntryNumber, CodeTable_EntryNumber) VALUES(58, 4782)
INSERT INTO CODETABLE_ENTRIES (Value, Meaning) VALUES(0, 'ERS-uwa')
INSERT INTO A_TO_CT_RELATIONSHIPS (A_EntryNumber, CodeTable_EntryNumber) VALUES(13, 4783)
INSERT INTO A_TO_CT_RELATIONSHIPS (A_EntryNumber, CodeTable_EntryNumber) VALUES(32, 4783)
INSERT INTO A_TO_CT_RELATIONSHIPS (A_EntryNumber, CodeTable_EntryNumber) VALUES(60, 4783)
INSERT INTO CODETABLE_ENTRIES (Value, Meaning) VALUES(1, 'ERS-uwi')
INSERT INTO A_TO_CT_RELATIONSHIPS (A_EntryNumber, CodeTable_EntryNumber) VALUES(13, 4784)
INSERT INTO A_TO_CT_RELATIONSHIPS (A_EntryNumber, CodeTable_EntryNumber) VALUES(32, 4784)
INSERT INTO A_TO_CT_RELATIONSHIPS (A_EntryNumber, CodeTable_EntryNumber) VALUES(60, 4784)
INSERT INTO CODETABLE_ENTRIES (Value, Meaning) VALUES(2, 'ERS-ura')
INSERT INTO A_TO_CT_RELATIONSHIPS (A_EntryNumber, CodeTable_EntryNumber) VALUES(13, 4785)
INSERT INTO A_TO_CT_RELATIONSHIPS (A_EntryNumber, CodeTable_EntryNumber) VALUES(32, 4785)
INSERT INTO A_TO_CT_RELATIONSHIPS (A_EntryNumber, CodeTable_EntryNumber) VALUES(60, 4785)
INSERT INTO CODETABLE_ENTRIES (Value, Meaning) VALUES(3, 'ERS-uat')
INSERT INTO A_TO_CT_RELATIONSHIPS (A_EntryNumber, CodeTable_EntryNumber) VALUES(13, 4786)
INSERT INTO A_TO_CT_RELATIONSHIPS (A_EntryNumber, CodeTable_EntryNumber) VALUES(32, 4786)
INSERT INTO A_TO_CT_RELATIONSHIPS (A_EntryNumber, CodeTable_EntryNumber) VALUES(60, 4786)
INSERT INTO CODETABLE_ENTRIES (Value, Meaning) VALUES(4, 'SSM/I radiometer')
INSERT INTO A_TO_CT_RELATIONSHIPS (A_EntryNumber, CodeTable_EntryNumber) VALUES(13, 4787)
INSERT INTO A_TO_CT_RELATIONSHIPS (A_EntryNumber, CodeTable_EntryNumber) VALUES(32, 4787)
INSERT INTO A_TO_CT_RELATIONSHIPS (A_EntryNumber, CodeTable_EntryNumber) VALUES(60, 4787)
INSERT INTO CODETABLE_ENTRIES (Value, Meaning) VALUES(5, 'Quickscat')
INSERT INTO A_TO_CT_RELATIONSHIPS (A_EntryNumber, CodeTable_EntryNumber) VALUES(13, 4788)
INSERT INTO A_TO_CT_RELATIONSHIPS (A_EntryNumber, CodeTable_EntryNumber) VALUES(32, 4788)
INSERT INTO A_TO_CT_RELATIONSHIPS (A_EntryNumber, CodeTable_EntryNumber) VALUES(60, 4788)
INSERT INTO CODETABLE_ENTRIES (Value, Meaning) VALUES(6, 'Surface temp./radiation (SATOB)')
INSERT INTO A_TO_CT_RELATIONSHIPS (A_EntryNumber, CodeTable_EntryNumber) VALUES(13, 4789)
INSERT INTO A_TO_CT_RELATIONSHIPS (A_EntryNumber, CodeTable_EntryNumber) VALUES(32, 4789)
INSERT INTO A_TO_CT_RELATIONSHIPS (A_EntryNumber, CodeTable_EntryNumber) VALUES(60, 4789)
INSERT INTO CODETABLE_ENTRIES (Value, Meaning) VALUES(7, 'SCAT data')
INSERT INTO A_TO_CT_RELATIONSHIPS (A_EntryNumber, CodeTable_EntryNumber) VALUES(13, 4790)
INSERT INTO A_TO_CT_RELATIONSHIPS (A_EntryNumber, CodeTable_EntryNumber) VALUES(32, 4790)
INSERT INTO A_TO_CT_RELATIONSHIPS (A_EntryNumber, CodeTable_EntryNumber) VALUES(60, 4790)
INSERT INTO CODETABLE_ENTRIES (Value, Meaning) VALUES(0, 'Earth radiation budget')
INSERT INTO A_TO_CT_RELATIONSHIPS (A_EntryNumber, CodeTable_EntryNumber) VALUES(17, 4791)
INSERT INTO A_TO_CT_RELATIONSHIPS (A_EntryNumber, CodeTable_EntryNumber) VALUES(36, 4791)
INSERT INTO A_TO_CT_RELATIONSHIPS (A_EntryNumber, CodeTable_EntryNumber) VALUES(64, 4791)
INSERT INTO CODETABLE_ENTRIES (Value, Meaning) VALUES(5, 'Cross-track infrared sounder')
INSERT INTO A_TO_CT_RELATIONSHIPS (A_EntryNumber, CodeTable_EntryNumber) VALUES(17, 4792)
INSERT INTO A_TO_CT_RELATIONSHIPS (A_EntryNumber, CodeTable_EntryNumber) VALUES(36, 4792)
INSERT INTO A_TO_CT_RELATIONSHIPS (A_EntryNumber, CodeTable_EntryNumber) VALUES(64, 4792)
INSERT INTO CODETABLE_ENTRIES (Value, Meaning) VALUES(0, 'Cloud and precipitation radar')
INSERT INTO A_TO_CT_RELATIONSHIPS (A_EntryNumber, CodeTable_EntryNumber) VALUES(37, 4793)
INSERT INTO A_TO_CT_RELATIONSHIPS (A_EntryNumber, CodeTable_EntryNumber) VALUES(65, 4793)
INSERT INTO CODETABLE_ENTRIES (Value, Meaning) VALUES(1, 'Synthetic Aperture Radar')
INSERT INTO A_TO_CT_RELATIONSHIPS (A_EntryNumber, CodeTable_EntryNumber) VALUES(37, 4794)
INSERT INTO A_TO_CT_RELATIONSHIPS (A_EntryNumber, CodeTable_EntryNumber) VALUES(65, 4794)
INSERT INTO CODETABLE_ENTRIES (Value, Meaning) VALUES(0, 'Lidar based missions (for wind, for cloud/aerosol, for water vapour, for altimetry)')
INSERT INTO A_TO_CT_RELATIONSHIPS (A_EntryNumber, CodeTable_EntryNumber) VALUES(38, 4795)
INSERT INTO A_TO_CT_RELATIONSHIPS (A_EntryNumber, CodeTable_EntryNumber) VALUES(66, 4795)
INSERT INTO CODETABLE_ENTRIES (Value, Meaning) VALUES(0, 'Wind scatterometry')
INSERT INTO A_TO_CT_RELATIONSHIPS (A_EntryNumber, CodeTable_EntryNumber) VALUES(39, 4796)
INSERT INTO A_TO_CT_RELATIONSHIPS (A_EntryNumber, CodeTable_EntryNumber) VALUES(67, 4796)
INSERT INTO CODETABLE_ENTRIES (Value, Meaning) VALUES(0, 'Radar altimetry')
INSERT INTO A_TO_CT_RELATIONSHIPS (A_EntryNumber, CodeTable_EntryNumber) VALUES(40, 4797)
INSERT INTO A_TO_CT_RELATIONSHIPS (A_EntryNumber, CodeTable_EntryNumber) VALUES(68, 4797)
INSERT INTO CODETABLE_ENTRIES (Value, Meaning) VALUES(0, 'Cross nadir shortwave spectrometry (for chemistry)')
INSERT INTO A_TO_CT_RELATIONSHIPS (A_EntryNumber, CodeTable_EntryNumber) VALUES(41, 4798)
INSERT INTO A_TO_CT_RELATIONSHIPS (A_EntryNumber, CodeTable_EntryNumber) VALUES(69, 4798)
INSERT INTO CODETABLE_ENTRIES (Value, Meaning) VALUES(1, 'Cross nadir IR spectrometry (for chemistry)')
INSERT INTO A_TO_CT_RELATIONSHIPS (A_EntryNumber, CodeTable_EntryNumber) VALUES(41, 4799)
INSERT INTO A_TO_CT_RELATIONSHIPS (A_EntryNumber, CodeTable_EntryNumber) VALUES(69, 4799)
INSERT INTO CODETABLE_ENTRIES (Value, Meaning) VALUES(2, 'Limb sounding shortwave spectrometry')
INSERT INTO A_TO_CT_RELATIONSHIPS (A_EntryNumber, CodeTable_EntryNumber) VALUES(41, 4800)
INSERT INTO A_TO_CT_RELATIONSHIPS (A_EntryNumber, CodeTable_EntryNumber) VALUES(69, 4800)
INSERT INTO CODETABLE_ENTRIES (Value, Meaning) VALUES(3, 'Limb sounding IR spectrometry')
INSERT INTO A_TO_CT_RELATIONSHIPS (A_EntryNumber, CodeTable_EntryNumber) VALUES(41, 4801)
INSERT INTO A_TO_CT_RELATIONSHIPS (A_EntryNumber, CodeTable_EntryNumber) VALUES(69, 4801)
INSERT INTO CODETABLE_ENTRIES (Value, Meaning) VALUES(4, 'Limb sounding sub-millimetre wave spectrometry')
INSERT INTO A_TO_CT_RELATIONSHIPS (A_EntryNumber, CodeTable_EntryNumber) VALUES(41, 4802)
INSERT INTO A_TO_CT_RELATIONSHIPS (A_EntryNumber, CodeTable_EntryNumber) VALUES(69, 4802)
INSERT INTO CODETABLE_ENTRIES (Value, Meaning) VALUES(0, 'Surface observation')
INSERT INTO A_TO_CT_RELATIONSHIPS (A_EntryNumber, CodeTable_EntryNumber) VALUES(18, 4803)
INSERT INTO A_TO_CT_RELATIONSHIPS (A_EntryNumber, CodeTable_EntryNumber) VALUES(46, 4803)
INSERT INTO A_TO_CT_RELATIONSHIPS (A_EntryNumber, CodeTable_EntryNumber) VALUES(74, 4803)
INSERT INTO CODETABLE_ENTRIES (Value, Meaning) VALUES(1, 'Surface observation along track (TRACKOB)')
INSERT INTO A_TO_CT_RELATIONSHIPS (A_EntryNumber, CodeTable_EntryNumber) VALUES(18, 4804)
INSERT INTO A_TO_CT_RELATIONSHIPS (A_EntryNumber, CodeTable_EntryNumber) VALUES(46, 4804)
INSERT INTO A_TO_CT_RELATIONSHIPS (A_EntryNumber, CodeTable_EntryNumber) VALUES(74, 4804)
INSERT INTO CODETABLE_ENTRIES (Value, Meaning) VALUES(2, 'Spectral wave observation (WAVEOB)')
INSERT INTO A_TO_CT_RELATIONSHIPS (A_EntryNumber, CodeTable_EntryNumber) VALUES(18, 4805)
INSERT INTO A_TO_CT_RELATIONSHIPS (A_EntryNumber, CodeTable_EntryNumber) VALUES(46, 4805)
INSERT INTO A_TO_CT_RELATIONSHIPS (A_EntryNumber, CodeTable_EntryNumber) VALUES(74, 4805)
INSERT INTO CODETABLE_ENTRIES (Value, Meaning) VALUES(3, 'Bathythermal observation (BATHY)')
INSERT INTO A_TO_CT_RELATIONSHIPS (A_EntryNumber, CodeTable_EntryNumber) VALUES(18, 4806)
INSERT INTO A_TO_CT_RELATIONSHIPS (A_EntryNumber, CodeTable_EntryNumber) VALUES(46, 4806)
INSERT INTO A_TO_CT_RELATIONSHIPS (A_EntryNumber, CodeTable_EntryNumber) VALUES(74, 4806)
INSERT INTO CODETABLE_ENTRIES (Value, Meaning) VALUES(4, 'Sub-surface floats (profile)')
INSERT INTO A_TO_CT_RELATIONSHIPS (A_EntryNumber, CodeTable_EntryNumber) VALUES(18, 4807)
INSERT INTO A_TO_CT_RELATIONSHIPS (A_EntryNumber, CodeTable_EntryNumber) VALUES(46, 4807)
INSERT INTO A_TO_CT_RELATIONSHIPS (A_EntryNumber, CodeTable_EntryNumber) VALUES(74, 4807)
INSERT INTO CODETABLE_ENTRIES (Value, Meaning) VALUES(5, 'XBT/XCTD profiles (TESAC)')
INSERT INTO A_TO_CT_RELATIONSHIPS (A_EntryNumber, CodeTable_EntryNumber) VALUES(18, 4808)
INSERT INTO A_TO_CT_RELATIONSHIPS (A_EntryNumber, CodeTable_EntryNumber) VALUES(46, 4808)
INSERT INTO A_TO_CT_RELATIONSHIPS (A_EntryNumber, CodeTable_EntryNumber) VALUES(74, 4808)
INSERT INTO CODETABLE_ENTRIES (Value, Meaning) VALUES(6, 'Waves reports')
INSERT INTO A_TO_CT_RELATIONSHIPS (A_EntryNumber, CodeTable_EntryNumber) VALUES(18, 4809)
INSERT INTO A_TO_CT_RELATIONSHIPS (A_EntryNumber, CodeTable_EntryNumber) VALUES(46, 4809)
INSERT INTO A_TO_CT_RELATIONSHIPS (A_EntryNumber, CodeTable_EntryNumber) VALUES(74, 4809)
INSERT INTO CODETABLE_ENTRIES (Value, Meaning) VALUES(7, 'Tsunameter data')
INSERT INTO A_TO_CT_RELATIONSHIPS (A_EntryNumber, CodeTable_EntryNumber) VALUES(18, 4810)
INSERT INTO A_TO_CT_RELATIONSHIPS (A_EntryNumber, CodeTable_EntryNumber) VALUES(46, 4810)
INSERT INTO A_TO_CT_RELATIONSHIPS (A_EntryNumber, CodeTable_EntryNumber) VALUES(74, 4810)
INSERT INTO CODETABLE_ENTRIES (Value, Meaning) VALUES(0, 'Multi-purpose VIS/IR imagery')
INSERT INTO A_TO_CT_RELATIONSHIPS (A_EntryNumber, CodeTable_EntryNumber) VALUES(19, 4811)
INSERT INTO A_TO_CT_RELATIONSHIPS (A_EntryNumber, CodeTable_EntryNumber) VALUES(47, 4811)
INSERT INTO A_TO_CT_RELATIONSHIPS (A_EntryNumber, CodeTable_EntryNumber) VALUES(75, 4811)
INSERT INTO CODETABLE_ENTRIES (Value, Meaning) VALUES(1, 'Conical scanning MW imagery (intermediate frequencies)')
INSERT INTO A_TO_CT_RELATIONSHIPS (A_EntryNumber, CodeTable_EntryNumber) VALUES(19, 4812)
INSERT INTO A_TO_CT_RELATIONSHIPS (A_EntryNumber, CodeTable_EntryNumber) VALUES(47, 4812)
INSERT INTO A_TO_CT_RELATIONSHIPS (A_EntryNumber, CodeTable_EntryNumber) VALUES(75, 4812)
INSERT INTO CODETABLE_ENTRIES (Value, Meaning) VALUES(2, 'Low frequency MW imagery')
INSERT INTO A_TO_CT_RELATIONSHIPS (A_EntryNumber, CodeTable_EntryNumber) VALUES(19, 4813)
INSERT INTO A_TO_CT_RELATIONSHIPS (A_EntryNumber, CodeTable_EntryNumber) VALUES(47, 4813)
INSERT INTO A_TO_CT_RELATIONSHIPS (A_EntryNumber, CodeTable_EntryNumber) VALUES(75, 4813)
INSERT INTO CODETABLE_ENTRIES (Value, Meaning) VALUES(3, 'Ocean colour imagery')
INSERT INTO A_TO_CT_RELATIONSHIPS (A_EntryNumber, CodeTable_EntryNumber) VALUES(19, 4814)
INSERT INTO A_TO_CT_RELATIONSHIPS (A_EntryNumber, CodeTable_EntryNumber) VALUES(47, 4814)
INSERT INTO A_TO_CT_RELATIONSHIPS (A_EntryNumber, CodeTable_EntryNumber) VALUES(75, 4814)
INSERT INTO CODETABLE_ENTRIES (Value, Meaning) VALUES(4, 'Imagery with special viewing geometry')
INSERT INTO A_TO_CT_RELATIONSHIPS (A_EntryNumber, CodeTable_EntryNumber) VALUES(19, 4815)
INSERT INTO A_TO_CT_RELATIONSHIPS (A_EntryNumber, CodeTable_EntryNumber) VALUES(47, 4815)
INSERT INTO A_TO_CT_RELATIONSHIPS (A_EntryNumber, CodeTable_EntryNumber) VALUES(75, 4815)
INSERT INTO CODETABLE_ENTRIES (Value, Meaning) VALUES(5, 'Lightning imagery')
INSERT INTO A_TO_CT_RELATIONSHIPS (A_EntryNumber, CodeTable_EntryNumber) VALUES(19, 4816)
INSERT INTO A_TO_CT_RELATIONSHIPS (A_EntryNumber, CodeTable_EntryNumber) VALUES(47, 4816)
INSERT INTO A_TO_CT_RELATIONSHIPS (A_EntryNumber, CodeTable_EntryNumber) VALUES(75, 4816)
INSERT INTO CODETABLE_ENTRIES (Value, Meaning) VALUES(6, 'High resolution shortwave imagery for land observation')
INSERT INTO A_TO_CT_RELATIONSHIPS (A_EntryNumber, CodeTable_EntryNumber) VALUES(19, 4817)
INSERT INTO A_TO_CT_RELATIONSHIPS (A_EntryNumber, CodeTable_EntryNumber) VALUES(47, 4817)
INSERT INTO A_TO_CT_RELATIONSHIPS (A_EntryNumber, CodeTable_EntryNumber) VALUES(75, 4817)
INSERT INTO CODETABLE_ENTRIES (Value, Meaning) VALUES(7, 'SMOS data')
INSERT INTO A_TO_CT_RELATIONSHIPS (A_EntryNumber, CodeTable_EntryNumber) VALUES(19, 4818)
INSERT INTO A_TO_CT_RELATIONSHIPS (A_EntryNumber, CodeTable_EntryNumber) VALUES(47, 4818)
INSERT INTO A_TO_CT_RELATIONSHIPS (A_EntryNumber, CodeTable_EntryNumber) VALUES(75, 4818)
