Entry #  1    1     Operational  >Sippican T-4<  >6.472<  >-2.16<
Entry #  2    2     Operational  >Sippican T-4<  >6.691<  >-2.25<
Entry #  3   11     Operational  >Sippican T-5<  >6.828<  >-1.82<
Entry #  4   21     Operational  >Sippican Fast Deep<  >6.346<  >-1.82<
Entry #  5   31     Operational  >Sippican T-6<  >6.472<  >-2.16<
Entry #  6   32     Operational  >Sippican T-6<  >6.691<  >-2.25<
Entry #  7   41     Operational  >Sippican T-7<  >6.472<  >-2.16<
Entry #  8   42     Operational  >Sippican T-7<  >6.691<  >-2.25<
Entry #  9   51     Operational  >Sippican Deep Blue<  >6.472<  >-2.16<
Entry # 10   52     Operational  >Sippican Deep Blue<  >6.691<  >-2.25<
Entry # 11   61     Operational  >Sippican T-10<  >6.301<  >-2.16<
Entry # 12   71     Operational  >Sippican T-11<  >1.779<  >-0.255<
Entry # 13   81     Operational  >Sippican AXBT (300 m probes)<  >1.52<  >0.0<
Entry # 14  201     Operational  >TSK T-4<  >6.472<  >-2.16<
Entry # 15  202     Operational  >TSK T-4<  >6.691<  >-2.25<
Entry # 16  211     Operational  >TSK T-6<  >6.472<  >-2.16<
Entry # 17  212     Operational  >TSK T-6<  >6.691<  >-2.25<
Entry # 18  221     Operational  >TSK T-7<  >6.472<  >-2.16<
Entry # 19  222     Operational  >TSK T-7<  >6.691<  >-2.25<
Entry # 20  231     Operational  >TSK T-5<  >6.828<  >-1.82<
Entry # 21  241     Operational  >TSK T-10<  >6.301<  >-2.16<
Entry # 22  251     Operational  >TSK Deep Blue<  >6.472<  >-2.16<
Entry # 23  252     Operational  >TSK Deep Blue<  >6.691<  >-2.25<
Entry # 24  261     Operational  >TSK AXBT<  >null<  >null<
Entry # 25  401     Operational  >Sparton XBT-1<  >6.301<  >-2.16<
Entry # 26  411     Operational  >Sparton XBT-3<  >5.861<  >-0.0904<
Entry # 27  421     Operational  >Sparton XBT-4<  >6.472<  >-2.16<
Entry # 28  431     Operational  >Sparton XBT-5<  >6.828<  >-1.82<
Entry # 29  441     Operational  >Sparton XBT-5DB<  >6.828<  >-1.82<
Entry # 30  451     Operational  >Sparton XBT-6<  >6.472<  >-2.16<
Entry # 31  461     Operational  >Sparton XBT-7<  >6.472<  >-2.16<
Entry # 32  462     Operational  >Sparton XBT-7<  >6.705<  >-2.28<
Entry # 33  471     Operational  >Sparton XBT-7DB<  >6.472<  >-2.16<
Entry # 34  481     Operational  >Sparton XBT-10<  >6.301<  >-2.16<
Entry # 35  491     Operational  >Sparton XBT-20<  >6.472<  >-2.16<
Entry # 36  501     Operational  >Sparton XBT-20DB<  >6.472<  >-2.16<
Entry # 37  510     Operational  >Sparton 536 AXBT<  >1.524<  >0<
Entry # 38  700     Operational  >Sippican XCTD Standard<  >null<  >null<
Entry # 39  710     Operational  >Sippican XCTD Deep<  >null<  >null<
Entry # 40  720     Operational  >Sippican AXCTD<  >null<  >null<
Entry # 41  730     Operational  >Sippican SXCTD<  >null<  >null<
Entry # 42  741     Operational  >TSK XCTD<  >3.42543<  >-0.47<
Entry # 43  742     Operational  >TSK XCTD-2<  >null<  >null<
Entry # 44  743     Operational  >TSK XCTD-2F<  >null<  >null<
Entry # 45  751     Operational  >TSK AXCTD<  >null<  >null<
Entry # 46  780     Operational  >Sea-Bird SBE21 SEACAT Thermosalinograph<  >Not applicable<  >Not applicable<
Entry # 47  781     Operational  >Sea-Bird SBE45 MicroTSG Thermosalinograph<  >Not applicable<  >Not applicable<
Entry # 48  800     Operational  >Mechanical BT<  >Not applicable<  >Not applicable<
Entry # 49  810     Operational  >Hydrocast<  >Not applicable<  >Not applicable<
Entry # 50  820     Operational  >Thermistor chain<  >Not applicable<  >Not applicable<
Entry # 51  825     Operational  >Temperature (sonic) and pressure probes<  >Not applicable<  >Not applicable<
Entry # 52  830     Operational  >CTD<  >Not applicable<  >Not applicable<
Entry # 53  831     Operational  >CTD-P-ALACE float<  >Not applicable<  >Not applicable<
Entry # 54  840     Operational  >PROVOR, no conductivity sensor<  >Not applicable<  >Not applicable<
Entry # 55  841     Operational  >PROVOR, Sea-Bird conductivity sensor<  >Not applicable<  >Not applicable<
Entry # 56  842     Operational  >PROVOR, FSI conductivity sensor<  >Not applicable<  >Not applicable<
Entry # 57  843     Operational  >Polar Ocean Profiling System (POPS), PROVOR, SBE CTD<  >null<  >null<
Entry # 58  844 Pre-operational  >Profiling Float, ARVOR, Seabird conductivity sensor<  >null<  >null<
Entry # 59  845     Operational  >Webb Research, no conductivity sensor<  >Not applicable<  >Not applicable<
Entry # 60  846     Operational  >Webb Research, Sea-Bird conductivity sensor<  >Not applicable<  >Not applicable<
Entry # 61  847     Operational  >Webb Research, FSI conductivity sensor<  >Not applicable<  >Not applicable<
Entry # 62  850     Operational  >SOLO, no conductivity sensor<  >Not applicable<  >Not applicable<
Entry # 63  851     Operational  >SOLO, Sea-Bird conductivity sensor<  >Not applicable<  >Not applicable<
Entry # 64  852     Operational  >SOLO,  FSI conductivity sensor<  >Not applicable<  >Not applicable<
Entry # 66  853 Pre-operational  >Profiling Float, SOLO2 (SCRIPPS), Seabird conductivity sensor<  >null<  >null<
Entry # 67  854 Pre-operational  >Reserved<  >null<  >null<
Entry # 68  855     Operational  >Profiling Float, NINJA, no conductivity sensor<  >Not applicable<  >Not applicable<
Entry # 69  856     Operational  >Profiling Float, NINJA, SBE conductivity sensor<  >Not applicable<  >Not applicable<
Entry # 70  857     Operational  >Profiling Float, NINJA, FSI conductivity sensor<  >Not applicable<  >Not applicable<
Entry # 71  858     Operational  >Profiling Float, NINJA, TSK conductivity sensor<  >Not applicable<  >Not applicable<
Entry # 72  859     Operational  >Profiling Float, NEMO, no conductivity<  >Not applicable<  >Not applicable<
Entry # 73  860     Operational  >Profiling Float, NEMO, SBE conductivity sensor<  >Not applicable<  >Not applicable<
Entry # 74  861     Operational  >Profiling Float, NEMO, FSI conductivity sensor<  >Not applicable<  >Not applicable<
Entry # 75 862-899     Operational  >Reserved<  >null<  >null<
Entry # 76  900     Operational  >Sippican LMP-5 XBT<  >9.727<  >0.0000473<
Entry # 77  901     Operational  >Ice-tethered Profiler (ITP), SBE CTD<  >null<  >null<
Entry # 78 902-994     Operational  >Reserved<  >null<  >null<
Entry # 79  995     Operational  >Instrument attached to marine mammals<  >Not applicable<  >Not applicable<
Entry # 80  996     Operational  >Instrument attached to animals other than marine mammals<  >Not applicable<  >Not applicable<
Entry # 81 997-999     Operational  >Reserved<  >null<  >null<
Entry # 82 1000-1022     Operational  >Reserved<  >null<  >null<
Entry # 83 1023     Operational  >Missing value<  >null<  >null<
INSERT INTO CODETABLE_ENTRIES (Value, Meaning) VALUES(1, 'Sippican T-4 (fall rate equation coefficients: a = 6.472, b = -2.16)')
INSERT INTO B_TO_CT_RELATIONSHIPS (B_EntryNumber, CodeTable_EntryNumber) VALUES(1060, 3311)
INSERT INTO B_TO_CT_RELATIONSHIPS (B_EntryNumber, CodeTable_EntryNumber) VALUES(2506, 3311)
INSERT INTO CODETABLE_ENTRIES (Value, Meaning) VALUES(2, 'Sippican T-4 (fall rate equation coefficients: a = 6.691, b = -2.25)')
INSERT INTO B_TO_CT_RELATIONSHIPS (B_EntryNumber, CodeTable_EntryNumber) VALUES(1060, 3312)
INSERT INTO B_TO_CT_RELATIONSHIPS (B_EntryNumber, CodeTable_EntryNumber) VALUES(2506, 3312)
INSERT INTO CODETABLE_ENTRIES (Value, Meaning) VALUES(11, 'Sippican T-5 (fall rate equation coefficients: a = 6.828, b = -1.82)')
INSERT INTO B_TO_CT_RELATIONSHIPS (B_EntryNumber, CodeTable_EntryNumber) VALUES(1060, 3313)
INSERT INTO B_TO_CT_RELATIONSHIPS (B_EntryNumber, CodeTable_EntryNumber) VALUES(2506, 3313)
INSERT INTO CODETABLE_ENTRIES (Value, Meaning) VALUES(21, 'Sippican Fast Deep (fall rate equation coefficients: a = 6.346, b = -1.82)')
INSERT INTO B_TO_CT_RELATIONSHIPS (B_EntryNumber, CodeTable_EntryNumber) VALUES(1060, 3314)
INSERT INTO B_TO_CT_RELATIONSHIPS (B_EntryNumber, CodeTable_EntryNumber) VALUES(2506, 3314)
INSERT INTO CODETABLE_ENTRIES (Value, Meaning) VALUES(31, 'Sippican T-6 (fall rate equation coefficients: a = 6.472, b = -2.16)')
INSERT INTO B_TO_CT_RELATIONSHIPS (B_EntryNumber, CodeTable_EntryNumber) VALUES(1060, 3315)
INSERT INTO B_TO_CT_RELATIONSHIPS (B_EntryNumber, CodeTable_EntryNumber) VALUES(2506, 3315)
INSERT INTO CODETABLE_ENTRIES (Value, Meaning) VALUES(32, 'Sippican T-6 (fall rate equation coefficients: a = 6.691, b = -2.25)')
INSERT INTO B_TO_CT_RELATIONSHIPS (B_EntryNumber, CodeTable_EntryNumber) VALUES(1060, 3316)
INSERT INTO B_TO_CT_RELATIONSHIPS (B_EntryNumber, CodeTable_EntryNumber) VALUES(2506, 3316)
INSERT INTO CODETABLE_ENTRIES (Value, Meaning) VALUES(41, 'Sippican T-7 (fall rate equation coefficients: a = 6.472, b = -2.16)')
INSERT INTO B_TO_CT_RELATIONSHIPS (B_EntryNumber, CodeTable_EntryNumber) VALUES(1060, 3317)
INSERT INTO B_TO_CT_RELATIONSHIPS (B_EntryNumber, CodeTable_EntryNumber) VALUES(2506, 3317)
INSERT INTO CODETABLE_ENTRIES (Value, Meaning) VALUES(42, 'Sippican T-7 (fall rate equation coefficients: a = 6.691, b = -2.25)')
INSERT INTO B_TO_CT_RELATIONSHIPS (B_EntryNumber, CodeTable_EntryNumber) VALUES(1060, 3318)
INSERT INTO B_TO_CT_RELATIONSHIPS (B_EntryNumber, CodeTable_EntryNumber) VALUES(2506, 3318)
INSERT INTO CODETABLE_ENTRIES (Value, Meaning) VALUES(51, 'Sippican Deep Blue (fall rate equation coefficients: a = 6.472, b = -2.16)')
INSERT INTO B_TO_CT_RELATIONSHIPS (B_EntryNumber, CodeTable_EntryNumber) VALUES(1060, 3319)
INSERT INTO B_TO_CT_RELATIONSHIPS (B_EntryNumber, CodeTable_EntryNumber) VALUES(2506, 3319)
INSERT INTO CODETABLE_ENTRIES (Value, Meaning) VALUES(52, 'Sippican Deep Blue (fall rate equation coefficients: a = 6.691, b = -2.25)')
INSERT INTO B_TO_CT_RELATIONSHIPS (B_EntryNumber, CodeTable_EntryNumber) VALUES(1060, 3320)
INSERT INTO B_TO_CT_RELATIONSHIPS (B_EntryNumber, CodeTable_EntryNumber) VALUES(2506, 3320)
INSERT INTO CODETABLE_ENTRIES (Value, Meaning) VALUES(61, 'Sippican T-10 (fall rate equation coefficients: a = 6.301, b = -2.16)')
INSERT INTO B_TO_CT_RELATIONSHIPS (B_EntryNumber, CodeTable_EntryNumber) VALUES(1060, 3321)
INSERT INTO B_TO_CT_RELATIONSHIPS (B_EntryNumber, CodeTable_EntryNumber) VALUES(2506, 3321)
INSERT INTO CODETABLE_ENTRIES (Value, Meaning) VALUES(71, 'Sippican T-11 (fall rate equation coefficients: a = 1.779, b = -0.255)')
INSERT INTO B_TO_CT_RELATIONSHIPS (B_EntryNumber, CodeTable_EntryNumber) VALUES(1060, 3322)
INSERT INTO B_TO_CT_RELATIONSHIPS (B_EntryNumber, CodeTable_EntryNumber) VALUES(2506, 3322)
INSERT INTO CODETABLE_ENTRIES (Value, Meaning) VALUES(81, 'Sippican AXBT (300 m probes) (fall rate equation coefficients: a = 1.52, b = 0.0)')
INSERT INTO B_TO_CT_RELATIONSHIPS (B_EntryNumber, CodeTable_EntryNumber) VALUES(1060, 3323)
INSERT INTO B_TO_CT_RELATIONSHIPS (B_EntryNumber, CodeTable_EntryNumber) VALUES(2506, 3323)
INSERT INTO CODETABLE_ENTRIES (Value, Meaning) VALUES(201, 'TSK T-4 (fall rate equation coefficients: a = 6.472, b = -2.16)')
INSERT INTO B_TO_CT_RELATIONSHIPS (B_EntryNumber, CodeTable_EntryNumber) VALUES(1060, 3324)
INSERT INTO B_TO_CT_RELATIONSHIPS (B_EntryNumber, CodeTable_EntryNumber) VALUES(2506, 3324)
INSERT INTO CODETABLE_ENTRIES (Value, Meaning) VALUES(202, 'TSK T-4 (fall rate equation coefficients: a = 6.691, b = -2.25)')
INSERT INTO B_TO_CT_RELATIONSHIPS (B_EntryNumber, CodeTable_EntryNumber) VALUES(1060, 3325)
INSERT INTO B_TO_CT_RELATIONSHIPS (B_EntryNumber, CodeTable_EntryNumber) VALUES(2506, 3325)
INSERT INTO CODETABLE_ENTRIES (Value, Meaning) VALUES(211, 'TSK T-6 (fall rate equation coefficients: a = 6.472, b = -2.16)')
INSERT INTO B_TO_CT_RELATIONSHIPS (B_EntryNumber, CodeTable_EntryNumber) VALUES(1060, 3326)
INSERT INTO B_TO_CT_RELATIONSHIPS (B_EntryNumber, CodeTable_EntryNumber) VALUES(2506, 3326)
INSERT INTO CODETABLE_ENTRIES (Value, Meaning) VALUES(212, 'TSK T-6 (fall rate equation coefficients: a = 6.691, b = -2.25)')
INSERT INTO B_TO_CT_RELATIONSHIPS (B_EntryNumber, CodeTable_EntryNumber) VALUES(1060, 3327)
INSERT INTO B_TO_CT_RELATIONSHIPS (B_EntryNumber, CodeTable_EntryNumber) VALUES(2506, 3327)
INSERT INTO CODETABLE_ENTRIES (Value, Meaning) VALUES(221, 'TSK T-7 (fall rate equation coefficients: a = 6.472, b = -2.16)')
INSERT INTO B_TO_CT_RELATIONSHIPS (B_EntryNumber, CodeTable_EntryNumber) VALUES(1060, 3328)
INSERT INTO B_TO_CT_RELATIONSHIPS (B_EntryNumber, CodeTable_EntryNumber) VALUES(2506, 3328)
INSERT INTO CODETABLE_ENTRIES (Value, Meaning) VALUES(222, 'TSK T-7 (fall rate equation coefficients: a = 6.691, b = -2.25)')
INSERT INTO B_TO_CT_RELATIONSHIPS (B_EntryNumber, CodeTable_EntryNumber) VALUES(1060, 3329)
INSERT INTO B_TO_CT_RELATIONSHIPS (B_EntryNumber, CodeTable_EntryNumber) VALUES(2506, 3329)
INSERT INTO CODETABLE_ENTRIES (Value, Meaning) VALUES(231, 'TSK T-5 (fall rate equation coefficients: a = 6.828, b = -1.82)')
INSERT INTO B_TO_CT_RELATIONSHIPS (B_EntryNumber, CodeTable_EntryNumber) VALUES(1060, 3330)
INSERT INTO B_TO_CT_RELATIONSHIPS (B_EntryNumber, CodeTable_EntryNumber) VALUES(2506, 3330)
INSERT INTO CODETABLE_ENTRIES (Value, Meaning) VALUES(241, 'TSK T-10 (fall rate equation coefficients: a = 6.301, b = -2.16)')
INSERT INTO B_TO_CT_RELATIONSHIPS (B_EntryNumber, CodeTable_EntryNumber) VALUES(1060, 3331)
INSERT INTO B_TO_CT_RELATIONSHIPS (B_EntryNumber, CodeTable_EntryNumber) VALUES(2506, 3331)
INSERT INTO CODETABLE_ENTRIES (Value, Meaning) VALUES(251, 'TSK Deep Blue (fall rate equation coefficients: a = 6.472, b = -2.16)')
INSERT INTO B_TO_CT_RELATIONSHIPS (B_EntryNumber, CodeTable_EntryNumber) VALUES(1060, 3332)
INSERT INTO B_TO_CT_RELATIONSHIPS (B_EntryNumber, CodeTable_EntryNumber) VALUES(2506, 3332)
INSERT INTO CODETABLE_ENTRIES (Value, Meaning) VALUES(252, 'TSK Deep Blue (fall rate equation coefficients: a = 6.691, b = -2.25)')
INSERT INTO B_TO_CT_RELATIONSHIPS (B_EntryNumber, CodeTable_EntryNumber) VALUES(1060, 3333)
INSERT INTO B_TO_CT_RELATIONSHIPS (B_EntryNumber, CodeTable_EntryNumber) VALUES(2506, 3333)
INSERT INTO CODETABLE_ENTRIES (Value, Meaning) VALUES(261, 'TSK AXBT')
INSERT INTO B_TO_CT_RELATIONSHIPS (B_EntryNumber, CodeTable_EntryNumber) VALUES(1060, 3334)
INSERT INTO B_TO_CT_RELATIONSHIPS (B_EntryNumber, CodeTable_EntryNumber) VALUES(2506, 3334)
INSERT INTO CODETABLE_ENTRIES (Value, Meaning) VALUES(401, 'Sparton XBT-1 (fall rate equation coefficients: a = 6.301, b = -2.16)')
INSERT INTO B_TO_CT_RELATIONSHIPS (B_EntryNumber, CodeTable_EntryNumber) VALUES(1060, 3335)
INSERT INTO B_TO_CT_RELATIONSHIPS (B_EntryNumber, CodeTable_EntryNumber) VALUES(2506, 3335)
INSERT INTO CODETABLE_ENTRIES (Value, Meaning) VALUES(411, 'Sparton XBT-3 (fall rate equation coefficients: a = 5.861, b = -0.0904)')
INSERT INTO B_TO_CT_RELATIONSHIPS (B_EntryNumber, CodeTable_EntryNumber) VALUES(1060, 3336)
INSERT INTO B_TO_CT_RELATIONSHIPS (B_EntryNumber, CodeTable_EntryNumber) VALUES(2506, 3336)
INSERT INTO CODETABLE_ENTRIES (Value, Meaning) VALUES(421, 'Sparton XBT-4 (fall rate equation coefficients: a = 6.472, b = -2.16)')
INSERT INTO B_TO_CT_RELATIONSHIPS (B_EntryNumber, CodeTable_EntryNumber) VALUES(1060, 3337)
INSERT INTO B_TO_CT_RELATIONSHIPS (B_EntryNumber, CodeTable_EntryNumber) VALUES(2506, 3337)
INSERT INTO CODETABLE_ENTRIES (Value, Meaning) VALUES(431, 'Sparton XBT-5 (fall rate equation coefficients: a = 6.828, b = -1.82)')
INSERT INTO B_TO_CT_RELATIONSHIPS (B_EntryNumber, CodeTable_EntryNumber) VALUES(1060, 3338)
INSERT INTO B_TO_CT_RELATIONSHIPS (B_EntryNumber, CodeTable_EntryNumber) VALUES(2506, 3338)
INSERT INTO CODETABLE_ENTRIES (Value, Meaning) VALUES(441, 'Sparton XBT-5DB (fall rate equation coefficients: a = 6.828, b = -1.82)')
INSERT INTO B_TO_CT_RELATIONSHIPS (B_EntryNumber, CodeTable_EntryNumber) VALUES(1060, 3339)
INSERT INTO B_TO_CT_RELATIONSHIPS (B_EntryNumber, CodeTable_EntryNumber) VALUES(2506, 3339)
INSERT INTO CODETABLE_ENTRIES (Value, Meaning) VALUES(451, 'Sparton XBT-6 (fall rate equation coefficients: a = 6.472, b = -2.16)')
INSERT INTO B_TO_CT_RELATIONSHIPS (B_EntryNumber, CodeTable_EntryNumber) VALUES(1060, 3340)
INSERT INTO B_TO_CT_RELATIONSHIPS (B_EntryNumber, CodeTable_EntryNumber) VALUES(2506, 3340)
INSERT INTO CODETABLE_ENTRIES (Value, Meaning) VALUES(461, 'Sparton XBT-7 (fall rate equation coefficients: a = 6.472, b = -2.16)')
INSERT INTO B_TO_CT_RELATIONSHIPS (B_EntryNumber, CodeTable_EntryNumber) VALUES(1060, 3341)
INSERT INTO B_TO_CT_RELATIONSHIPS (B_EntryNumber, CodeTable_EntryNumber) VALUES(2506, 3341)
INSERT INTO CODETABLE_ENTRIES (Value, Meaning) VALUES(462, 'Sparton XBT-7 (fall rate equation coefficients: a = 6.705, b = -2.28)')
INSERT INTO B_TO_CT_RELATIONSHIPS (B_EntryNumber, CodeTable_EntryNumber) VALUES(1060, 3342)
INSERT INTO B_TO_CT_RELATIONSHIPS (B_EntryNumber, CodeTable_EntryNumber) VALUES(2506, 3342)
INSERT INTO CODETABLE_ENTRIES (Value, Meaning) VALUES(471, 'Sparton XBT-7DB (fall rate equation coefficients: a = 6.472, b = -2.16)')
INSERT INTO B_TO_CT_RELATIONSHIPS (B_EntryNumber, CodeTable_EntryNumber) VALUES(1060, 3343)
INSERT INTO B_TO_CT_RELATIONSHIPS (B_EntryNumber, CodeTable_EntryNumber) VALUES(2506, 3343)
INSERT INTO CODETABLE_ENTRIES (Value, Meaning) VALUES(481, 'Sparton XBT-10 (fall rate equation coefficients: a = 6.301, b = -2.16)')
INSERT INTO B_TO_CT_RELATIONSHIPS (B_EntryNumber, CodeTable_EntryNumber) VALUES(1060, 3344)
INSERT INTO B_TO_CT_RELATIONSHIPS (B_EntryNumber, CodeTable_EntryNumber) VALUES(2506, 3344)
INSERT INTO CODETABLE_ENTRIES (Value, Meaning) VALUES(491, 'Sparton XBT-20 (fall rate equation coefficients: a = 6.472, b = -2.16)')
INSERT INTO B_TO_CT_RELATIONSHIPS (B_EntryNumber, CodeTable_EntryNumber) VALUES(1060, 3345)
INSERT INTO B_TO_CT_RELATIONSHIPS (B_EntryNumber, CodeTable_EntryNumber) VALUES(2506, 3345)
INSERT INTO CODETABLE_ENTRIES (Value, Meaning) VALUES(501, 'Sparton XBT-20DB (fall rate equation coefficients: a = 6.472, b = -2.16)')
INSERT INTO B_TO_CT_RELATIONSHIPS (B_EntryNumber, CodeTable_EntryNumber) VALUES(1060, 3346)
INSERT INTO B_TO_CT_RELATIONSHIPS (B_EntryNumber, CodeTable_EntryNumber) VALUES(2506, 3346)
INSERT INTO CODETABLE_ENTRIES (Value, Meaning) VALUES(510, 'Sparton 536 AXBT (fall rate equation coefficients: a = 1.524, b = 0)')
INSERT INTO B_TO_CT_RELATIONSHIPS (B_EntryNumber, CodeTable_EntryNumber) VALUES(1060, 3347)
INSERT INTO B_TO_CT_RELATIONSHIPS (B_EntryNumber, CodeTable_EntryNumber) VALUES(2506, 3347)
INSERT INTO CODETABLE_ENTRIES (Value, Meaning) VALUES(700, 'Sippican XCTD Standard')
INSERT INTO B_TO_CT_RELATIONSHIPS (B_EntryNumber, CodeTable_EntryNumber) VALUES(1060, 3348)
INSERT INTO B_TO_CT_RELATIONSHIPS (B_EntryNumber, CodeTable_EntryNumber) VALUES(2506, 3348)
INSERT INTO CODETABLE_ENTRIES (Value, Meaning) VALUES(710, 'Sippican XCTD Deep')
INSERT INTO B_TO_CT_RELATIONSHIPS (B_EntryNumber, CodeTable_EntryNumber) VALUES(1060, 3349)
INSERT INTO B_TO_CT_RELATIONSHIPS (B_EntryNumber, CodeTable_EntryNumber) VALUES(2506, 3349)
INSERT INTO CODETABLE_ENTRIES (Value, Meaning) VALUES(720, 'Sippican AXCTD')
INSERT INTO B_TO_CT_RELATIONSHIPS (B_EntryNumber, CodeTable_EntryNumber) VALUES(1060, 3350)
INSERT INTO B_TO_CT_RELATIONSHIPS (B_EntryNumber, CodeTable_EntryNumber) VALUES(2506, 3350)
INSERT INTO CODETABLE_ENTRIES (Value, Meaning) VALUES(730, 'Sippican SXCTD')
INSERT INTO B_TO_CT_RELATIONSHIPS (B_EntryNumber, CodeTable_EntryNumber) VALUES(1060, 3351)
INSERT INTO B_TO_CT_RELATIONSHIPS (B_EntryNumber, CodeTable_EntryNumber) VALUES(2506, 3351)
INSERT INTO CODETABLE_ENTRIES (Value, Meaning) VALUES(741, 'TSK XCTD (fall rate equation coefficients: a = 3.42543, b = -0.47)')
INSERT INTO B_TO_CT_RELATIONSHIPS (B_EntryNumber, CodeTable_EntryNumber) VALUES(1060, 3352)
INSERT INTO B_TO_CT_RELATIONSHIPS (B_EntryNumber, CodeTable_EntryNumber) VALUES(2506, 3352)
INSERT INTO CODETABLE_ENTRIES (Value, Meaning) VALUES(742, 'TSK XCTD-2')
INSERT INTO B_TO_CT_RELATIONSHIPS (B_EntryNumber, CodeTable_EntryNumber) VALUES(1060, 3353)
INSERT INTO B_TO_CT_RELATIONSHIPS (B_EntryNumber, CodeTable_EntryNumber) VALUES(2506, 3353)
INSERT INTO CODETABLE_ENTRIES (Value, Meaning) VALUES(743, 'TSK XCTD-2F')
INSERT INTO B_TO_CT_RELATIONSHIPS (B_EntryNumber, CodeTable_EntryNumber) VALUES(1060, 3354)
INSERT INTO B_TO_CT_RELATIONSHIPS (B_EntryNumber, CodeTable_EntryNumber) VALUES(2506, 3354)
INSERT INTO CODETABLE_ENTRIES (Value, Meaning) VALUES(751, 'TSK AXCTD')
INSERT INTO B_TO_CT_RELATIONSHIPS (B_EntryNumber, CodeTable_EntryNumber) VALUES(1060, 3355)
INSERT INTO B_TO_CT_RELATIONSHIPS (B_EntryNumber, CodeTable_EntryNumber) VALUES(2506, 3355)
INSERT INTO CODETABLE_ENTRIES (Value, Meaning) VALUES(780, 'Sea-Bird SBE21 SEACAT Thermosalinograph')
INSERT INTO B_TO_CT_RELATIONSHIPS (B_EntryNumber, CodeTable_EntryNumber) VALUES(1060, 3356)
INSERT INTO B_TO_CT_RELATIONSHIPS (B_EntryNumber, CodeTable_EntryNumber) VALUES(2506, 3356)
INSERT INTO CODETABLE_ENTRIES (Value, Meaning) VALUES(781, 'Sea-Bird SBE45 MicroTSG Thermosalinograph')
INSERT INTO B_TO_CT_RELATIONSHIPS (B_EntryNumber, CodeTable_EntryNumber) VALUES(1060, 3357)
INSERT INTO B_TO_CT_RELATIONSHIPS (B_EntryNumber, CodeTable_EntryNumber) VALUES(2506, 3357)
INSERT INTO CODETABLE_ENTRIES (Value, Meaning) VALUES(800, 'Mechanical BT')
INSERT INTO B_TO_CT_RELATIONSHIPS (B_EntryNumber, CodeTable_EntryNumber) VALUES(1060, 3358)
INSERT INTO B_TO_CT_RELATIONSHIPS (B_EntryNumber, CodeTable_EntryNumber) VALUES(2506, 3358)
INSERT INTO CODETABLE_ENTRIES (Value, Meaning) VALUES(810, 'Hydrocast')
INSERT INTO B_TO_CT_RELATIONSHIPS (B_EntryNumber, CodeTable_EntryNumber) VALUES(1060, 3359)
INSERT INTO B_TO_CT_RELATIONSHIPS (B_EntryNumber, CodeTable_EntryNumber) VALUES(2506, 3359)
INSERT INTO CODETABLE_ENTRIES (Value, Meaning) VALUES(820, 'Thermistor chain')
INSERT INTO B_TO_CT_RELATIONSHIPS (B_EntryNumber, CodeTable_EntryNumber) VALUES(1060, 3360)
INSERT INTO B_TO_CT_RELATIONSHIPS (B_EntryNumber, CodeTable_EntryNumber) VALUES(2506, 3360)
INSERT INTO CODETABLE_ENTRIES (Value, Meaning) VALUES(825, 'Temperature (sonic) and pressure probes')
INSERT INTO B_TO_CT_RELATIONSHIPS (B_EntryNumber, CodeTable_EntryNumber) VALUES(1060, 3361)
INSERT INTO B_TO_CT_RELATIONSHIPS (B_EntryNumber, CodeTable_EntryNumber) VALUES(2506, 3361)
INSERT INTO CODETABLE_ENTRIES (Value, Meaning) VALUES(830, 'CTD')
INSERT INTO B_TO_CT_RELATIONSHIPS (B_EntryNumber, CodeTable_EntryNumber) VALUES(1060, 3362)
INSERT INTO B_TO_CT_RELATIONSHIPS (B_EntryNumber, CodeTable_EntryNumber) VALUES(2506, 3362)
INSERT INTO CODETABLE_ENTRIES (Value, Meaning) VALUES(831, 'CTD-P-ALACE float')
INSERT INTO B_TO_CT_RELATIONSHIPS (B_EntryNumber, CodeTable_EntryNumber) VALUES(1060, 3363)
INSERT INTO B_TO_CT_RELATIONSHIPS (B_EntryNumber, CodeTable_EntryNumber) VALUES(2506, 3363)
INSERT INTO CODETABLE_ENTRIES (Value, Meaning) VALUES(840, 'PROVOR, no conductivity sensor')
INSERT INTO B_TO_CT_RELATIONSHIPS (B_EntryNumber, CodeTable_EntryNumber) VALUES(1060, 3364)
INSERT INTO B_TO_CT_RELATIONSHIPS (B_EntryNumber, CodeTable_EntryNumber) VALUES(2506, 3364)
INSERT INTO CODETABLE_ENTRIES (Value, Meaning) VALUES(841, 'PROVOR, Sea-Bird conductivity sensor')
INSERT INTO B_TO_CT_RELATIONSHIPS (B_EntryNumber, CodeTable_EntryNumber) VALUES(1060, 3365)
INSERT INTO B_TO_CT_RELATIONSHIPS (B_EntryNumber, CodeTable_EntryNumber) VALUES(2506, 3365)
INSERT INTO CODETABLE_ENTRIES (Value, Meaning) VALUES(842, 'PROVOR, FSI conductivity sensor')
INSERT INTO B_TO_CT_RELATIONSHIPS (B_EntryNumber, CodeTable_EntryNumber) VALUES(1060, 3366)
INSERT INTO B_TO_CT_RELATIONSHIPS (B_EntryNumber, CodeTable_EntryNumber) VALUES(2506, 3366)
INSERT INTO CODETABLE_ENTRIES (Value, Meaning) VALUES(843, 'Polar Ocean Profiling System (POPS), PROVOR, SBE CTD')
INSERT INTO B_TO_CT_RELATIONSHIPS (B_EntryNumber, CodeTable_EntryNumber) VALUES(1060, 3367)
INSERT INTO B_TO_CT_RELATIONSHIPS (B_EntryNumber, CodeTable_EntryNumber) VALUES(2506, 3367)
INSERT INTO CODETABLE_ENTRIES (Value, Meaning) VALUES(844, 'Profiling Float, ARVOR, Seabird conductivity sensor')
INSERT INTO B_TO_CT_RELATIONSHIPS (B_EntryNumber, CodeTable_EntryNumber) VALUES(1060, 3368)
INSERT INTO B_TO_CT_RELATIONSHIPS (B_EntryNumber, CodeTable_EntryNumber) VALUES(2506, 3368)
INSERT INTO CODETABLE_ENTRIES (Value, Meaning) VALUES(845, 'Webb Research, no conductivity sensor')
INSERT INTO B_TO_CT_RELATIONSHIPS (B_EntryNumber, CodeTable_EntryNumber) VALUES(1060, 3369)
INSERT INTO B_TO_CT_RELATIONSHIPS (B_EntryNumber, CodeTable_EntryNumber) VALUES(2506, 3369)
INSERT INTO CODETABLE_ENTRIES (Value, Meaning) VALUES(846, 'Webb Research, Sea-Bird conductivity sensor')
INSERT INTO B_TO_CT_RELATIONSHIPS (B_EntryNumber, CodeTable_EntryNumber) VALUES(1060, 3370)
INSERT INTO B_TO_CT_RELATIONSHIPS (B_EntryNumber, CodeTable_EntryNumber) VALUES(2506, 3370)
INSERT INTO CODETABLE_ENTRIES (Value, Meaning) VALUES(847, 'Webb Research, FSI conductivity sensor')
INSERT INTO B_TO_CT_RELATIONSHIPS (B_EntryNumber, CodeTable_EntryNumber) VALUES(1060, 3371)
INSERT INTO B_TO_CT_RELATIONSHIPS (B_EntryNumber, CodeTable_EntryNumber) VALUES(2506, 3371)
INSERT INTO CODETABLE_ENTRIES (Value, Meaning) VALUES(850, 'SOLO, no conductivity sensor')
INSERT INTO B_TO_CT_RELATIONSHIPS (B_EntryNumber, CodeTable_EntryNumber) VALUES(1060, 3372)
INSERT INTO B_TO_CT_RELATIONSHIPS (B_EntryNumber, CodeTable_EntryNumber) VALUES(2506, 3372)
INSERT INTO CODETABLE_ENTRIES (Value, Meaning) VALUES(851, 'SOLO, Sea-Bird conductivity sensor')
INSERT INTO B_TO_CT_RELATIONSHIPS (B_EntryNumber, CodeTable_EntryNumber) VALUES(1060, 3373)
INSERT INTO B_TO_CT_RELATIONSHIPS (B_EntryNumber, CodeTable_EntryNumber) VALUES(2506, 3373)
INSERT INTO CODETABLE_ENTRIES (Value, Meaning) VALUES(852, 'SOLO,  FSI conductivity sensor')
INSERT INTO B_TO_CT_RELATIONSHIPS (B_EntryNumber, CodeTable_EntryNumber) VALUES(1060, 3374)
INSERT INTO B_TO_CT_RELATIONSHIPS (B_EntryNumber, CodeTable_EntryNumber) VALUES(2506, 3374)
INSERT INTO CODETABLE_ENTRIES (Value, Meaning) VALUES(853, 'Profiling Float, SOLO2 (SCRIPPS), Seabird conductivity sensor')
INSERT INTO B_TO_CT_RELATIONSHIPS (B_EntryNumber, CodeTable_EntryNumber) VALUES(1060, 3375)
INSERT INTO B_TO_CT_RELATIONSHIPS (B_EntryNumber, CodeTable_EntryNumber) VALUES(2506, 3375)
INSERT INTO CODETABLE_ENTRIES (Value, Meaning) VALUES(855, 'Profiling Float, NINJA, no conductivity sensor')
INSERT INTO B_TO_CT_RELATIONSHIPS (B_EntryNumber, CodeTable_EntryNumber) VALUES(1060, 3376)
INSERT INTO B_TO_CT_RELATIONSHIPS (B_EntryNumber, CodeTable_EntryNumber) VALUES(2506, 3376)
INSERT INTO CODETABLE_ENTRIES (Value, Meaning) VALUES(856, 'Profiling Float, NINJA, SBE conductivity sensor')
INSERT INTO B_TO_CT_RELATIONSHIPS (B_EntryNumber, CodeTable_EntryNumber) VALUES(1060, 3377)
INSERT INTO B_TO_CT_RELATIONSHIPS (B_EntryNumber, CodeTable_EntryNumber) VALUES(2506, 3377)
INSERT INTO CODETABLE_ENTRIES (Value, Meaning) VALUES(857, 'Profiling Float, NINJA, FSI conductivity sensor')
INSERT INTO B_TO_CT_RELATIONSHIPS (B_EntryNumber, CodeTable_EntryNumber) VALUES(1060, 3378)
INSERT INTO B_TO_CT_RELATIONSHIPS (B_EntryNumber, CodeTable_EntryNumber) VALUES(2506, 3378)
INSERT INTO CODETABLE_ENTRIES (Value, Meaning) VALUES(858, 'Profiling Float, NINJA, TSK conductivity sensor')
INSERT INTO B_TO_CT_RELATIONSHIPS (B_EntryNumber, CodeTable_EntryNumber) VALUES(1060, 3379)
INSERT INTO B_TO_CT_RELATIONSHIPS (B_EntryNumber, CodeTable_EntryNumber) VALUES(2506, 3379)
INSERT INTO CODETABLE_ENTRIES (Value, Meaning) VALUES(859, 'Profiling Float, NEMO, no conductivity')
INSERT INTO B_TO_CT_RELATIONSHIPS (B_EntryNumber, CodeTable_EntryNumber) VALUES(1060, 3380)
INSERT INTO B_TO_CT_RELATIONSHIPS (B_EntryNumber, CodeTable_EntryNumber) VALUES(2506, 3380)
INSERT INTO CODETABLE_ENTRIES (Value, Meaning) VALUES(860, 'Profiling Float, NEMO, SBE conductivity sensor')
INSERT INTO B_TO_CT_RELATIONSHIPS (B_EntryNumber, CodeTable_EntryNumber) VALUES(1060, 3381)
INSERT INTO B_TO_CT_RELATIONSHIPS (B_EntryNumber, CodeTable_EntryNumber) VALUES(2506, 3381)
INSERT INTO CODETABLE_ENTRIES (Value, Meaning) VALUES(861, 'Profiling Float, NEMO, FSI conductivity sensor')
INSERT INTO B_TO_CT_RELATIONSHIPS (B_EntryNumber, CodeTable_EntryNumber) VALUES(1060, 3382)
INSERT INTO B_TO_CT_RELATIONSHIPS (B_EntryNumber, CodeTable_EntryNumber) VALUES(2506, 3382)
INSERT INTO CODETABLE_ENTRIES (Value, Meaning) VALUES(900, 'Sippican LMP-5 XBT (fall rate equation coefficients: a = 9.727, b = 0.0000473)')
INSERT INTO B_TO_CT_RELATIONSHIPS (B_EntryNumber, CodeTable_EntryNumber) VALUES(1060, 3383)
INSERT INTO B_TO_CT_RELATIONSHIPS (B_EntryNumber, CodeTable_EntryNumber) VALUES(2506, 3383)
INSERT INTO CODETABLE_ENTRIES (Value, Meaning) VALUES(901, 'Ice-tethered Profiler (ITP), SBE CTD')
INSERT INTO B_TO_CT_RELATIONSHIPS (B_EntryNumber, CodeTable_EntryNumber) VALUES(1060, 3384)
INSERT INTO B_TO_CT_RELATIONSHIPS (B_EntryNumber, CodeTable_EntryNumber) VALUES(2506, 3384)
INSERT INTO CODETABLE_ENTRIES (Value, Meaning) VALUES(995, 'Instrument attached to marine mammals')
INSERT INTO B_TO_CT_RELATIONSHIPS (B_EntryNumber, CodeTable_EntryNumber) VALUES(1060, 3385)
INSERT INTO B_TO_CT_RELATIONSHIPS (B_EntryNumber, CodeTable_EntryNumber) VALUES(2506, 3385)
INSERT INTO CODETABLE_ENTRIES (Value, Meaning) VALUES(996, 'Instrument attached to animals other than marine mammals')
INSERT INTO B_TO_CT_RELATIONSHIPS (B_EntryNumber, CodeTable_EntryNumber) VALUES(1060, 3386)
INSERT INTO B_TO_CT_RELATIONSHIPS (B_EntryNumber, CodeTable_EntryNumber) VALUES(2506, 3386)
