Entry #    1     1     Operational  >Sippican Strip Chart Recorder<
Entry #    2     2     Operational  >Sippican MK2A/SSQ-61<
Entry #    3     3     Operational  >Sippican MK-9<
Entry #    4     4     Operational  >Sippican AN/BHQ-7/MK8<
Entry #    5     5     Operational  >Sippican MK-12<
Entry #    6     6     Operational  >Sippican MK-21<
Entry #    7     8     Operational  >Sippican MK-10<
Entry #    8    10     Operational  >Sparton SOC BT/SV Processor Model 100<
Entry #    9    11     Operational  >Lockheed-Sanders Model OL5005<
Entry #   10    20     Operational  >ARGOS XBT-ST<
Entry #   11    21     Operational  >CLS-ARGOS/Protecno XBT-ST Model-1<
Entry #   12    22     Operational  >CLS-ARGOS/Protecno XBT-ST Model-2<
Entry #   13    30     Operational  >BATHY Systems SA-810<
Entry #   14    31     Operational  >Scripps Metrobyte Controller<
Entry #   15    32     Operational  >Murayama Denki Z-60-16 III<
Entry #   16    33     Operational  >Murayama Denki Z-60-16 II<
Entry #   17    34     Operational  >Protecno ETSM2<
Entry #   18    35     Operational  >Nautilus Marine Service NMS-XBT<
Entry #   19    40     Operational  >TSK MK-2A<
Entry #   20    41     Operational  >TSK MK-2S<
Entry #   21    42     Operational  >TSK MK-30<
Entry #   22    43     Operational  >TSK MK-30N<
Entry #   23    45     Operational  >TSK MK-100<
Entry #   24    46     Operational  >TSK MK-130 Compatible recorder for both XBT and XCTD<
Entry #   25    47     Operational  >TSK MK-130 AXCTD recorder<
Entry #   26    48     Operational  >TSK AXBT RECEIVER MK-300<
Entry #   27    50     Operational  >JMA ASTOS<
Entry #   28    60     Operational  >ARGOS communications, sampling on up transit<
Entry #   29    61     Operational  >ARGOS communications, sampling on down transit<
Entry #   30    62     Operational  >Orbcomm communications, sampling on up transit<
Entry #   31    63     Operational  >Orbcomm communications, sampling on down transit<
Entry #   32    64     Operational  >Iridium communications, sampling on up transit<
Entry #   33    65     Operational  >Iridium communications, sampling on down transit<
Entry #   34    70     Operational  >CSIRO Devil-1 XBT acquisition system<
Entry #   35    71     Operational  >CSIRO Devil-2 XBT acquisition system<
Entry #   36    80     Operational  >Applied Microsystems Ltd., MICRO-SVT&P<
Entry #   37    81     Operational  >Sea Mammal Research Unit, Univ. St. Andrews, UK, uncorrected salinity from a sea mammal mounted instrument<
Entry #   38    82     Operational  >Sea Mammal Research Unit, Univ. St. Andrews, UK, corrected salinity from a sea mammal mounted instrument<
Entry #   39    99     Operational  >Unknown<
Entry #   40   127     Operational  >Missing value<
INSERT INTO CODETABLE_ENTRIES (Value, Meaning) VALUES(1, 'Sippican Strip Chart Recorder')
INSERT INTO B_TO_CT_RELATIONSHIPS (B_EntryNumber, CodeTable_EntryNumber) VALUES(1061, 3748)
INSERT INTO B_TO_CT_RELATIONSHIPS (B_EntryNumber, CodeTable_EntryNumber) VALUES(2507, 3748)
INSERT INTO CODETABLE_ENTRIES (Value, Meaning) VALUES(2, 'Sippican MK2A/SSQ-61')
INSERT INTO B_TO_CT_RELATIONSHIPS (B_EntryNumber, CodeTable_EntryNumber) VALUES(1061, 3749)
INSERT INTO B_TO_CT_RELATIONSHIPS (B_EntryNumber, CodeTable_EntryNumber) VALUES(2507, 3749)
INSERT INTO CODETABLE_ENTRIES (Value, Meaning) VALUES(3, 'Sippican MK-9')
INSERT INTO B_TO_CT_RELATIONSHIPS (B_EntryNumber, CodeTable_EntryNumber) VALUES(1061, 3750)
INSERT INTO B_TO_CT_RELATIONSHIPS (B_EntryNumber, CodeTable_EntryNumber) VALUES(2507, 3750)
INSERT INTO CODETABLE_ENTRIES (Value, Meaning) VALUES(4, 'Sippican AN/BHQ-7/MK8')
INSERT INTO B_TO_CT_RELATIONSHIPS (B_EntryNumber, CodeTable_EntryNumber) VALUES(1061, 3751)
INSERT INTO B_TO_CT_RELATIONSHIPS (B_EntryNumber, CodeTable_EntryNumber) VALUES(2507, 3751)
INSERT INTO CODETABLE_ENTRIES (Value, Meaning) VALUES(5, 'Sippican MK-12')
INSERT INTO B_TO_CT_RELATIONSHIPS (B_EntryNumber, CodeTable_EntryNumber) VALUES(1061, 3752)
INSERT INTO B_TO_CT_RELATIONSHIPS (B_EntryNumber, CodeTable_EntryNumber) VALUES(2507, 3752)
INSERT INTO CODETABLE_ENTRIES (Value, Meaning) VALUES(6, 'Sippican MK-21')
INSERT INTO B_TO_CT_RELATIONSHIPS (B_EntryNumber, CodeTable_EntryNumber) VALUES(1061, 3753)
INSERT INTO B_TO_CT_RELATIONSHIPS (B_EntryNumber, CodeTable_EntryNumber) VALUES(2507, 3753)
INSERT INTO CODETABLE_ENTRIES (Value, Meaning) VALUES(8, 'Sippican MK-10')
INSERT INTO B_TO_CT_RELATIONSHIPS (B_EntryNumber, CodeTable_EntryNumber) VALUES(1061, 3754)
INSERT INTO B_TO_CT_RELATIONSHIPS (B_EntryNumber, CodeTable_EntryNumber) VALUES(2507, 3754)
INSERT INTO CODETABLE_ENTRIES (Value, Meaning) VALUES(10, 'Sparton SOC BT/SV Processor Model 100')
INSERT INTO B_TO_CT_RELATIONSHIPS (B_EntryNumber, CodeTable_EntryNumber) VALUES(1061, 3755)
INSERT INTO B_TO_CT_RELATIONSHIPS (B_EntryNumber, CodeTable_EntryNumber) VALUES(2507, 3755)
INSERT INTO CODETABLE_ENTRIES (Value, Meaning) VALUES(11, 'Lockheed-Sanders Model OL5005')
INSERT INTO B_TO_CT_RELATIONSHIPS (B_EntryNumber, CodeTable_EntryNumber) VALUES(1061, 3756)
INSERT INTO B_TO_CT_RELATIONSHIPS (B_EntryNumber, CodeTable_EntryNumber) VALUES(2507, 3756)
INSERT INTO CODETABLE_ENTRIES (Value, Meaning) VALUES(20, 'ARGOS XBT-ST')
INSERT INTO B_TO_CT_RELATIONSHIPS (B_EntryNumber, CodeTable_EntryNumber) VALUES(1061, 3757)
INSERT INTO B_TO_CT_RELATIONSHIPS (B_EntryNumber, CodeTable_EntryNumber) VALUES(2507, 3757)
INSERT INTO CODETABLE_ENTRIES (Value, Meaning) VALUES(21, 'CLS-ARGOS/Protecno XBT-ST Model-1')
INSERT INTO B_TO_CT_RELATIONSHIPS (B_EntryNumber, CodeTable_EntryNumber) VALUES(1061, 3758)
INSERT INTO B_TO_CT_RELATIONSHIPS (B_EntryNumber, CodeTable_EntryNumber) VALUES(2507, 3758)
INSERT INTO CODETABLE_ENTRIES (Value, Meaning) VALUES(22, 'CLS-ARGOS/Protecno XBT-ST Model-2')
INSERT INTO B_TO_CT_RELATIONSHIPS (B_EntryNumber, CodeTable_EntryNumber) VALUES(1061, 3759)
INSERT INTO B_TO_CT_RELATIONSHIPS (B_EntryNumber, CodeTable_EntryNumber) VALUES(2507, 3759)
INSERT INTO CODETABLE_ENTRIES (Value, Meaning) VALUES(30, 'BATHY Systems SA-810')
INSERT INTO B_TO_CT_RELATIONSHIPS (B_EntryNumber, CodeTable_EntryNumber) VALUES(1061, 3760)
INSERT INTO B_TO_CT_RELATIONSHIPS (B_EntryNumber, CodeTable_EntryNumber) VALUES(2507, 3760)
INSERT INTO CODETABLE_ENTRIES (Value, Meaning) VALUES(31, 'Scripps Metrobyte Controller')
INSERT INTO B_TO_CT_RELATIONSHIPS (B_EntryNumber, CodeTable_EntryNumber) VALUES(1061, 3761)
INSERT INTO B_TO_CT_RELATIONSHIPS (B_EntryNumber, CodeTable_EntryNumber) VALUES(2507, 3761)
INSERT INTO CODETABLE_ENTRIES (Value, Meaning) VALUES(32, 'Murayama Denki Z-60-16 III')
INSERT INTO B_TO_CT_RELATIONSHIPS (B_EntryNumber, CodeTable_EntryNumber) VALUES(1061, 3762)
INSERT INTO B_TO_CT_RELATIONSHIPS (B_EntryNumber, CodeTable_EntryNumber) VALUES(2507, 3762)
INSERT INTO CODETABLE_ENTRIES (Value, Meaning) VALUES(33, 'Murayama Denki Z-60-16 II')
INSERT INTO B_TO_CT_RELATIONSHIPS (B_EntryNumber, CodeTable_EntryNumber) VALUES(1061, 3763)
INSERT INTO B_TO_CT_RELATIONSHIPS (B_EntryNumber, CodeTable_EntryNumber) VALUES(2507, 3763)
INSERT INTO CODETABLE_ENTRIES (Value, Meaning) VALUES(34, 'Protecno ETSM2')
INSERT INTO B_TO_CT_RELATIONSHIPS (B_EntryNumber, CodeTable_EntryNumber) VALUES(1061, 3764)
INSERT INTO B_TO_CT_RELATIONSHIPS (B_EntryNumber, CodeTable_EntryNumber) VALUES(2507, 3764)
INSERT INTO CODETABLE_ENTRIES (Value, Meaning) VALUES(35, 'Nautilus Marine Service NMS-XBT')
INSERT INTO B_TO_CT_RELATIONSHIPS (B_EntryNumber, CodeTable_EntryNumber) VALUES(1061, 3765)
INSERT INTO B_TO_CT_RELATIONSHIPS (B_EntryNumber, CodeTable_EntryNumber) VALUES(2507, 3765)
INSERT INTO CODETABLE_ENTRIES (Value, Meaning) VALUES(40, 'TSK MK-2A')
INSERT INTO B_TO_CT_RELATIONSHIPS (B_EntryNumber, CodeTable_EntryNumber) VALUES(1061, 3766)
INSERT INTO B_TO_CT_RELATIONSHIPS (B_EntryNumber, CodeTable_EntryNumber) VALUES(2507, 3766)
INSERT INTO CODETABLE_ENTRIES (Value, Meaning) VALUES(41, 'TSK MK-2S')
INSERT INTO B_TO_CT_RELATIONSHIPS (B_EntryNumber, CodeTable_EntryNumber) VALUES(1061, 3767)
INSERT INTO B_TO_CT_RELATIONSHIPS (B_EntryNumber, CodeTable_EntryNumber) VALUES(2507, 3767)
INSERT INTO CODETABLE_ENTRIES (Value, Meaning) VALUES(42, 'TSK MK-30')
INSERT INTO B_TO_CT_RELATIONSHIPS (B_EntryNumber, CodeTable_EntryNumber) VALUES(1061, 3768)
INSERT INTO B_TO_CT_RELATIONSHIPS (B_EntryNumber, CodeTable_EntryNumber) VALUES(2507, 3768)
INSERT INTO CODETABLE_ENTRIES (Value, Meaning) VALUES(43, 'TSK MK-30N')
INSERT INTO B_TO_CT_RELATIONSHIPS (B_EntryNumber, CodeTable_EntryNumber) VALUES(1061, 3769)
INSERT INTO B_TO_CT_RELATIONSHIPS (B_EntryNumber, CodeTable_EntryNumber) VALUES(2507, 3769)
INSERT INTO CODETABLE_ENTRIES (Value, Meaning) VALUES(45, 'TSK MK-100')
INSERT INTO B_TO_CT_RELATIONSHIPS (B_EntryNumber, CodeTable_EntryNumber) VALUES(1061, 3770)
INSERT INTO B_TO_CT_RELATIONSHIPS (B_EntryNumber, CodeTable_EntryNumber) VALUES(2507, 3770)
INSERT INTO CODETABLE_ENTRIES (Value, Meaning) VALUES(46, 'TSK MK-130 Compatible recorder for both XBT and XCTD')
INSERT INTO B_TO_CT_RELATIONSHIPS (B_EntryNumber, CodeTable_EntryNumber) VALUES(1061, 3771)
INSERT INTO B_TO_CT_RELATIONSHIPS (B_EntryNumber, CodeTable_EntryNumber) VALUES(2507, 3771)
INSERT INTO CODETABLE_ENTRIES (Value, Meaning) VALUES(47, 'TSK MK-130 AXCTD recorder')
INSERT INTO B_TO_CT_RELATIONSHIPS (B_EntryNumber, CodeTable_EntryNumber) VALUES(1061, 3772)
INSERT INTO B_TO_CT_RELATIONSHIPS (B_EntryNumber, CodeTable_EntryNumber) VALUES(2507, 3772)
INSERT INTO CODETABLE_ENTRIES (Value, Meaning) VALUES(48, 'TSK AXBT RECEIVER MK-300')
INSERT INTO B_TO_CT_RELATIONSHIPS (B_EntryNumber, CodeTable_EntryNumber) VALUES(1061, 3773)
INSERT INTO B_TO_CT_RELATIONSHIPS (B_EntryNumber, CodeTable_EntryNumber) VALUES(2507, 3773)
INSERT INTO CODETABLE_ENTRIES (Value, Meaning) VALUES(50, 'JMA ASTOS')
INSERT INTO B_TO_CT_RELATIONSHIPS (B_EntryNumber, CodeTable_EntryNumber) VALUES(1061, 3774)
INSERT INTO B_TO_CT_RELATIONSHIPS (B_EntryNumber, CodeTable_EntryNumber) VALUES(2507, 3774)
INSERT INTO CODETABLE_ENTRIES (Value, Meaning) VALUES(60, 'ARGOS communications, sampling on up transit')
INSERT INTO B_TO_CT_RELATIONSHIPS (B_EntryNumber, CodeTable_EntryNumber) VALUES(1061, 3775)
INSERT INTO B_TO_CT_RELATIONSHIPS (B_EntryNumber, CodeTable_EntryNumber) VALUES(2507, 3775)
INSERT INTO CODETABLE_ENTRIES (Value, Meaning) VALUES(61, 'ARGOS communications, sampling on down transit')
INSERT INTO B_TO_CT_RELATIONSHIPS (B_EntryNumber, CodeTable_EntryNumber) VALUES(1061, 3776)
INSERT INTO B_TO_CT_RELATIONSHIPS (B_EntryNumber, CodeTable_EntryNumber) VALUES(2507, 3776)
INSERT INTO CODETABLE_ENTRIES (Value, Meaning) VALUES(62, 'Orbcomm communications, sampling on up transit')
INSERT INTO B_TO_CT_RELATIONSHIPS (B_EntryNumber, CodeTable_EntryNumber) VALUES(1061, 3777)
INSERT INTO B_TO_CT_RELATIONSHIPS (B_EntryNumber, CodeTable_EntryNumber) VALUES(2507, 3777)
INSERT INTO CODETABLE_ENTRIES (Value, Meaning) VALUES(63, 'Orbcomm communications, sampling on down transit')
INSERT INTO B_TO_CT_RELATIONSHIPS (B_EntryNumber, CodeTable_EntryNumber) VALUES(1061, 3778)
INSERT INTO B_TO_CT_RELATIONSHIPS (B_EntryNumber, CodeTable_EntryNumber) VALUES(2507, 3778)
INSERT INTO CODETABLE_ENTRIES (Value, Meaning) VALUES(64, 'Iridium communications, sampling on up transit')
INSERT INTO B_TO_CT_RELATIONSHIPS (B_EntryNumber, CodeTable_EntryNumber) VALUES(1061, 3779)
INSERT INTO B_TO_CT_RELATIONSHIPS (B_EntryNumber, CodeTable_EntryNumber) VALUES(2507, 3779)
INSERT INTO CODETABLE_ENTRIES (Value, Meaning) VALUES(65, 'Iridium communications, sampling on down transit')
INSERT INTO B_TO_CT_RELATIONSHIPS (B_EntryNumber, CodeTable_EntryNumber) VALUES(1061, 3780)
INSERT INTO B_TO_CT_RELATIONSHIPS (B_EntryNumber, CodeTable_EntryNumber) VALUES(2507, 3780)
INSERT INTO CODETABLE_ENTRIES (Value, Meaning) VALUES(70, 'CSIRO Devil-1 XBT acquisition system')
INSERT INTO B_TO_CT_RELATIONSHIPS (B_EntryNumber, CodeTable_EntryNumber) VALUES(1061, 3781)
INSERT INTO B_TO_CT_RELATIONSHIPS (B_EntryNumber, CodeTable_EntryNumber) VALUES(2507, 3781)
INSERT INTO CODETABLE_ENTRIES (Value, Meaning) VALUES(71, 'CSIRO Devil-2 XBT acquisition system')
INSERT INTO B_TO_CT_RELATIONSHIPS (B_EntryNumber, CodeTable_EntryNumber) VALUES(1061, 3782)
INSERT INTO B_TO_CT_RELATIONSHIPS (B_EntryNumber, CodeTable_EntryNumber) VALUES(2507, 3782)
INSERT INTO CODETABLE_ENTRIES (Value, Meaning) VALUES(80, 'Applied Microsystems Ltd., MICRO-SVT&P')
INSERT INTO B_TO_CT_RELATIONSHIPS (B_EntryNumber, CodeTable_EntryNumber) VALUES(1061, 3783)
INSERT INTO B_TO_CT_RELATIONSHIPS (B_EntryNumber, CodeTable_EntryNumber) VALUES(2507, 3783)
INSERT INTO CODETABLE_ENTRIES (Value, Meaning) VALUES(81, 'Sea Mammal Research Unit, Univ. St. Andrews, UK, uncorrected salinity from a sea mammal mounted instrument')
INSERT INTO B_TO_CT_RELATIONSHIPS (B_EntryNumber, CodeTable_EntryNumber) VALUES(1061, 3784)
INSERT INTO B_TO_CT_RELATIONSHIPS (B_EntryNumber, CodeTable_EntryNumber) VALUES(2507, 3784)
INSERT INTO CODETABLE_ENTRIES (Value, Meaning) VALUES(82, 'Sea Mammal Research Unit, Univ. St. Andrews, UK, corrected salinity from a sea mammal mounted instrument')
INSERT INTO B_TO_CT_RELATIONSHIPS (B_EntryNumber, CodeTable_EntryNumber) VALUES(1061, 3785)
INSERT INTO B_TO_CT_RELATIONSHIPS (B_EntryNumber, CodeTable_EntryNumber) VALUES(2507, 3785)
INSERT INTO CODETABLE_ENTRIES (Value, Meaning) VALUES(99, 'Unknown')
INSERT INTO B_TO_CT_RELATIONSHIPS (B_EntryNumber, CodeTable_EntryNumber) VALUES(1061, 3786)
INSERT INTO B_TO_CT_RELATIONSHIPS (B_EntryNumber, CodeTable_EntryNumber) VALUES(2507, 3786)
