Entry #    1     0     Operational  >Reserved<
Entry #    2  null     Operational  >001-099: Numbers allocated to Europe<
Entry #    3     1     Operational  >ERS 1<
Entry #    4     2     Operational  >ERS 2<
Entry #    5     3     Operational  >METOP-1<
Entry #    6     4     Operational  >METOP-2<
Entry #    7     5     Operational  >METOP-3<
Entry #    8    20     Operational  >SPOT1<
Entry #    9    21     Operational  >SPOT2<
Entry #   10    22     Operational  >SPOT3<
Entry #   11    23     Operational  >SPOT4<
Entry #   12    40     Operational  >OERSTED<
Entry #   13    41     Operational  >CHAMP<
Entry #   14    42     Operational  >TerraSAR-X<
Entry #   15    46     Operational  >SMOS<
Entry #   16    50     Operational  >METEOSAT 3<
Entry #   17    51     Operational  >METEOSAT 4<
Entry #   18    52     Operational  >METEOSAT 5<
Entry #   19    53     Operational  >METEOSAT 6<
Entry #   20    54     Operational  >METEOSAT 7<
Entry #   21    55     Operational  >METEOSAT 8<
Entry #   22    56     Operational  >METEOSAT 9<
Entry #   23    57     Operational  >METEOSAT 10<
Entry #   24    58     Operational  >METEOSAT 1<
Entry #   25    59     Operational  >METEOSAT 2<
Entry #   26    60     Operational  >ENVISAT<
Entry #   27    70     Operational  >METEOSAT 11<
Entry #   28  null     Operational  >100-199: Numbers allocated to Japan<
Entry #   29   120     Operational  >ADEOS<
Entry #   30   121     Operational  >ADEOS II<
Entry #   31   140     Operational  >GOSAT<
Entry #   32   150     Operational  >GMS 3<
Entry #   33   151     Operational  >GMS 4<
Entry #   34   152     Operational  >GMS 5<
Entry #   35   171     Operational  >MTSAT-1R<
Entry #   36   172     Operational  >MTSAT-2<
Entry #   37  null     Operational  >200-299: Numbers allocated to USA<
Entry #   38   200     Operational  >NOAA 8<
Entry #   39   201     Operational  >NOAA 9<
Entry #   40   202     Operational  >NOAA 10<
Entry #   41   203     Operational  >NOAA 11<
Entry #   42   204     Operational  >NOAA 12<
Entry #   43   205     Operational  >NOAA 14<
Entry #   44   206     Operational  >NOAA 15<
Entry #   45   207     Operational  >NOAA 16<
Entry #   46   208     Operational  >NOAA 17<
Entry #   47   209     Operational  >NOAA 18<
Entry #   48   220     Operational  >LANDSAT 5<
Entry #   49   221     Operational  >LANDSAT 4<
Entry #   50   222     Operational  >LANDSAT 7<
Entry #   51   223     Operational  >NOAA 19<
Entry #   52   224     Operational  >NPP<
Entry #   53   240     Operational  >DMSP 7<
Entry #   54   241     Operational  >DMSP 8<
Entry #   55   242     Operational  >DMSP 9<
Entry #   56   243     Operational  >DMSP 10<
Entry #   57   244     Operational  >DMSP 11<
Entry #   58   245     Operational  >DMSP 12<
Entry #   59   246     Operational  >DMSP 13<
Entry #   60   247     Operational  >DMSP 14<
Entry #   61   248     Operational  >DMSP 15<
Entry #   62   249     Operational  >DMSP 16<
Entry #   63   250     Operational  >GOES 6<
Entry #   64   251     Operational  >GOES 7<
Entry #   65   252     Operational  >GOES 8<
Entry #   66   253     Operational  >GOES 9<
Entry #   67   254     Operational  >GOES 10<
Entry #   68   255     Operational  >GOES 11<
Entry #   69   256     Operational  >GOES 12<
Entry #   70   257     Operational  >GOES 13<
Entry #   71   258     Operational  >GOES 14<
Entry #   72   259     Operational  >GOES 15<
Entry #   73   260     Operational  >JASON 1<
Entry #   74   261     Operational  >JASON 2<
Entry #   75   281     Operational  >QUIKSCAT<
Entry #   76   282     Operational  >TRMM<
Entry #   77   283     Operational  >CORIOLIS<
Entry #   78   285     Operational  >DMSP17<
Entry #   79   286     Operational  >DMSP18<
Entry #   80  null     Operational  >300-399: Numbers allocated to Russian Federation<
Entry #   81   310     Operational  >GOMS 1<
Entry #   82   311     Operational  >GOMS 2<
Entry #   83   320     Operational  >METEOR 2-21<
Entry #   84   321     Operational  >METEOR 3-5<
Entry #   85   322     Operational  >METEOR 3M-1<
Entry #   86   323     Operational  >METEOR 3M-2<
Entry #   87   341     Operational  >RESURS 01-4<
Entry #   88  null     Operational  >400-499: Numbers allocated to India<
Entry #   89   410     Operational  >KALPANA-1<
Entry #   90   430     Operational  >INSAT 1B<
Entry #   91   431     Operational  >INSAT 1C<
Entry #   92   432     Operational  >INSAT 1D<
Entry #   93   450     Operational  >INSAT 2A<
Entry #   94   451     Operational  >INSAT 2B<
Entry #   95   452     Operational  >INSAT 2E<
Entry #   96   470     Operational  >INSAT 3A<
Entry #   97   471     Operational  >INSAT 3D<
Entry #   98   472     Operational  >INSAT 3E<
Entry #   99  null     Operational  >500-599: Numbers allocated to China<
Entry #  100   500     Operational  >FY-1C<
Entry #  101   501     Operational  >FY-1D<
Entry #  102   510     Operational  >FY-2<
Entry #  103   512     Operational  >FY-2B<
Entry #  104   513     Operational  >FY-2C<
Entry #  105   514     Operational  >FY-2D<
Entry #  106   520     Operational  >FY-3A<
Entry #  107  null     Operational  >600-699: Numbers allocated to Europe<
Entry #  108  null     Operational  >700-799: Numbers allocated to USA<
Entry #  109   700     Operational  >TIROS M (ITOS 1)<
Entry #  110   701     Operational  >NOAA 1<
Entry #  111   702     Operational  >NOAA 2<
Entry #  112   703     Operational  >NOAA 3<
Entry #  113   704     Operational  >NOAA 4<
Entry #  114   705     Operational  >NOAA 5<
Entry #  115   706     Operational  >NOAA 6<
Entry #  116   707     Operational  >NOAA 7<
Entry #  117   708     Operational  >TIROS-N<
Entry #  118   710     Operational  >GOES (SMS 1)<
Entry #  119   711     Operational  >GOES (SMS 2)<
Entry #  120   720     Operational  >TOPEX<
Entry #  121   721     Operational  >GFO<
Entry #  122   722     Operational  >GRACE A<
Entry #  123   723     Operational  >GRACE B<
Entry #  124   731     Operational  >GOES 1<
Entry #  125   732     Operational  >GOES 2<
Entry #  126   733     Operational  >GOES 3<
Entry #  127   734     Operational  >GOES 4<
Entry #  128   735     Operational  >GOES 5<
Entry #  129   740     Operational  >COSMIC-1<
Entry #  130   741     Operational  >COSMIC-2<
Entry #  131   742     Operational  >COSMIC-3<
Entry #  132   743     Operational  >COSMIC-4<
Entry #  133   744     Operational  >COSMIC-5<
Entry #  134   745     Operational  >COSMIC-6<
Entry #  135   763     Operational  >NIMBUS 3<
Entry #  136   764     Operational  >NIMBUS 4<
Entry #  137   765     Operational  >NIMBUS 5<
Entry #  138   766     Operational  >NIMBUS 6<
Entry #  139   767     Operational  >NIMBUS 7<
Entry #  140   780     Operational  >ERBS<
Entry #  141   781     Operational  >UARS<
Entry #  142   782     Operational  >EARTH PROBE<
Entry #  143   783     Operational  >TERRA<
Entry #  144   784     Operational  >AQUA<
Entry #  145   785     Operational  >AURA<
Entry #  146  null     Operational  >800-849 Numbers allocated to other satellite operators<
Entry #  147   800     Operational  >SUNSAT<
Entry #  148   820     Operational  >SAC-C<
Entry #  149 850-998     Operational  >Reserved<
Entry #  150 999-1022     Operational  >Reserved<
Entry #  151  1023     Operational  >Missing value<
INSERT INTO CODETABLE_ENTRIES (Value, Meaning) VALUES(1, 'ERS 1')
INSERT INTO B_TO_CT_RELATIONSHIPS (B_EntryNumber, CodeTable_EntryNumber) VALUES(27, 3787)
INSERT INTO B_TO_CT_RELATIONSHIPS (B_EntryNumber, CodeTable_EntryNumber) VALUES(1460, 3787)
INSERT INTO CODETABLE_ENTRIES (Value, Meaning) VALUES(2, 'ERS 2')
INSERT INTO B_TO_CT_RELATIONSHIPS (B_EntryNumber, CodeTable_EntryNumber) VALUES(27, 3788)
INSERT INTO B_TO_CT_RELATIONSHIPS (B_EntryNumber, CodeTable_EntryNumber) VALUES(1460, 3788)
INSERT INTO CODETABLE_ENTRIES (Value, Meaning) VALUES(3, 'METOP-1')
INSERT INTO B_TO_CT_RELATIONSHIPS (B_EntryNumber, CodeTable_EntryNumber) VALUES(27, 3789)
INSERT INTO B_TO_CT_RELATIONSHIPS (B_EntryNumber, CodeTable_EntryNumber) VALUES(1460, 3789)
INSERT INTO CODETABLE_ENTRIES (Value, Meaning) VALUES(4, 'METOP-2')
INSERT INTO B_TO_CT_RELATIONSHIPS (B_EntryNumber, CodeTable_EntryNumber) VALUES(27, 3790)
INSERT INTO B_TO_CT_RELATIONSHIPS (B_EntryNumber, CodeTable_EntryNumber) VALUES(1460, 3790)
INSERT INTO CODETABLE_ENTRIES (Value, Meaning) VALUES(5, 'METOP-3')
INSERT INTO B_TO_CT_RELATIONSHIPS (B_EntryNumber, CodeTable_EntryNumber) VALUES(27, 3791)
INSERT INTO B_TO_CT_RELATIONSHIPS (B_EntryNumber, CodeTable_EntryNumber) VALUES(1460, 3791)
INSERT INTO CODETABLE_ENTRIES (Value, Meaning) VALUES(20, 'SPOT1')
INSERT INTO B_TO_CT_RELATIONSHIPS (B_EntryNumber, CodeTable_EntryNumber) VALUES(27, 3792)
INSERT INTO B_TO_CT_RELATIONSHIPS (B_EntryNumber, CodeTable_EntryNumber) VALUES(1460, 3792)
INSERT INTO CODETABLE_ENTRIES (Value, Meaning) VALUES(21, 'SPOT2')
INSERT INTO B_TO_CT_RELATIONSHIPS (B_EntryNumber, CodeTable_EntryNumber) VALUES(27, 3793)
INSERT INTO B_TO_CT_RELATIONSHIPS (B_EntryNumber, CodeTable_EntryNumber) VALUES(1460, 3793)
INSERT INTO CODETABLE_ENTRIES (Value, Meaning) VALUES(22, 'SPOT3')
INSERT INTO B_TO_CT_RELATIONSHIPS (B_EntryNumber, CodeTable_EntryNumber) VALUES(27, 3794)
INSERT INTO B_TO_CT_RELATIONSHIPS (B_EntryNumber, CodeTable_EntryNumber) VALUES(1460, 3794)
INSERT INTO CODETABLE_ENTRIES (Value, Meaning) VALUES(23, 'SPOT4')
INSERT INTO B_TO_CT_RELATIONSHIPS (B_EntryNumber, CodeTable_EntryNumber) VALUES(27, 3795)
INSERT INTO B_TO_CT_RELATIONSHIPS (B_EntryNumber, CodeTable_EntryNumber) VALUES(1460, 3795)
INSERT INTO CODETABLE_ENTRIES (Value, Meaning) VALUES(40, 'OERSTED')
INSERT INTO B_TO_CT_RELATIONSHIPS (B_EntryNumber, CodeTable_EntryNumber) VALUES(27, 3796)
INSERT INTO B_TO_CT_RELATIONSHIPS (B_EntryNumber, CodeTable_EntryNumber) VALUES(1460, 3796)
INSERT INTO CODETABLE_ENTRIES (Value, Meaning) VALUES(41, 'CHAMP')
INSERT INTO B_TO_CT_RELATIONSHIPS (B_EntryNumber, CodeTable_EntryNumber) VALUES(27, 3797)
INSERT INTO B_TO_CT_RELATIONSHIPS (B_EntryNumber, CodeTable_EntryNumber) VALUES(1460, 3797)
INSERT INTO CODETABLE_ENTRIES (Value, Meaning) VALUES(42, 'TerraSAR-X')
INSERT INTO B_TO_CT_RELATIONSHIPS (B_EntryNumber, CodeTable_EntryNumber) VALUES(27, 3798)
INSERT INTO B_TO_CT_RELATIONSHIPS (B_EntryNumber, CodeTable_EntryNumber) VALUES(1460, 3798)
INSERT INTO CODETABLE_ENTRIES (Value, Meaning) VALUES(46, 'SMOS')
INSERT INTO B_TO_CT_RELATIONSHIPS (B_EntryNumber, CodeTable_EntryNumber) VALUES(27, 3799)
INSERT INTO B_TO_CT_RELATIONSHIPS (B_EntryNumber, CodeTable_EntryNumber) VALUES(1460, 3799)
INSERT INTO CODETABLE_ENTRIES (Value, Meaning) VALUES(50, 'METEOSAT 3')
INSERT INTO B_TO_CT_RELATIONSHIPS (B_EntryNumber, CodeTable_EntryNumber) VALUES(27, 3800)
INSERT INTO B_TO_CT_RELATIONSHIPS (B_EntryNumber, CodeTable_EntryNumber) VALUES(1460, 3800)
INSERT INTO CODETABLE_ENTRIES (Value, Meaning) VALUES(51, 'METEOSAT 4')
INSERT INTO B_TO_CT_RELATIONSHIPS (B_EntryNumber, CodeTable_EntryNumber) VALUES(27, 3801)
INSERT INTO B_TO_CT_RELATIONSHIPS (B_EntryNumber, CodeTable_EntryNumber) VALUES(1460, 3801)
INSERT INTO CODETABLE_ENTRIES (Value, Meaning) VALUES(52, 'METEOSAT 5')
INSERT INTO B_TO_CT_RELATIONSHIPS (B_EntryNumber, CodeTable_EntryNumber) VALUES(27, 3802)
INSERT INTO B_TO_CT_RELATIONSHIPS (B_EntryNumber, CodeTable_EntryNumber) VALUES(1460, 3802)
INSERT INTO CODETABLE_ENTRIES (Value, Meaning) VALUES(53, 'METEOSAT 6')
INSERT INTO B_TO_CT_RELATIONSHIPS (B_EntryNumber, CodeTable_EntryNumber) VALUES(27, 3803)
INSERT INTO B_TO_CT_RELATIONSHIPS (B_EntryNumber, CodeTable_EntryNumber) VALUES(1460, 3803)
INSERT INTO CODETABLE_ENTRIES (Value, Meaning) VALUES(54, 'METEOSAT 7')
INSERT INTO B_TO_CT_RELATIONSHIPS (B_EntryNumber, CodeTable_EntryNumber) VALUES(27, 3804)
INSERT INTO B_TO_CT_RELATIONSHIPS (B_EntryNumber, CodeTable_EntryNumber) VALUES(1460, 3804)
INSERT INTO CODETABLE_ENTRIES (Value, Meaning) VALUES(55, 'METEOSAT 8')
INSERT INTO B_TO_CT_RELATIONSHIPS (B_EntryNumber, CodeTable_EntryNumber) VALUES(27, 3805)
INSERT INTO B_TO_CT_RELATIONSHIPS (B_EntryNumber, CodeTable_EntryNumber) VALUES(1460, 3805)
INSERT INTO CODETABLE_ENTRIES (Value, Meaning) VALUES(56, 'METEOSAT 9')
INSERT INTO B_TO_CT_RELATIONSHIPS (B_EntryNumber, CodeTable_EntryNumber) VALUES(27, 3806)
INSERT INTO B_TO_CT_RELATIONSHIPS (B_EntryNumber, CodeTable_EntryNumber) VALUES(1460, 3806)
INSERT INTO CODETABLE_ENTRIES (Value, Meaning) VALUES(57, 'METEOSAT 10')
INSERT INTO B_TO_CT_RELATIONSHIPS (B_EntryNumber, CodeTable_EntryNumber) VALUES(27, 3807)
INSERT INTO B_TO_CT_RELATIONSHIPS (B_EntryNumber, CodeTable_EntryNumber) VALUES(1460, 3807)
INSERT INTO CODETABLE_ENTRIES (Value, Meaning) VALUES(58, 'METEOSAT 1')
INSERT INTO B_TO_CT_RELATIONSHIPS (B_EntryNumber, CodeTable_EntryNumber) VALUES(27, 3808)
INSERT INTO B_TO_CT_RELATIONSHIPS (B_EntryNumber, CodeTable_EntryNumber) VALUES(1460, 3808)
INSERT INTO CODETABLE_ENTRIES (Value, Meaning) VALUES(59, 'METEOSAT 2')
INSERT INTO B_TO_CT_RELATIONSHIPS (B_EntryNumber, CodeTable_EntryNumber) VALUES(27, 3809)
INSERT INTO B_TO_CT_RELATIONSHIPS (B_EntryNumber, CodeTable_EntryNumber) VALUES(1460, 3809)
INSERT INTO CODETABLE_ENTRIES (Value, Meaning) VALUES(60, 'ENVISAT')
INSERT INTO B_TO_CT_RELATIONSHIPS (B_EntryNumber, CodeTable_EntryNumber) VALUES(27, 3810)
INSERT INTO B_TO_CT_RELATIONSHIPS (B_EntryNumber, CodeTable_EntryNumber) VALUES(1460, 3810)
INSERT INTO CODETABLE_ENTRIES (Value, Meaning) VALUES(70, 'METEOSAT 11')
INSERT INTO B_TO_CT_RELATIONSHIPS (B_EntryNumber, CodeTable_EntryNumber) VALUES(27, 3811)
INSERT INTO B_TO_CT_RELATIONSHIPS (B_EntryNumber, CodeTable_EntryNumber) VALUES(1460, 3811)
INSERT INTO CODETABLE_ENTRIES (Value, Meaning) VALUES(120, 'ADEOS')
INSERT INTO B_TO_CT_RELATIONSHIPS (B_EntryNumber, CodeTable_EntryNumber) VALUES(27, 3812)
INSERT INTO B_TO_CT_RELATIONSHIPS (B_EntryNumber, CodeTable_EntryNumber) VALUES(1460, 3812)
INSERT INTO CODETABLE_ENTRIES (Value, Meaning) VALUES(121, 'ADEOS II')
INSERT INTO B_TO_CT_RELATIONSHIPS (B_EntryNumber, CodeTable_EntryNumber) VALUES(27, 3813)
INSERT INTO B_TO_CT_RELATIONSHIPS (B_EntryNumber, CodeTable_EntryNumber) VALUES(1460, 3813)
INSERT INTO CODETABLE_ENTRIES (Value, Meaning) VALUES(140, 'GOSAT')
INSERT INTO B_TO_CT_RELATIONSHIPS (B_EntryNumber, CodeTable_EntryNumber) VALUES(27, 3814)
INSERT INTO B_TO_CT_RELATIONSHIPS (B_EntryNumber, CodeTable_EntryNumber) VALUES(1460, 3814)
INSERT INTO CODETABLE_ENTRIES (Value, Meaning) VALUES(150, 'GMS 3')
INSERT INTO B_TO_CT_RELATIONSHIPS (B_EntryNumber, CodeTable_EntryNumber) VALUES(27, 3815)
INSERT INTO B_TO_CT_RELATIONSHIPS (B_EntryNumber, CodeTable_EntryNumber) VALUES(1460, 3815)
INSERT INTO CODETABLE_ENTRIES (Value, Meaning) VALUES(151, 'GMS 4')
INSERT INTO B_TO_CT_RELATIONSHIPS (B_EntryNumber, CodeTable_EntryNumber) VALUES(27, 3816)
INSERT INTO B_TO_CT_RELATIONSHIPS (B_EntryNumber, CodeTable_EntryNumber) VALUES(1460, 3816)
INSERT INTO CODETABLE_ENTRIES (Value, Meaning) VALUES(152, 'GMS 5')
INSERT INTO B_TO_CT_RELATIONSHIPS (B_EntryNumber, CodeTable_EntryNumber) VALUES(27, 3817)
INSERT INTO B_TO_CT_RELATIONSHIPS (B_EntryNumber, CodeTable_EntryNumber) VALUES(1460, 3817)
INSERT INTO CODETABLE_ENTRIES (Value, Meaning) VALUES(171, 'MTSAT-1R')
INSERT INTO B_TO_CT_RELATIONSHIPS (B_EntryNumber, CodeTable_EntryNumber) VALUES(27, 3818)
INSERT INTO B_TO_CT_RELATIONSHIPS (B_EntryNumber, CodeTable_EntryNumber) VALUES(1460, 3818)
INSERT INTO CODETABLE_ENTRIES (Value, Meaning) VALUES(172, 'MTSAT-2')
INSERT INTO B_TO_CT_RELATIONSHIPS (B_EntryNumber, CodeTable_EntryNumber) VALUES(27, 3819)
INSERT INTO B_TO_CT_RELATIONSHIPS (B_EntryNumber, CodeTable_EntryNumber) VALUES(1460, 3819)
INSERT INTO CODETABLE_ENTRIES (Value, Meaning) VALUES(200, 'NOAA 8')
INSERT INTO B_TO_CT_RELATIONSHIPS (B_EntryNumber, CodeTable_EntryNumber) VALUES(27, 3820)
INSERT INTO B_TO_CT_RELATIONSHIPS (B_EntryNumber, CodeTable_EntryNumber) VALUES(1460, 3820)
INSERT INTO CODETABLE_ENTRIES (Value, Meaning) VALUES(201, 'NOAA 9')
INSERT INTO B_TO_CT_RELATIONSHIPS (B_EntryNumber, CodeTable_EntryNumber) VALUES(27, 3821)
INSERT INTO B_TO_CT_RELATIONSHIPS (B_EntryNumber, CodeTable_EntryNumber) VALUES(1460, 3821)
INSERT INTO CODETABLE_ENTRIES (Value, Meaning) VALUES(202, 'NOAA 10')
INSERT INTO B_TO_CT_RELATIONSHIPS (B_EntryNumber, CodeTable_EntryNumber) VALUES(27, 3822)
INSERT INTO B_TO_CT_RELATIONSHIPS (B_EntryNumber, CodeTable_EntryNumber) VALUES(1460, 3822)
INSERT INTO CODETABLE_ENTRIES (Value, Meaning) VALUES(203, 'NOAA 11')
INSERT INTO B_TO_CT_RELATIONSHIPS (B_EntryNumber, CodeTable_EntryNumber) VALUES(27, 3823)
INSERT INTO B_TO_CT_RELATIONSHIPS (B_EntryNumber, CodeTable_EntryNumber) VALUES(1460, 3823)
INSERT INTO CODETABLE_ENTRIES (Value, Meaning) VALUES(204, 'NOAA 12')
INSERT INTO B_TO_CT_RELATIONSHIPS (B_EntryNumber, CodeTable_EntryNumber) VALUES(27, 3824)
INSERT INTO B_TO_CT_RELATIONSHIPS (B_EntryNumber, CodeTable_EntryNumber) VALUES(1460, 3824)
INSERT INTO CODETABLE_ENTRIES (Value, Meaning) VALUES(205, 'NOAA 14')
INSERT INTO B_TO_CT_RELATIONSHIPS (B_EntryNumber, CodeTable_EntryNumber) VALUES(27, 3825)
INSERT INTO B_TO_CT_RELATIONSHIPS (B_EntryNumber, CodeTable_EntryNumber) VALUES(1460, 3825)
INSERT INTO CODETABLE_ENTRIES (Value, Meaning) VALUES(206, 'NOAA 15')
INSERT INTO B_TO_CT_RELATIONSHIPS (B_EntryNumber, CodeTable_EntryNumber) VALUES(27, 3826)
INSERT INTO B_TO_CT_RELATIONSHIPS (B_EntryNumber, CodeTable_EntryNumber) VALUES(1460, 3826)
INSERT INTO CODETABLE_ENTRIES (Value, Meaning) VALUES(207, 'NOAA 16')
INSERT INTO B_TO_CT_RELATIONSHIPS (B_EntryNumber, CodeTable_EntryNumber) VALUES(27, 3827)
INSERT INTO B_TO_CT_RELATIONSHIPS (B_EntryNumber, CodeTable_EntryNumber) VALUES(1460, 3827)
INSERT INTO CODETABLE_ENTRIES (Value, Meaning) VALUES(208, 'NOAA 17')
INSERT INTO B_TO_CT_RELATIONSHIPS (B_EntryNumber, CodeTable_EntryNumber) VALUES(27, 3828)
INSERT INTO B_TO_CT_RELATIONSHIPS (B_EntryNumber, CodeTable_EntryNumber) VALUES(1460, 3828)
INSERT INTO CODETABLE_ENTRIES (Value, Meaning) VALUES(209, 'NOAA 18')
INSERT INTO B_TO_CT_RELATIONSHIPS (B_EntryNumber, CodeTable_EntryNumber) VALUES(27, 3829)
INSERT INTO B_TO_CT_RELATIONSHIPS (B_EntryNumber, CodeTable_EntryNumber) VALUES(1460, 3829)
INSERT INTO CODETABLE_ENTRIES (Value, Meaning) VALUES(220, 'LANDSAT 5')
INSERT INTO B_TO_CT_RELATIONSHIPS (B_EntryNumber, CodeTable_EntryNumber) VALUES(27, 3830)
INSERT INTO B_TO_CT_RELATIONSHIPS (B_EntryNumber, CodeTable_EntryNumber) VALUES(1460, 3830)
INSERT INTO CODETABLE_ENTRIES (Value, Meaning) VALUES(221, 'LANDSAT 4')
INSERT INTO B_TO_CT_RELATIONSHIPS (B_EntryNumber, CodeTable_EntryNumber) VALUES(27, 3831)
INSERT INTO B_TO_CT_RELATIONSHIPS (B_EntryNumber, CodeTable_EntryNumber) VALUES(1460, 3831)
INSERT INTO CODETABLE_ENTRIES (Value, Meaning) VALUES(222, 'LANDSAT 7')
INSERT INTO B_TO_CT_RELATIONSHIPS (B_EntryNumber, CodeTable_EntryNumber) VALUES(27, 3832)
INSERT INTO B_TO_CT_RELATIONSHIPS (B_EntryNumber, CodeTable_EntryNumber) VALUES(1460, 3832)
INSERT INTO CODETABLE_ENTRIES (Value, Meaning) VALUES(223, 'NOAA 19')
INSERT INTO B_TO_CT_RELATIONSHIPS (B_EntryNumber, CodeTable_EntryNumber) VALUES(27, 3833)
INSERT INTO B_TO_CT_RELATIONSHIPS (B_EntryNumber, CodeTable_EntryNumber) VALUES(1460, 3833)
INSERT INTO CODETABLE_ENTRIES (Value, Meaning) VALUES(224, 'NPP')
INSERT INTO B_TO_CT_RELATIONSHIPS (B_EntryNumber, CodeTable_EntryNumber) VALUES(27, 3834)
INSERT INTO B_TO_CT_RELATIONSHIPS (B_EntryNumber, CodeTable_EntryNumber) VALUES(1460, 3834)
INSERT INTO CODETABLE_ENTRIES (Value, Meaning) VALUES(240, 'DMSP 7')
INSERT INTO B_TO_CT_RELATIONSHIPS (B_EntryNumber, CodeTable_EntryNumber) VALUES(27, 3835)
INSERT INTO B_TO_CT_RELATIONSHIPS (B_EntryNumber, CodeTable_EntryNumber) VALUES(1460, 3835)
INSERT INTO CODETABLE_ENTRIES (Value, Meaning) VALUES(241, 'DMSP 8')
INSERT INTO B_TO_CT_RELATIONSHIPS (B_EntryNumber, CodeTable_EntryNumber) VALUES(27, 3836)
INSERT INTO B_TO_CT_RELATIONSHIPS (B_EntryNumber, CodeTable_EntryNumber) VALUES(1460, 3836)
INSERT INTO CODETABLE_ENTRIES (Value, Meaning) VALUES(242, 'DMSP 9')
INSERT INTO B_TO_CT_RELATIONSHIPS (B_EntryNumber, CodeTable_EntryNumber) VALUES(27, 3837)
INSERT INTO B_TO_CT_RELATIONSHIPS (B_EntryNumber, CodeTable_EntryNumber) VALUES(1460, 3837)
INSERT INTO CODETABLE_ENTRIES (Value, Meaning) VALUES(243, 'DMSP 10')
INSERT INTO B_TO_CT_RELATIONSHIPS (B_EntryNumber, CodeTable_EntryNumber) VALUES(27, 3838)
INSERT INTO B_TO_CT_RELATIONSHIPS (B_EntryNumber, CodeTable_EntryNumber) VALUES(1460, 3838)
INSERT INTO CODETABLE_ENTRIES (Value, Meaning) VALUES(244, 'DMSP 11')
INSERT INTO B_TO_CT_RELATIONSHIPS (B_EntryNumber, CodeTable_EntryNumber) VALUES(27, 3839)
INSERT INTO B_TO_CT_RELATIONSHIPS (B_EntryNumber, CodeTable_EntryNumber) VALUES(1460, 3839)
INSERT INTO CODETABLE_ENTRIES (Value, Meaning) VALUES(245, 'DMSP 12')
INSERT INTO B_TO_CT_RELATIONSHIPS (B_EntryNumber, CodeTable_EntryNumber) VALUES(27, 3840)
INSERT INTO B_TO_CT_RELATIONSHIPS (B_EntryNumber, CodeTable_EntryNumber) VALUES(1460, 3840)
INSERT INTO CODETABLE_ENTRIES (Value, Meaning) VALUES(246, 'DMSP 13')
INSERT INTO B_TO_CT_RELATIONSHIPS (B_EntryNumber, CodeTable_EntryNumber) VALUES(27, 3841)
INSERT INTO B_TO_CT_RELATIONSHIPS (B_EntryNumber, CodeTable_EntryNumber) VALUES(1460, 3841)
INSERT INTO CODETABLE_ENTRIES (Value, Meaning) VALUES(247, 'DMSP 14')
INSERT INTO B_TO_CT_RELATIONSHIPS (B_EntryNumber, CodeTable_EntryNumber) VALUES(27, 3842)
INSERT INTO B_TO_CT_RELATIONSHIPS (B_EntryNumber, CodeTable_EntryNumber) VALUES(1460, 3842)
INSERT INTO CODETABLE_ENTRIES (Value, Meaning) VALUES(248, 'DMSP 15')
INSERT INTO B_TO_CT_RELATIONSHIPS (B_EntryNumber, CodeTable_EntryNumber) VALUES(27, 3843)
INSERT INTO B_TO_CT_RELATIONSHIPS (B_EntryNumber, CodeTable_EntryNumber) VALUES(1460, 3843)
INSERT INTO CODETABLE_ENTRIES (Value, Meaning) VALUES(249, 'DMSP 16')
INSERT INTO B_TO_CT_RELATIONSHIPS (B_EntryNumber, CodeTable_EntryNumber) VALUES(27, 3844)
INSERT INTO B_TO_CT_RELATIONSHIPS (B_EntryNumber, CodeTable_EntryNumber) VALUES(1460, 3844)
INSERT INTO CODETABLE_ENTRIES (Value, Meaning) VALUES(250, 'GOES 6')
INSERT INTO B_TO_CT_RELATIONSHIPS (B_EntryNumber, CodeTable_EntryNumber) VALUES(27, 3845)
INSERT INTO B_TO_CT_RELATIONSHIPS (B_EntryNumber, CodeTable_EntryNumber) VALUES(1460, 3845)
INSERT INTO CODETABLE_ENTRIES (Value, Meaning) VALUES(251, 'GOES 7')
INSERT INTO B_TO_CT_RELATIONSHIPS (B_EntryNumber, CodeTable_EntryNumber) VALUES(27, 3846)
INSERT INTO B_TO_CT_RELATIONSHIPS (B_EntryNumber, CodeTable_EntryNumber) VALUES(1460, 3846)
INSERT INTO CODETABLE_ENTRIES (Value, Meaning) VALUES(252, 'GOES 8')
INSERT INTO B_TO_CT_RELATIONSHIPS (B_EntryNumber, CodeTable_EntryNumber) VALUES(27, 3847)
INSERT INTO B_TO_CT_RELATIONSHIPS (B_EntryNumber, CodeTable_EntryNumber) VALUES(1460, 3847)
INSERT INTO CODETABLE_ENTRIES (Value, Meaning) VALUES(253, 'GOES 9')
INSERT INTO B_TO_CT_RELATIONSHIPS (B_EntryNumber, CodeTable_EntryNumber) VALUES(27, 3848)
INSERT INTO B_TO_CT_RELATIONSHIPS (B_EntryNumber, CodeTable_EntryNumber) VALUES(1460, 3848)
INSERT INTO CODETABLE_ENTRIES (Value, Meaning) VALUES(254, 'GOES 10')
INSERT INTO B_TO_CT_RELATIONSHIPS (B_EntryNumber, CodeTable_EntryNumber) VALUES(27, 3849)
INSERT INTO B_TO_CT_RELATIONSHIPS (B_EntryNumber, CodeTable_EntryNumber) VALUES(1460, 3849)
INSERT INTO CODETABLE_ENTRIES (Value, Meaning) VALUES(255, 'GOES 11')
INSERT INTO B_TO_CT_RELATIONSHIPS (B_EntryNumber, CodeTable_EntryNumber) VALUES(27, 3850)
INSERT INTO B_TO_CT_RELATIONSHIPS (B_EntryNumber, CodeTable_EntryNumber) VALUES(1460, 3850)
INSERT INTO CODETABLE_ENTRIES (Value, Meaning) VALUES(256, 'GOES 12')
INSERT INTO B_TO_CT_RELATIONSHIPS (B_EntryNumber, CodeTable_EntryNumber) VALUES(27, 3851)
INSERT INTO B_TO_CT_RELATIONSHIPS (B_EntryNumber, CodeTable_EntryNumber) VALUES(1460, 3851)
INSERT INTO CODETABLE_ENTRIES (Value, Meaning) VALUES(257, 'GOES 13')
INSERT INTO B_TO_CT_RELATIONSHIPS (B_EntryNumber, CodeTable_EntryNumber) VALUES(27, 3852)
INSERT INTO B_TO_CT_RELATIONSHIPS (B_EntryNumber, CodeTable_EntryNumber) VALUES(1460, 3852)
INSERT INTO CODETABLE_ENTRIES (Value, Meaning) VALUES(258, 'GOES 14')
INSERT INTO B_TO_CT_RELATIONSHIPS (B_EntryNumber, CodeTable_EntryNumber) VALUES(27, 3853)
INSERT INTO B_TO_CT_RELATIONSHIPS (B_EntryNumber, CodeTable_EntryNumber) VALUES(1460, 3853)
INSERT INTO CODETABLE_ENTRIES (Value, Meaning) VALUES(259, 'GOES 15')
INSERT INTO B_TO_CT_RELATIONSHIPS (B_EntryNumber, CodeTable_EntryNumber) VALUES(27, 3854)
INSERT INTO B_TO_CT_RELATIONSHIPS (B_EntryNumber, CodeTable_EntryNumber) VALUES(1460, 3854)
INSERT INTO CODETABLE_ENTRIES (Value, Meaning) VALUES(260, 'JASON 1')
INSERT INTO B_TO_CT_RELATIONSHIPS (B_EntryNumber, CodeTable_EntryNumber) VALUES(27, 3855)
INSERT INTO B_TO_CT_RELATIONSHIPS (B_EntryNumber, CodeTable_EntryNumber) VALUES(1460, 3855)
INSERT INTO CODETABLE_ENTRIES (Value, Meaning) VALUES(261, 'JASON 2')
INSERT INTO B_TO_CT_RELATIONSHIPS (B_EntryNumber, CodeTable_EntryNumber) VALUES(27, 3856)
INSERT INTO B_TO_CT_RELATIONSHIPS (B_EntryNumber, CodeTable_EntryNumber) VALUES(1460, 3856)
INSERT INTO CODETABLE_ENTRIES (Value, Meaning) VALUES(281, 'QUIKSCAT')
INSERT INTO B_TO_CT_RELATIONSHIPS (B_EntryNumber, CodeTable_EntryNumber) VALUES(27, 3857)
INSERT INTO B_TO_CT_RELATIONSHIPS (B_EntryNumber, CodeTable_EntryNumber) VALUES(1460, 3857)
INSERT INTO CODETABLE_ENTRIES (Value, Meaning) VALUES(282, 'TRMM')
INSERT INTO B_TO_CT_RELATIONSHIPS (B_EntryNumber, CodeTable_EntryNumber) VALUES(27, 3858)
INSERT INTO B_TO_CT_RELATIONSHIPS (B_EntryNumber, CodeTable_EntryNumber) VALUES(1460, 3858)
INSERT INTO CODETABLE_ENTRIES (Value, Meaning) VALUES(283, 'CORIOLIS')
INSERT INTO B_TO_CT_RELATIONSHIPS (B_EntryNumber, CodeTable_EntryNumber) VALUES(27, 3859)
INSERT INTO B_TO_CT_RELATIONSHIPS (B_EntryNumber, CodeTable_EntryNumber) VALUES(1460, 3859)
INSERT INTO CODETABLE_ENTRIES (Value, Meaning) VALUES(285, 'DMSP17')
INSERT INTO B_TO_CT_RELATIONSHIPS (B_EntryNumber, CodeTable_EntryNumber) VALUES(27, 3860)
INSERT INTO B_TO_CT_RELATIONSHIPS (B_EntryNumber, CodeTable_EntryNumber) VALUES(1460, 3860)
INSERT INTO CODETABLE_ENTRIES (Value, Meaning) VALUES(286, 'DMSP18')
INSERT INTO B_TO_CT_RELATIONSHIPS (B_EntryNumber, CodeTable_EntryNumber) VALUES(27, 3861)
INSERT INTO B_TO_CT_RELATIONSHIPS (B_EntryNumber, CodeTable_EntryNumber) VALUES(1460, 3861)
INSERT INTO CODETABLE_ENTRIES (Value, Meaning) VALUES(310, 'GOMS 1')
INSERT INTO B_TO_CT_RELATIONSHIPS (B_EntryNumber, CodeTable_EntryNumber) VALUES(27, 3862)
INSERT INTO B_TO_CT_RELATIONSHIPS (B_EntryNumber, CodeTable_EntryNumber) VALUES(1460, 3862)
INSERT INTO CODETABLE_ENTRIES (Value, Meaning) VALUES(311, 'GOMS 2')
INSERT INTO B_TO_CT_RELATIONSHIPS (B_EntryNumber, CodeTable_EntryNumber) VALUES(27, 3863)
INSERT INTO B_TO_CT_RELATIONSHIPS (B_EntryNumber, CodeTable_EntryNumber) VALUES(1460, 3863)
INSERT INTO CODETABLE_ENTRIES (Value, Meaning) VALUES(320, 'METEOR 2-21')
INSERT INTO B_TO_CT_RELATIONSHIPS (B_EntryNumber, CodeTable_EntryNumber) VALUES(27, 3864)
INSERT INTO B_TO_CT_RELATIONSHIPS (B_EntryNumber, CodeTable_EntryNumber) VALUES(1460, 3864)
INSERT INTO CODETABLE_ENTRIES (Value, Meaning) VALUES(321, 'METEOR 3-5')
INSERT INTO B_TO_CT_RELATIONSHIPS (B_EntryNumber, CodeTable_EntryNumber) VALUES(27, 3865)
INSERT INTO B_TO_CT_RELATIONSHIPS (B_EntryNumber, CodeTable_EntryNumber) VALUES(1460, 3865)
INSERT INTO CODETABLE_ENTRIES (Value, Meaning) VALUES(322, 'METEOR 3M-1')
INSERT INTO B_TO_CT_RELATIONSHIPS (B_EntryNumber, CodeTable_EntryNumber) VALUES(27, 3866)
INSERT INTO B_TO_CT_RELATIONSHIPS (B_EntryNumber, CodeTable_EntryNumber) VALUES(1460, 3866)
INSERT INTO CODETABLE_ENTRIES (Value, Meaning) VALUES(323, 'METEOR 3M-2')
INSERT INTO B_TO_CT_RELATIONSHIPS (B_EntryNumber, CodeTable_EntryNumber) VALUES(27, 3867)
INSERT INTO B_TO_CT_RELATIONSHIPS (B_EntryNumber, CodeTable_EntryNumber) VALUES(1460, 3867)
INSERT INTO CODETABLE_ENTRIES (Value, Meaning) VALUES(341, 'RESURS 01-4')
INSERT INTO B_TO_CT_RELATIONSHIPS (B_EntryNumber, CodeTable_EntryNumber) VALUES(27, 3868)
INSERT INTO B_TO_CT_RELATIONSHIPS (B_EntryNumber, CodeTable_EntryNumber) VALUES(1460, 3868)
INSERT INTO CODETABLE_ENTRIES (Value, Meaning) VALUES(410, 'KALPANA-1')
INSERT INTO B_TO_CT_RELATIONSHIPS (B_EntryNumber, CodeTable_EntryNumber) VALUES(27, 3869)
INSERT INTO B_TO_CT_RELATIONSHIPS (B_EntryNumber, CodeTable_EntryNumber) VALUES(1460, 3869)
INSERT INTO CODETABLE_ENTRIES (Value, Meaning) VALUES(430, 'INSAT 1B')
INSERT INTO B_TO_CT_RELATIONSHIPS (B_EntryNumber, CodeTable_EntryNumber) VALUES(27, 3870)
INSERT INTO B_TO_CT_RELATIONSHIPS (B_EntryNumber, CodeTable_EntryNumber) VALUES(1460, 3870)
INSERT INTO CODETABLE_ENTRIES (Value, Meaning) VALUES(431, 'INSAT 1C')
INSERT INTO B_TO_CT_RELATIONSHIPS (B_EntryNumber, CodeTable_EntryNumber) VALUES(27, 3871)
INSERT INTO B_TO_CT_RELATIONSHIPS (B_EntryNumber, CodeTable_EntryNumber) VALUES(1460, 3871)
INSERT INTO CODETABLE_ENTRIES (Value, Meaning) VALUES(432, 'INSAT 1D')
INSERT INTO B_TO_CT_RELATIONSHIPS (B_EntryNumber, CodeTable_EntryNumber) VALUES(27, 3872)
INSERT INTO B_TO_CT_RELATIONSHIPS (B_EntryNumber, CodeTable_EntryNumber) VALUES(1460, 3872)
INSERT INTO CODETABLE_ENTRIES (Value, Meaning) VALUES(450, 'INSAT 2A')
INSERT INTO B_TO_CT_RELATIONSHIPS (B_EntryNumber, CodeTable_EntryNumber) VALUES(27, 3873)
INSERT INTO B_TO_CT_RELATIONSHIPS (B_EntryNumber, CodeTable_EntryNumber) VALUES(1460, 3873)
INSERT INTO CODETABLE_ENTRIES (Value, Meaning) VALUES(451, 'INSAT 2B')
INSERT INTO B_TO_CT_RELATIONSHIPS (B_EntryNumber, CodeTable_EntryNumber) VALUES(27, 3874)
INSERT INTO B_TO_CT_RELATIONSHIPS (B_EntryNumber, CodeTable_EntryNumber) VALUES(1460, 3874)
INSERT INTO CODETABLE_ENTRIES (Value, Meaning) VALUES(452, 'INSAT 2E')
INSERT INTO B_TO_CT_RELATIONSHIPS (B_EntryNumber, CodeTable_EntryNumber) VALUES(27, 3875)
INSERT INTO B_TO_CT_RELATIONSHIPS (B_EntryNumber, CodeTable_EntryNumber) VALUES(1460, 3875)
INSERT INTO CODETABLE_ENTRIES (Value, Meaning) VALUES(470, 'INSAT 3A')
INSERT INTO B_TO_CT_RELATIONSHIPS (B_EntryNumber, CodeTable_EntryNumber) VALUES(27, 3876)
INSERT INTO B_TO_CT_RELATIONSHIPS (B_EntryNumber, CodeTable_EntryNumber) VALUES(1460, 3876)
INSERT INTO CODETABLE_ENTRIES (Value, Meaning) VALUES(471, 'INSAT 3D')
INSERT INTO B_TO_CT_RELATIONSHIPS (B_EntryNumber, CodeTable_EntryNumber) VALUES(27, 3877)
INSERT INTO B_TO_CT_RELATIONSHIPS (B_EntryNumber, CodeTable_EntryNumber) VALUES(1460, 3877)
INSERT INTO CODETABLE_ENTRIES (Value, Meaning) VALUES(472, 'INSAT 3E')
INSERT INTO B_TO_CT_RELATIONSHIPS (B_EntryNumber, CodeTable_EntryNumber) VALUES(27, 3878)
INSERT INTO B_TO_CT_RELATIONSHIPS (B_EntryNumber, CodeTable_EntryNumber) VALUES(1460, 3878)
INSERT INTO CODETABLE_ENTRIES (Value, Meaning) VALUES(500, 'FY-1C')
INSERT INTO B_TO_CT_RELATIONSHIPS (B_EntryNumber, CodeTable_EntryNumber) VALUES(27, 3879)
INSERT INTO B_TO_CT_RELATIONSHIPS (B_EntryNumber, CodeTable_EntryNumber) VALUES(1460, 3879)
INSERT INTO CODETABLE_ENTRIES (Value, Meaning) VALUES(501, 'FY-1D')
INSERT INTO B_TO_CT_RELATIONSHIPS (B_EntryNumber, CodeTable_EntryNumber) VALUES(27, 3880)
INSERT INTO B_TO_CT_RELATIONSHIPS (B_EntryNumber, CodeTable_EntryNumber) VALUES(1460, 3880)
INSERT INTO CODETABLE_ENTRIES (Value, Meaning) VALUES(510, 'FY-2')
INSERT INTO B_TO_CT_RELATIONSHIPS (B_EntryNumber, CodeTable_EntryNumber) VALUES(27, 3881)
INSERT INTO B_TO_CT_RELATIONSHIPS (B_EntryNumber, CodeTable_EntryNumber) VALUES(1460, 3881)
INSERT INTO CODETABLE_ENTRIES (Value, Meaning) VALUES(512, 'FY-2B')
INSERT INTO B_TO_CT_RELATIONSHIPS (B_EntryNumber, CodeTable_EntryNumber) VALUES(27, 3882)
INSERT INTO B_TO_CT_RELATIONSHIPS (B_EntryNumber, CodeTable_EntryNumber) VALUES(1460, 3882)
INSERT INTO CODETABLE_ENTRIES (Value, Meaning) VALUES(513, 'FY-2C')
INSERT INTO B_TO_CT_RELATIONSHIPS (B_EntryNumber, CodeTable_EntryNumber) VALUES(27, 3883)
INSERT INTO B_TO_CT_RELATIONSHIPS (B_EntryNumber, CodeTable_EntryNumber) VALUES(1460, 3883)
INSERT INTO CODETABLE_ENTRIES (Value, Meaning) VALUES(514, 'FY-2D')
INSERT INTO B_TO_CT_RELATIONSHIPS (B_EntryNumber, CodeTable_EntryNumber) VALUES(27, 3884)
INSERT INTO B_TO_CT_RELATIONSHIPS (B_EntryNumber, CodeTable_EntryNumber) VALUES(1460, 3884)
INSERT INTO CODETABLE_ENTRIES (Value, Meaning) VALUES(520, 'FY-3A')
INSERT INTO B_TO_CT_RELATIONSHIPS (B_EntryNumber, CodeTable_EntryNumber) VALUES(27, 3885)
INSERT INTO B_TO_CT_RELATIONSHIPS (B_EntryNumber, CodeTable_EntryNumber) VALUES(1460, 3885)
INSERT INTO CODETABLE_ENTRIES (Value, Meaning) VALUES(700, 'TIROS M (ITOS 1)')
INSERT INTO B_TO_CT_RELATIONSHIPS (B_EntryNumber, CodeTable_EntryNumber) VALUES(27, 3886)
INSERT INTO B_TO_CT_RELATIONSHIPS (B_EntryNumber, CodeTable_EntryNumber) VALUES(1460, 3886)
INSERT INTO CODETABLE_ENTRIES (Value, Meaning) VALUES(701, 'NOAA 1')
INSERT INTO B_TO_CT_RELATIONSHIPS (B_EntryNumber, CodeTable_EntryNumber) VALUES(27, 3887)
INSERT INTO B_TO_CT_RELATIONSHIPS (B_EntryNumber, CodeTable_EntryNumber) VALUES(1460, 3887)
INSERT INTO CODETABLE_ENTRIES (Value, Meaning) VALUES(702, 'NOAA 2')
INSERT INTO B_TO_CT_RELATIONSHIPS (B_EntryNumber, CodeTable_EntryNumber) VALUES(27, 3888)
INSERT INTO B_TO_CT_RELATIONSHIPS (B_EntryNumber, CodeTable_EntryNumber) VALUES(1460, 3888)
INSERT INTO CODETABLE_ENTRIES (Value, Meaning) VALUES(703, 'NOAA 3')
INSERT INTO B_TO_CT_RELATIONSHIPS (B_EntryNumber, CodeTable_EntryNumber) VALUES(27, 3889)
INSERT INTO B_TO_CT_RELATIONSHIPS (B_EntryNumber, CodeTable_EntryNumber) VALUES(1460, 3889)
INSERT INTO CODETABLE_ENTRIES (Value, Meaning) VALUES(704, 'NOAA 4')
INSERT INTO B_TO_CT_RELATIONSHIPS (B_EntryNumber, CodeTable_EntryNumber) VALUES(27, 3890)
INSERT INTO B_TO_CT_RELATIONSHIPS (B_EntryNumber, CodeTable_EntryNumber) VALUES(1460, 3890)
INSERT INTO CODETABLE_ENTRIES (Value, Meaning) VALUES(705, 'NOAA 5')
INSERT INTO B_TO_CT_RELATIONSHIPS (B_EntryNumber, CodeTable_EntryNumber) VALUES(27, 3891)
INSERT INTO B_TO_CT_RELATIONSHIPS (B_EntryNumber, CodeTable_EntryNumber) VALUES(1460, 3891)
INSERT INTO CODETABLE_ENTRIES (Value, Meaning) VALUES(706, 'NOAA 6')
INSERT INTO B_TO_CT_RELATIONSHIPS (B_EntryNumber, CodeTable_EntryNumber) VALUES(27, 3892)
INSERT INTO B_TO_CT_RELATIONSHIPS (B_EntryNumber, CodeTable_EntryNumber) VALUES(1460, 3892)
INSERT INTO CODETABLE_ENTRIES (Value, Meaning) VALUES(707, 'NOAA 7')
INSERT INTO B_TO_CT_RELATIONSHIPS (B_EntryNumber, CodeTable_EntryNumber) VALUES(27, 3893)
INSERT INTO B_TO_CT_RELATIONSHIPS (B_EntryNumber, CodeTable_EntryNumber) VALUES(1460, 3893)
INSERT INTO CODETABLE_ENTRIES (Value, Meaning) VALUES(708, 'TIROS-N')
INSERT INTO B_TO_CT_RELATIONSHIPS (B_EntryNumber, CodeTable_EntryNumber) VALUES(27, 3894)
INSERT INTO B_TO_CT_RELATIONSHIPS (B_EntryNumber, CodeTable_EntryNumber) VALUES(1460, 3894)
INSERT INTO CODETABLE_ENTRIES (Value, Meaning) VALUES(710, 'GOES (SMS 1)')
INSERT INTO B_TO_CT_RELATIONSHIPS (B_EntryNumber, CodeTable_EntryNumber) VALUES(27, 3895)
INSERT INTO B_TO_CT_RELATIONSHIPS (B_EntryNumber, CodeTable_EntryNumber) VALUES(1460, 3895)
INSERT INTO CODETABLE_ENTRIES (Value, Meaning) VALUES(711, 'GOES (SMS 2)')
INSERT INTO B_TO_CT_RELATIONSHIPS (B_EntryNumber, CodeTable_EntryNumber) VALUES(27, 3896)
INSERT INTO B_TO_CT_RELATIONSHIPS (B_EntryNumber, CodeTable_EntryNumber) VALUES(1460, 3896)
INSERT INTO CODETABLE_ENTRIES (Value, Meaning) VALUES(720, 'TOPEX')
INSERT INTO B_TO_CT_RELATIONSHIPS (B_EntryNumber, CodeTable_EntryNumber) VALUES(27, 3897)
INSERT INTO B_TO_CT_RELATIONSHIPS (B_EntryNumber, CodeTable_EntryNumber) VALUES(1460, 3897)
INSERT INTO CODETABLE_ENTRIES (Value, Meaning) VALUES(721, 'GFO')
INSERT INTO B_TO_CT_RELATIONSHIPS (B_EntryNumber, CodeTable_EntryNumber) VALUES(27, 3898)
INSERT INTO B_TO_CT_RELATIONSHIPS (B_EntryNumber, CodeTable_EntryNumber) VALUES(1460, 3898)
INSERT INTO CODETABLE_ENTRIES (Value, Meaning) VALUES(722, 'GRACE A')
INSERT INTO B_TO_CT_RELATIONSHIPS (B_EntryNumber, CodeTable_EntryNumber) VALUES(27, 3899)
INSERT INTO B_TO_CT_RELATIONSHIPS (B_EntryNumber, CodeTable_EntryNumber) VALUES(1460, 3899)
INSERT INTO CODETABLE_ENTRIES (Value, Meaning) VALUES(723, 'GRACE B')
INSERT INTO B_TO_CT_RELATIONSHIPS (B_EntryNumber, CodeTable_EntryNumber) VALUES(27, 3900)
INSERT INTO B_TO_CT_RELATIONSHIPS (B_EntryNumber, CodeTable_EntryNumber) VALUES(1460, 3900)
INSERT INTO CODETABLE_ENTRIES (Value, Meaning) VALUES(731, 'GOES 1')
INSERT INTO B_TO_CT_RELATIONSHIPS (B_EntryNumber, CodeTable_EntryNumber) VALUES(27, 3901)
INSERT INTO B_TO_CT_RELATIONSHIPS (B_EntryNumber, CodeTable_EntryNumber) VALUES(1460, 3901)
INSERT INTO CODETABLE_ENTRIES (Value, Meaning) VALUES(732, 'GOES 2')
INSERT INTO B_TO_CT_RELATIONSHIPS (B_EntryNumber, CodeTable_EntryNumber) VALUES(27, 3902)
INSERT INTO B_TO_CT_RELATIONSHIPS (B_EntryNumber, CodeTable_EntryNumber) VALUES(1460, 3902)
INSERT INTO CODETABLE_ENTRIES (Value, Meaning) VALUES(733, 'GOES 3')
INSERT INTO B_TO_CT_RELATIONSHIPS (B_EntryNumber, CodeTable_EntryNumber) VALUES(27, 3903)
INSERT INTO B_TO_CT_RELATIONSHIPS (B_EntryNumber, CodeTable_EntryNumber) VALUES(1460, 3903)
INSERT INTO CODETABLE_ENTRIES (Value, Meaning) VALUES(734, 'GOES 4')
INSERT INTO B_TO_CT_RELATIONSHIPS (B_EntryNumber, CodeTable_EntryNumber) VALUES(27, 3904)
INSERT INTO B_TO_CT_RELATIONSHIPS (B_EntryNumber, CodeTable_EntryNumber) VALUES(1460, 3904)
INSERT INTO CODETABLE_ENTRIES (Value, Meaning) VALUES(735, 'GOES 5')
INSERT INTO B_TO_CT_RELATIONSHIPS (B_EntryNumber, CodeTable_EntryNumber) VALUES(27, 3905)
INSERT INTO B_TO_CT_RELATIONSHIPS (B_EntryNumber, CodeTable_EntryNumber) VALUES(1460, 3905)
INSERT INTO CODETABLE_ENTRIES (Value, Meaning) VALUES(740, 'COSMIC-1')
INSERT INTO B_TO_CT_RELATIONSHIPS (B_EntryNumber, CodeTable_EntryNumber) VALUES(27, 3906)
INSERT INTO B_TO_CT_RELATIONSHIPS (B_EntryNumber, CodeTable_EntryNumber) VALUES(1460, 3906)
INSERT INTO CODETABLE_ENTRIES (Value, Meaning) VALUES(741, 'COSMIC-2')
INSERT INTO B_TO_CT_RELATIONSHIPS (B_EntryNumber, CodeTable_EntryNumber) VALUES(27, 3907)
INSERT INTO B_TO_CT_RELATIONSHIPS (B_EntryNumber, CodeTable_EntryNumber) VALUES(1460, 3907)
INSERT INTO CODETABLE_ENTRIES (Value, Meaning) VALUES(742, 'COSMIC-3')
INSERT INTO B_TO_CT_RELATIONSHIPS (B_EntryNumber, CodeTable_EntryNumber) VALUES(27, 3908)
INSERT INTO B_TO_CT_RELATIONSHIPS (B_EntryNumber, CodeTable_EntryNumber) VALUES(1460, 3908)
INSERT INTO CODETABLE_ENTRIES (Value, Meaning) VALUES(743, 'COSMIC-4')
INSERT INTO B_TO_CT_RELATIONSHIPS (B_EntryNumber, CodeTable_EntryNumber) VALUES(27, 3909)
INSERT INTO B_TO_CT_RELATIONSHIPS (B_EntryNumber, CodeTable_EntryNumber) VALUES(1460, 3909)
INSERT INTO CODETABLE_ENTRIES (Value, Meaning) VALUES(744, 'COSMIC-5')
INSERT INTO B_TO_CT_RELATIONSHIPS (B_EntryNumber, CodeTable_EntryNumber) VALUES(27, 3910)
INSERT INTO B_TO_CT_RELATIONSHIPS (B_EntryNumber, CodeTable_EntryNumber) VALUES(1460, 3910)
INSERT INTO CODETABLE_ENTRIES (Value, Meaning) VALUES(745, 'COSMIC-6')
INSERT INTO B_TO_CT_RELATIONSHIPS (B_EntryNumber, CodeTable_EntryNumber) VALUES(27, 3911)
INSERT INTO B_TO_CT_RELATIONSHIPS (B_EntryNumber, CodeTable_EntryNumber) VALUES(1460, 3911)
INSERT INTO CODETABLE_ENTRIES (Value, Meaning) VALUES(763, 'NIMBUS 3')
INSERT INTO B_TO_CT_RELATIONSHIPS (B_EntryNumber, CodeTable_EntryNumber) VALUES(27, 3912)
INSERT INTO B_TO_CT_RELATIONSHIPS (B_EntryNumber, CodeTable_EntryNumber) VALUES(1460, 3912)
INSERT INTO CODETABLE_ENTRIES (Value, Meaning) VALUES(764, 'NIMBUS 4')
INSERT INTO B_TO_CT_RELATIONSHIPS (B_EntryNumber, CodeTable_EntryNumber) VALUES(27, 3913)
INSERT INTO B_TO_CT_RELATIONSHIPS (B_EntryNumber, CodeTable_EntryNumber) VALUES(1460, 3913)
INSERT INTO CODETABLE_ENTRIES (Value, Meaning) VALUES(765, 'NIMBUS 5')
INSERT INTO B_TO_CT_RELATIONSHIPS (B_EntryNumber, CodeTable_EntryNumber) VALUES(27, 3914)
INSERT INTO B_TO_CT_RELATIONSHIPS (B_EntryNumber, CodeTable_EntryNumber) VALUES(1460, 3914)
INSERT INTO CODETABLE_ENTRIES (Value, Meaning) VALUES(766, 'NIMBUS 6')
INSERT INTO B_TO_CT_RELATIONSHIPS (B_EntryNumber, CodeTable_EntryNumber) VALUES(27, 3915)
INSERT INTO B_TO_CT_RELATIONSHIPS (B_EntryNumber, CodeTable_EntryNumber) VALUES(1460, 3915)
INSERT INTO CODETABLE_ENTRIES (Value, Meaning) VALUES(767, 'NIMBUS 7')
INSERT INTO B_TO_CT_RELATIONSHIPS (B_EntryNumber, CodeTable_EntryNumber) VALUES(27, 3916)
INSERT INTO B_TO_CT_RELATIONSHIPS (B_EntryNumber, CodeTable_EntryNumber) VALUES(1460, 3916)
INSERT INTO CODETABLE_ENTRIES (Value, Meaning) VALUES(780, 'ERBS')
INSERT INTO B_TO_CT_RELATIONSHIPS (B_EntryNumber, CodeTable_EntryNumber) VALUES(27, 3917)
INSERT INTO B_TO_CT_RELATIONSHIPS (B_EntryNumber, CodeTable_EntryNumber) VALUES(1460, 3917)
INSERT INTO CODETABLE_ENTRIES (Value, Meaning) VALUES(781, 'UARS')
INSERT INTO B_TO_CT_RELATIONSHIPS (B_EntryNumber, CodeTable_EntryNumber) VALUES(27, 3918)
INSERT INTO B_TO_CT_RELATIONSHIPS (B_EntryNumber, CodeTable_EntryNumber) VALUES(1460, 3918)
INSERT INTO CODETABLE_ENTRIES (Value, Meaning) VALUES(782, 'EARTH PROBE')
INSERT INTO B_TO_CT_RELATIONSHIPS (B_EntryNumber, CodeTable_EntryNumber) VALUES(27, 3919)
INSERT INTO B_TO_CT_RELATIONSHIPS (B_EntryNumber, CodeTable_EntryNumber) VALUES(1460, 3919)
INSERT INTO CODETABLE_ENTRIES (Value, Meaning) VALUES(783, 'TERRA')
INSERT INTO B_TO_CT_RELATIONSHIPS (B_EntryNumber, CodeTable_EntryNumber) VALUES(27, 3920)
INSERT INTO B_TO_CT_RELATIONSHIPS (B_EntryNumber, CodeTable_EntryNumber) VALUES(1460, 3920)
INSERT INTO CODETABLE_ENTRIES (Value, Meaning) VALUES(784, 'AQUA')
INSERT INTO B_TO_CT_RELATIONSHIPS (B_EntryNumber, CodeTable_EntryNumber) VALUES(27, 3921)
INSERT INTO B_TO_CT_RELATIONSHIPS (B_EntryNumber, CodeTable_EntryNumber) VALUES(1460, 3921)
INSERT INTO CODETABLE_ENTRIES (Value, Meaning) VALUES(785, 'AURA')
INSERT INTO B_TO_CT_RELATIONSHIPS (B_EntryNumber, CodeTable_EntryNumber) VALUES(27, 3922)
INSERT INTO B_TO_CT_RELATIONSHIPS (B_EntryNumber, CodeTable_EntryNumber) VALUES(1460, 3922)
INSERT INTO CODETABLE_ENTRIES (Value, Meaning) VALUES(800, 'SUNSAT')
INSERT INTO B_TO_CT_RELATIONSHIPS (B_EntryNumber, CodeTable_EntryNumber) VALUES(27, 3923)
INSERT INTO B_TO_CT_RELATIONSHIPS (B_EntryNumber, CodeTable_EntryNumber) VALUES(1460, 3923)
INSERT INTO CODETABLE_ENTRIES (Value, Meaning) VALUES(820, 'SAC-C')
INSERT INTO B_TO_CT_RELATIONSHIPS (B_EntryNumber, CodeTable_EntryNumber) VALUES(27, 3924)
INSERT INTO B_TO_CT_RELATIONSHIPS (B_EntryNumber, CodeTable_EntryNumber) VALUES(1460, 3924)
