Entry #    1     0     Operational  >No wind finding<
Entry #    2     1     Operational  >Automatic with auxiliary optical direction finding<
Entry #    3     2     Operational  >Automatic with auxiliary radio direction finding<
Entry #    4     3     Operational  >Automatic with auxiliary ranging<
Entry #    5     4     Operational  >Not used<
Entry #    6     5     Operational  >Automatic with multiple VLF-Omega signals<
Entry #    7     6     Operational  >Automatic cross chain Loran-C<
Entry #    8     7     Operational  >Automatic with auxiliary wind profiler<
Entry #    9     8     Operational  >Automatic satellite navigation<
Entry #   10  9-18     Operational  >Reserved<
Entry #   11    19     Operational  >Tracking technique not specified<
Entry #   12  null     Operational  >TRACKING TECHNIQUES/STATUS OF ASAP SYSTEM<
Entry #   13  null     Operational  >STATUS OF SHIP SYSTEM<
Entry #   14    20     Operational  >Vessel stopped<
Entry #   15    21     Operational  >Vessel diverted from original destination<
Entry #   16    22     Operational  >Vessel's arrival delayed<
Entry #   17    23     Operational  >Container damaged<
Entry #   18    24     Operational  >Power failure to container<
Entry #   19 25-28     Operational  >Reserved for future use<
Entry #   20    29     Operational  >Other problems<
Entry #   21  null     Operational  >SOUNDING SYSTEM<
Entry #   22    30     Operational  >Major power problems<
Entry #   23    31     Operational  >UPS inoperative<
Entry #   24    32     Operational  >Receiver hardware problems<
Entry #   25    33     Operational  >Receiver software problems<
Entry #   26    34     Operational  >Processor hardware problems<
Entry #   27    35     Operational  >Processor software problems<
Entry #   28    36     Operational  >NAVAID system damaged<
Entry #   29    37     Operational  >Shortage of lifting gas<
Entry #   30    38     Operational  >Reserved<
Entry #   31    39     Operational  >Other problems<
Entry #   32  null     Operational  >LAUNCH FACILITIES<
Entry #   33    40     Operational  >Mechanical defect<
Entry #   34    41     Operational  >Material defect (hand launcher)<
Entry #   35    42     Operational  >Power failure<
Entry #   36    43     Operational  >Control failure<
Entry #   37    44     Operational  >Pneumatic/hydraulic failure<
Entry #   38    45     Operational  >Other problems<
Entry #   39    46     Operational  >Compressor problems<
Entry #   40    47     Operational  >Balloon problems<
Entry #   41    48     Operational  >Balloon release problems<
Entry #   42    49     Operational  >Launcher damaged<
Entry #   43  null     Operational  >DATA ACQUISITION SYSTEM<
Entry #   44    50     Operational  >R/S receiver antenna defect<
Entry #   45    51     Operational  >NAVAID antenna defect<
Entry #   46    52     Operational  >R/S receiver cabling (antenna) defect<
Entry #   47    53     Operational  >NAVAID antenna cabling defect<
Entry #   48 54-58     Operational  >Reserved<
Entry #   49    59     Operational  >Other problems<
Entry #   50  null     Operational  >COMMUNICATIONS<
Entry #   51    60     Operational  >ASAP communications defect<
Entry #   52    61     Operational  >Communications facility rejected data<
Entry #   53    62     Operational  >No power at transmitting antenna<
Entry #   54    63     Operational  >Antenna cable broken<
Entry #   55    64     Operational  >Antenna cable defect<
Entry #   56    65     Operational  >Message transmitted power below normal<
Entry #   57 66-68     Operational  >Reserved<
Entry #   58    69     Operational  >Other problems<
Entry #   59    70     Operational  >All systems in normal operation<
Entry #   60 71-98     Operational  >Reserved<
Entry #   61    99     Operational  >Status of system and its components not specified<
Entry #   62 100-126     Operational  >Reserved<
Entry #   63   127     Operational  >Missing value<
INSERT INTO CODETABLE_ENTRIES (Value, Meaning) VALUES(0, 'No wind finding')
INSERT INTO B_TO_CT_RELATIONSHIPS (B_EntryNumber, CodeTable_EntryNumber) VALUES(103, 3925)
INSERT INTO B_TO_CT_RELATIONSHIPS (B_EntryNumber, CodeTable_EntryNumber) VALUES(1538, 3925)
INSERT INTO CODETABLE_ENTRIES (Value, Meaning) VALUES(1, 'Automatic with auxiliary optical direction finding')
INSERT INTO B_TO_CT_RELATIONSHIPS (B_EntryNumber, CodeTable_EntryNumber) VALUES(103, 3926)
INSERT INTO B_TO_CT_RELATIONSHIPS (B_EntryNumber, CodeTable_EntryNumber) VALUES(1538, 3926)
INSERT INTO CODETABLE_ENTRIES (Value, Meaning) VALUES(2, 'Automatic with auxiliary radio direction finding')
INSERT INTO B_TO_CT_RELATIONSHIPS (B_EntryNumber, CodeTable_EntryNumber) VALUES(103, 3927)
INSERT INTO B_TO_CT_RELATIONSHIPS (B_EntryNumber, CodeTable_EntryNumber) VALUES(1538, 3927)
INSERT INTO CODETABLE_ENTRIES (Value, Meaning) VALUES(3, 'Automatic with auxiliary ranging')
INSERT INTO B_TO_CT_RELATIONSHIPS (B_EntryNumber, CodeTable_EntryNumber) VALUES(103, 3928)
INSERT INTO B_TO_CT_RELATIONSHIPS (B_EntryNumber, CodeTable_EntryNumber) VALUES(1538, 3928)
INSERT INTO CODETABLE_ENTRIES (Value, Meaning) VALUES(5, 'Automatic with multiple VLF-Omega signals')
INSERT INTO B_TO_CT_RELATIONSHIPS (B_EntryNumber, CodeTable_EntryNumber) VALUES(103, 3929)
INSERT INTO B_TO_CT_RELATIONSHIPS (B_EntryNumber, CodeTable_EntryNumber) VALUES(1538, 3929)
INSERT INTO CODETABLE_ENTRIES (Value, Meaning) VALUES(6, 'Automatic cross chain Loran-C')
INSERT INTO B_TO_CT_RELATIONSHIPS (B_EntryNumber, CodeTable_EntryNumber) VALUES(103, 3930)
INSERT INTO B_TO_CT_RELATIONSHIPS (B_EntryNumber, CodeTable_EntryNumber) VALUES(1538, 3930)
INSERT INTO CODETABLE_ENTRIES (Value, Meaning) VALUES(7, 'Automatic with auxiliary wind profiler')
INSERT INTO B_TO_CT_RELATIONSHIPS (B_EntryNumber, CodeTable_EntryNumber) VALUES(103, 3931)
INSERT INTO B_TO_CT_RELATIONSHIPS (B_EntryNumber, CodeTable_EntryNumber) VALUES(1538, 3931)
INSERT INTO CODETABLE_ENTRIES (Value, Meaning) VALUES(8, 'Automatic satellite navigation')
INSERT INTO B_TO_CT_RELATIONSHIPS (B_EntryNumber, CodeTable_EntryNumber) VALUES(103, 3932)
INSERT INTO B_TO_CT_RELATIONSHIPS (B_EntryNumber, CodeTable_EntryNumber) VALUES(1538, 3932)
INSERT INTO CODETABLE_ENTRIES (Value, Meaning) VALUES(19, 'Tracking technique not specified')
INSERT INTO B_TO_CT_RELATIONSHIPS (B_EntryNumber, CodeTable_EntryNumber) VALUES(103, 3933)
INSERT INTO B_TO_CT_RELATIONSHIPS (B_EntryNumber, CodeTable_EntryNumber) VALUES(1538, 3933)
INSERT INTO CODETABLE_ENTRIES (Value, Meaning) VALUES(20, 'Vessel stopped')
INSERT INTO B_TO_CT_RELATIONSHIPS (B_EntryNumber, CodeTable_EntryNumber) VALUES(103, 3934)
INSERT INTO B_TO_CT_RELATIONSHIPS (B_EntryNumber, CodeTable_EntryNumber) VALUES(1538, 3934)
INSERT INTO CODETABLE_ENTRIES (Value, Meaning) VALUES(21, 'Vessel diverted from original destination')
INSERT INTO B_TO_CT_RELATIONSHIPS (B_EntryNumber, CodeTable_EntryNumber) VALUES(103, 3935)
INSERT INTO B_TO_CT_RELATIONSHIPS (B_EntryNumber, CodeTable_EntryNumber) VALUES(1538, 3935)
INSERT INTO CODETABLE_ENTRIES (Value, Meaning) VALUES(22, 'Vessel\'s arrival delayed')
INSERT INTO B_TO_CT_RELATIONSHIPS (B_EntryNumber, CodeTable_EntryNumber) VALUES(103, 3936)
INSERT INTO B_TO_CT_RELATIONSHIPS (B_EntryNumber, CodeTable_EntryNumber) VALUES(1538, 3936)
INSERT INTO CODETABLE_ENTRIES (Value, Meaning) VALUES(23, 'Container damaged')
INSERT INTO B_TO_CT_RELATIONSHIPS (B_EntryNumber, CodeTable_EntryNumber) VALUES(103, 3937)
INSERT INTO B_TO_CT_RELATIONSHIPS (B_EntryNumber, CodeTable_EntryNumber) VALUES(1538, 3937)
INSERT INTO CODETABLE_ENTRIES (Value, Meaning) VALUES(24, 'Power failure to container')
INSERT INTO B_TO_CT_RELATIONSHIPS (B_EntryNumber, CodeTable_EntryNumber) VALUES(103, 3938)
INSERT INTO B_TO_CT_RELATIONSHIPS (B_EntryNumber, CodeTable_EntryNumber) VALUES(1538, 3938)
INSERT INTO CODETABLE_ENTRIES (Value, Meaning) VALUES(29, 'Other problems')
INSERT INTO B_TO_CT_RELATIONSHIPS (B_EntryNumber, CodeTable_EntryNumber) VALUES(103, 3939)
INSERT INTO B_TO_CT_RELATIONSHIPS (B_EntryNumber, CodeTable_EntryNumber) VALUES(1538, 3939)
INSERT INTO CODETABLE_ENTRIES (Value, Meaning) VALUES(30, 'Major power problems')
INSERT INTO B_TO_CT_RELATIONSHIPS (B_EntryNumber, CodeTable_EntryNumber) VALUES(103, 3940)
INSERT INTO B_TO_CT_RELATIONSHIPS (B_EntryNumber, CodeTable_EntryNumber) VALUES(1538, 3940)
INSERT INTO CODETABLE_ENTRIES (Value, Meaning) VALUES(31, 'UPS inoperative')
INSERT INTO B_TO_CT_RELATIONSHIPS (B_EntryNumber, CodeTable_EntryNumber) VALUES(103, 3941)
INSERT INTO B_TO_CT_RELATIONSHIPS (B_EntryNumber, CodeTable_EntryNumber) VALUES(1538, 3941)
INSERT INTO CODETABLE_ENTRIES (Value, Meaning) VALUES(32, 'Receiver hardware problems')
INSERT INTO B_TO_CT_RELATIONSHIPS (B_EntryNumber, CodeTable_EntryNumber) VALUES(103, 3942)
INSERT INTO B_TO_CT_RELATIONSHIPS (B_EntryNumber, CodeTable_EntryNumber) VALUES(1538, 3942)
INSERT INTO CODETABLE_ENTRIES (Value, Meaning) VALUES(33, 'Receiver software problems')
INSERT INTO B_TO_CT_RELATIONSHIPS (B_EntryNumber, CodeTable_EntryNumber) VALUES(103, 3943)
INSERT INTO B_TO_CT_RELATIONSHIPS (B_EntryNumber, CodeTable_EntryNumber) VALUES(1538, 3943)
INSERT INTO CODETABLE_ENTRIES (Value, Meaning) VALUES(34, 'Processor hardware problems')
INSERT INTO B_TO_CT_RELATIONSHIPS (B_EntryNumber, CodeTable_EntryNumber) VALUES(103, 3944)
INSERT INTO B_TO_CT_RELATIONSHIPS (B_EntryNumber, CodeTable_EntryNumber) VALUES(1538, 3944)
INSERT INTO CODETABLE_ENTRIES (Value, Meaning) VALUES(35, 'Processor software problems')
INSERT INTO B_TO_CT_RELATIONSHIPS (B_EntryNumber, CodeTable_EntryNumber) VALUES(103, 3945)
INSERT INTO B_TO_CT_RELATIONSHIPS (B_EntryNumber, CodeTable_EntryNumber) VALUES(1538, 3945)
INSERT INTO CODETABLE_ENTRIES (Value, Meaning) VALUES(36, 'NAVAID system damaged')
INSERT INTO B_TO_CT_RELATIONSHIPS (B_EntryNumber, CodeTable_EntryNumber) VALUES(103, 3946)
INSERT INTO B_TO_CT_RELATIONSHIPS (B_EntryNumber, CodeTable_EntryNumber) VALUES(1538, 3946)
INSERT INTO CODETABLE_ENTRIES (Value, Meaning) VALUES(37, 'Shortage of lifting gas')
INSERT INTO B_TO_CT_RELATIONSHIPS (B_EntryNumber, CodeTable_EntryNumber) VALUES(103, 3947)
INSERT INTO B_TO_CT_RELATIONSHIPS (B_EntryNumber, CodeTable_EntryNumber) VALUES(1538, 3947)
INSERT INTO CODETABLE_ENTRIES (Value, Meaning) VALUES(39, 'Other problems')
INSERT INTO B_TO_CT_RELATIONSHIPS (B_EntryNumber, CodeTable_EntryNumber) VALUES(103, 3948)
INSERT INTO B_TO_CT_RELATIONSHIPS (B_EntryNumber, CodeTable_EntryNumber) VALUES(1538, 3948)
INSERT INTO CODETABLE_ENTRIES (Value, Meaning) VALUES(40, 'Mechanical defect')
INSERT INTO B_TO_CT_RELATIONSHIPS (B_EntryNumber, CodeTable_EntryNumber) VALUES(103, 3949)
INSERT INTO B_TO_CT_RELATIONSHIPS (B_EntryNumber, CodeTable_EntryNumber) VALUES(1538, 3949)
INSERT INTO CODETABLE_ENTRIES (Value, Meaning) VALUES(41, 'Material defect (hand launcher)')
INSERT INTO B_TO_CT_RELATIONSHIPS (B_EntryNumber, CodeTable_EntryNumber) VALUES(103, 3950)
INSERT INTO B_TO_CT_RELATIONSHIPS (B_EntryNumber, CodeTable_EntryNumber) VALUES(1538, 3950)
INSERT INTO CODETABLE_ENTRIES (Value, Meaning) VALUES(42, 'Power failure')
INSERT INTO B_TO_CT_RELATIONSHIPS (B_EntryNumber, CodeTable_EntryNumber) VALUES(103, 3951)
INSERT INTO B_TO_CT_RELATIONSHIPS (B_EntryNumber, CodeTable_EntryNumber) VALUES(1538, 3951)
INSERT INTO CODETABLE_ENTRIES (Value, Meaning) VALUES(43, 'Control failure')
INSERT INTO B_TO_CT_RELATIONSHIPS (B_EntryNumber, CodeTable_EntryNumber) VALUES(103, 3952)
INSERT INTO B_TO_CT_RELATIONSHIPS (B_EntryNumber, CodeTable_EntryNumber) VALUES(1538, 3952)
INSERT INTO CODETABLE_ENTRIES (Value, Meaning) VALUES(44, 'Pneumatic/hydraulic failure')
INSERT INTO B_TO_CT_RELATIONSHIPS (B_EntryNumber, CodeTable_EntryNumber) VALUES(103, 3953)
INSERT INTO B_TO_CT_RELATIONSHIPS (B_EntryNumber, CodeTable_EntryNumber) VALUES(1538, 3953)
INSERT INTO CODETABLE_ENTRIES (Value, Meaning) VALUES(45, 'Other problems')
INSERT INTO B_TO_CT_RELATIONSHIPS (B_EntryNumber, CodeTable_EntryNumber) VALUES(103, 3954)
INSERT INTO B_TO_CT_RELATIONSHIPS (B_EntryNumber, CodeTable_EntryNumber) VALUES(1538, 3954)
INSERT INTO CODETABLE_ENTRIES (Value, Meaning) VALUES(46, 'Compressor problems')
INSERT INTO B_TO_CT_RELATIONSHIPS (B_EntryNumber, CodeTable_EntryNumber) VALUES(103, 3955)
INSERT INTO B_TO_CT_RELATIONSHIPS (B_EntryNumber, CodeTable_EntryNumber) VALUES(1538, 3955)
INSERT INTO CODETABLE_ENTRIES (Value, Meaning) VALUES(47, 'Balloon problems')
INSERT INTO B_TO_CT_RELATIONSHIPS (B_EntryNumber, CodeTable_EntryNumber) VALUES(103, 3956)
INSERT INTO B_TO_CT_RELATIONSHIPS (B_EntryNumber, CodeTable_EntryNumber) VALUES(1538, 3956)
INSERT INTO CODETABLE_ENTRIES (Value, Meaning) VALUES(48, 'Balloon release problems')
INSERT INTO B_TO_CT_RELATIONSHIPS (B_EntryNumber, CodeTable_EntryNumber) VALUES(103, 3957)
INSERT INTO B_TO_CT_RELATIONSHIPS (B_EntryNumber, CodeTable_EntryNumber) VALUES(1538, 3957)
INSERT INTO CODETABLE_ENTRIES (Value, Meaning) VALUES(49, 'Launcher damaged')
INSERT INTO B_TO_CT_RELATIONSHIPS (B_EntryNumber, CodeTable_EntryNumber) VALUES(103, 3958)
INSERT INTO B_TO_CT_RELATIONSHIPS (B_EntryNumber, CodeTable_EntryNumber) VALUES(1538, 3958)
INSERT INTO CODETABLE_ENTRIES (Value, Meaning) VALUES(50, 'R/S receiver antenna defect')
INSERT INTO B_TO_CT_RELATIONSHIPS (B_EntryNumber, CodeTable_EntryNumber) VALUES(103, 3959)
INSERT INTO B_TO_CT_RELATIONSHIPS (B_EntryNumber, CodeTable_EntryNumber) VALUES(1538, 3959)
INSERT INTO CODETABLE_ENTRIES (Value, Meaning) VALUES(51, 'NAVAID antenna defect')
INSERT INTO B_TO_CT_RELATIONSHIPS (B_EntryNumber, CodeTable_EntryNumber) VALUES(103, 3960)
INSERT INTO B_TO_CT_RELATIONSHIPS (B_EntryNumber, CodeTable_EntryNumber) VALUES(1538, 3960)
INSERT INTO CODETABLE_ENTRIES (Value, Meaning) VALUES(52, 'R/S receiver cabling (antenna) defect')
INSERT INTO B_TO_CT_RELATIONSHIPS (B_EntryNumber, CodeTable_EntryNumber) VALUES(103, 3961)
INSERT INTO B_TO_CT_RELATIONSHIPS (B_EntryNumber, CodeTable_EntryNumber) VALUES(1538, 3961)
INSERT INTO CODETABLE_ENTRIES (Value, Meaning) VALUES(53, 'NAVAID antenna cabling defect')
INSERT INTO B_TO_CT_RELATIONSHIPS (B_EntryNumber, CodeTable_EntryNumber) VALUES(103, 3962)
INSERT INTO B_TO_CT_RELATIONSHIPS (B_EntryNumber, CodeTable_EntryNumber) VALUES(1538, 3962)
INSERT INTO CODETABLE_ENTRIES (Value, Meaning) VALUES(59, 'Other problems')
INSERT INTO B_TO_CT_RELATIONSHIPS (B_EntryNumber, CodeTable_EntryNumber) VALUES(103, 3963)
INSERT INTO B_TO_CT_RELATIONSHIPS (B_EntryNumber, CodeTable_EntryNumber) VALUES(1538, 3963)
INSERT INTO CODETABLE_ENTRIES (Value, Meaning) VALUES(60, 'ASAP communications defect')
INSERT INTO B_TO_CT_RELATIONSHIPS (B_EntryNumber, CodeTable_EntryNumber) VALUES(103, 3964)
INSERT INTO B_TO_CT_RELATIONSHIPS (B_EntryNumber, CodeTable_EntryNumber) VALUES(1538, 3964)
INSERT INTO CODETABLE_ENTRIES (Value, Meaning) VALUES(61, 'Communications facility rejected data')
INSERT INTO B_TO_CT_RELATIONSHIPS (B_EntryNumber, CodeTable_EntryNumber) VALUES(103, 3965)
INSERT INTO B_TO_CT_RELATIONSHIPS (B_EntryNumber, CodeTable_EntryNumber) VALUES(1538, 3965)
INSERT INTO CODETABLE_ENTRIES (Value, Meaning) VALUES(62, 'No power at transmitting antenna')
INSERT INTO B_TO_CT_RELATIONSHIPS (B_EntryNumber, CodeTable_EntryNumber) VALUES(103, 3966)
INSERT INTO B_TO_CT_RELATIONSHIPS (B_EntryNumber, CodeTable_EntryNumber) VALUES(1538, 3966)
INSERT INTO CODETABLE_ENTRIES (Value, Meaning) VALUES(63, 'Antenna cable broken')
INSERT INTO B_TO_CT_RELATIONSHIPS (B_EntryNumber, CodeTable_EntryNumber) VALUES(103, 3967)
INSERT INTO B_TO_CT_RELATIONSHIPS (B_EntryNumber, CodeTable_EntryNumber) VALUES(1538, 3967)
INSERT INTO CODETABLE_ENTRIES (Value, Meaning) VALUES(64, 'Antenna cable defect')
INSERT INTO B_TO_CT_RELATIONSHIPS (B_EntryNumber, CodeTable_EntryNumber) VALUES(103, 3968)
INSERT INTO B_TO_CT_RELATIONSHIPS (B_EntryNumber, CodeTable_EntryNumber) VALUES(1538, 3968)
INSERT INTO CODETABLE_ENTRIES (Value, Meaning) VALUES(65, 'Message transmitted power below normal')
INSERT INTO B_TO_CT_RELATIONSHIPS (B_EntryNumber, CodeTable_EntryNumber) VALUES(103, 3969)
INSERT INTO B_TO_CT_RELATIONSHIPS (B_EntryNumber, CodeTable_EntryNumber) VALUES(1538, 3969)
INSERT INTO CODETABLE_ENTRIES (Value, Meaning) VALUES(69, 'Other problems')
INSERT INTO B_TO_CT_RELATIONSHIPS (B_EntryNumber, CodeTable_EntryNumber) VALUES(103, 3970)
INSERT INTO B_TO_CT_RELATIONSHIPS (B_EntryNumber, CodeTable_EntryNumber) VALUES(1538, 3970)
INSERT INTO CODETABLE_ENTRIES (Value, Meaning) VALUES(70, 'All systems in normal operation')
INSERT INTO B_TO_CT_RELATIONSHIPS (B_EntryNumber, CodeTable_EntryNumber) VALUES(103, 3971)
INSERT INTO B_TO_CT_RELATIONSHIPS (B_EntryNumber, CodeTable_EntryNumber) VALUES(1538, 3971)
INSERT INTO CODETABLE_ENTRIES (Value, Meaning) VALUES(99, 'Status of system and its components not specified')
INSERT INTO B_TO_CT_RELATIONSHIPS (B_EntryNumber, CodeTable_EntryNumber) VALUES(103, 3972)
INSERT INTO B_TO_CT_RELATIONSHIPS (B_EntryNumber, CodeTable_EntryNumber) VALUES(1538, 3972)
