Standard ingest: com.mysql.jdbc.JDBC4PreparedStatement@1995d80: UPDATE bufr_d SET mnemonic = 'TABLACAT' WHERE X = 0 AND Y = 2 AND version_idx = 18
Standard ingest: com.mysql.jdbc.JDBC4PreparedStatement@1c9b9ca: UPDATE bufr_d SET mnemonic = 'FXYDESCR' WHERE X = 0 AND Y = 3 AND version_idx = 18
Standard ingest: com.mysql.jdbc.JDBC4PreparedStatement@c4aad3: UPDATE bufr_d SET mnemonic = 'ELUNSCRW' WHERE X = 0 AND Y = 4 AND version_idx = 18
Standard ingest: com.mysql.jdbc.JDBC4PreparedStatement@1ab28fe: UPDATE bufr_d SET mnemonic = 'DELAYREP' WHERE X = 0 AND Y = 10 AND version_idx = 18
Standard ingest: com.mysql.jdbc.JDBC4PreparedStatement@105738: UPDATE bufr_d SET mnemonic = 'CTABDEF' WHERE X = 0 AND Y = 15 AND version_idx = 18
Standard ingest: com.mysql.jdbc.JDBC4PreparedStatement@ce5b1c: UPDATE bufr_d SET mnemonic = 'FTABDEF' WHERE X = 0 AND Y = 16 AND version_idx = 18
Standard ingest: com.mysql.jdbc.JDBC4PreparedStatement@1bfc93a: UPDATE bufr_d SET mnemonic = 'WMOBLKST' WHERE X = 1 AND Y = 1 AND version_idx = 18
Standard ingest: com.mysql.jdbc.JDBC4PreparedStatement@341960: UPDATE bufr_d SET mnemonic = 'WMORGPLT' WHERE X = 1 AND Y = 2 AND version_idx = 18
Standard ingest: com.mysql.jdbc.JDBC4PreparedStatement@6e293a: UPDATE bufr_d SET mnemonic = 'SHIPCSDS' WHERE X = 1 AND Y = 3 AND version_idx = 18
Standard ingest: com.mysql.jdbc.JDBC4PreparedStatement@54a328: UPDATE bufr_d SET mnemonic = 'SFCSTNID' WHERE X = 1 AND Y = 4 AND version_idx = 18
Standard ingest: com.mysql.jdbc.JDBC4PreparedStatement@a3d4cf: UPDATE bufr_d SET mnemonic = 'STNIDTIM' WHERE X = 1 AND Y = 5 AND version_idx = 18
Standard ingest: com.mysql.jdbc.JDBC4PreparedStatement@1e8a1f6: UPDATE bufr_d SET mnemonic = 'YYMMDD' WHERE X = 1 AND Y = 11 AND version_idx = 18
Standard ingest: com.mysql.jdbc.JDBC4PreparedStatement@97a560: UPDATE bufr_d SET mnemonic = 'HHMM' WHERE X = 1 AND Y = 12 AND version_idx = 18
Standard ingest: com.mysql.jdbc.JDBC4PreparedStatement@1ea5671: UPDATE bufr_d SET mnemonic = 'HHMMSS' WHERE X = 1 AND Y = 13 AND version_idx = 18
Standard ingest: com.mysql.jdbc.JDBC4PreparedStatement@704baa: UPDATE bufr_d SET mnemonic = 'TIMEPERD' WHERE X = 1 AND Y = 14 AND version_idx = 18
Standard ingest: com.mysql.jdbc.JDBC4PreparedStatement@77a7f9: UPDATE bufr_d SET mnemonic = 'ENCSHPID' WHERE X = 1 AND Y = 18 AND version_idx = 18
Standard ingest: com.mysql.jdbc.JDBC4PreparedStatement@1b4fad5: UPDATE bufr_d SET mnemonic = 'LTLONH' WHERE X = 1 AND Y = 21 AND version_idx = 18
Standard ingest: com.mysql.jdbc.JDBC4PreparedStatement@bfea1d: UPDATE bufr_d SET mnemonic = 'LTLONHHT' WHERE X = 1 AND Y = 22 AND version_idx = 18
Standard ingest: com.mysql.jdbc.JDBC4PreparedStatement@1a33d48: UPDATE bufr_d SET mnemonic = 'LTLONC' WHERE X = 1 AND Y = 23 AND version_idx = 18
Standard ingest: com.mysql.jdbc.JDBC4PreparedStatement@c68c3: UPDATE bufr_d SET mnemonic = 'LALOLV' WHERE X = 1 AND Y = 24 AND version_idx = 18
Standard ingest: com.mysql.jdbc.JDBC4PreparedStatement@b2002f: UPDATE bufr_d SET mnemonic = 'LTLONCDT' WHERE X = 1 AND Y = 25 AND version_idx = 18
Standard ingest: com.mysql.jdbc.JDBC4PreparedStatement@2a4983: UPDATE bufr_d SET mnemonic = 'LTLONHTP' WHERE X = 1 AND Y = 26 AND version_idx = 18
Standard ingest: com.mysql.jdbc.JDBC4PreparedStatement@406199: UPDATE bufr_d SET mnemonic = 'DESCFEAT' WHERE X = 1 AND Y = 27 AND version_idx = 18
Standard ingest: com.mysql.jdbc.JDBC4PreparedStatement@c7b00c: UPDATE bufr_d SET mnemonic = 'FEATPOLY' WHERE X = 1 AND Y = 28 AND version_idx = 18
Standard ingest: com.mysql.jdbc.JDBC4PreparedStatement@1f6f296: UPDATE bufr_d SET mnemonic = 'IDENTIFN' WHERE X = 1 AND Y = 29 AND version_idx = 18
Standard ingest: com.mysql.jdbc.JDBC4PreparedStatement@1b09468: UPDATE bufr_d SET mnemonic = 'IDENTLOC' WHERE X = 1 AND Y = 30 AND version_idx = 18
Standard ingest: com.mysql.jdbc.JDBC4PreparedStatement@1df5a8f: UPDATE bufr_d SET mnemonic = 'IDTIMLOH' WHERE X = 1 AND Y = 31 AND version_idx = 18
Standard ingest: com.mysql.jdbc.JDBC4PreparedStatement@b2a2d8: UPDATE bufr_d SET mnemonic = 'IDTIMLOC' WHERE X = 1 AND Y = 32 AND version_idx = 18
Standard ingest: com.mysql.jdbc.JDBC4PreparedStatement@1e13d52: UPDATE bufr_d SET mnemonic = 'BUOYPLTH' WHERE X = 1 AND Y = 33 AND version_idx = 18
Standard ingest: com.mysql.jdbc.JDBC4PreparedStatement@5329c5: UPDATE bufr_d SET mnemonic = 'BUOYPLTC' WHERE X = 1 AND Y = 34 AND version_idx = 18
Standard ingest: com.mysql.jdbc.JDBC4PreparedStatement@1db699b: UPDATE bufr_d SET mnemonic = 'BUOYPLTM' WHERE X = 1 AND Y = 35 AND version_idx = 18
Standard ingest: com.mysql.jdbc.JDBC4PreparedStatement@1f26605: UPDATE bufr_d SET mnemonic = 'SHIPSEQ1' WHERE X = 1 AND Y = 36 AND version_idx = 18
Standard ingest: com.mysql.jdbc.JDBC4PreparedStatement@107ebe1: UPDATE bufr_d SET mnemonic = 'LDSTNVSH' WHERE X = 1 AND Y = 37 AND version_idx = 18
Standard ingest: com.mysql.jdbc.JDBC4PreparedStatement@10f11b8: UPDATE bufr_d SET mnemonic = 'LDSTNVSC' WHERE X = 1 AND Y = 38 AND version_idx = 18
Standard ingest: com.mysql.jdbc.JDBC4PreparedStatement@544ec1: UPDATE bufr_d SET mnemonic = 'SHIPVSND' WHERE X = 1 AND Y = 39 AND version_idx = 18
Standard ingest: com.mysql.jdbc.JDBC4PreparedStatement@fe748f: UPDATE bufr_d SET mnemonic = 'SHIPCALL' WHERE X = 1 AND Y = 40 AND version_idx = 18
Standard ingest: com.mysql.jdbc.JDBC4PreparedStatement@1968e23: UPDATE bufr_d SET mnemonic = 'SAIDTIME' WHERE X = 1 AND Y = 41 AND version_idx = 18
Standard ingest: com.mysql.jdbc.JDBC4PreparedStatement@14da8f4: UPDATE bufr_d SET mnemonic = 'SAIDLALO' WHERE X = 1 AND Y = 42 AND version_idx = 18
Standard ingest: com.mysql.jdbc.JDBC4PreparedStatement@18f6235: UPDATE bufr_d SET mnemonic = 'SAIDCMCM' WHERE X = 1 AND Y = 43 AND version_idx = 18
Standard ingest: com.mysql.jdbc.JDBC4PreparedStatement@78a212: UPDATE bufr_d SET mnemonic = 'SAIDIMHU' WHERE X = 1 AND Y = 44 AND version_idx = 18
Standard ingest: com.mysql.jdbc.JDBC4PreparedStatement@1d85f79: UPDATE bufr_d SET mnemonic = 'SATLOVEL' WHERE X = 1 AND Y = 45 AND version_idx = 18
Standard ingest: com.mysql.jdbc.JDBC4PreparedStatement@641e9a: UPDATE bufr_d SET mnemonic = 'SAIDDMOP' WHERE X = 1 AND Y = 46 AND version_idx = 18
Standard ingest: com.mysql.jdbc.JDBC4PreparedStatement@115273a: UPDATE bufr_d SET mnemonic = 'ERSPRODH' WHERE X = 1 AND Y = 47 AND version_idx = 18
Standard ingest: com.mysql.jdbc.JDBC4PreparedStatement@1c282a1: UPDATE bufr_d SET mnemonic = 'RADARPRM' WHERE X = 1 AND Y = 48 AND version_idx = 18
Standard ingest: com.mysql.jdbc.JDBC4PreparedStatement@10e3293: UPDATE bufr_d SET mnemonic = 'RADARBMD' WHERE X = 1 AND Y = 49 AND version_idx = 18
Standard ingest: com.mysql.jdbc.JDBC4PreparedStatement@11a64ed: UPDATE bufr_d SET mnemonic = 'ACFTSEQN' WHERE X = 1 AND Y = 51 AND version_idx = 18
Standard ingest: com.mysql.jdbc.JDBC4PreparedStatement@1d80e6d: UPDATE bufr_d SET mnemonic = 'BUOYSEQN' WHERE X = 1 AND Y = 55 AND version_idx = 18
Standard ingest: com.mysql.jdbc.JDBC4PreparedStatement@19b5393: UPDATE bufr_d SET mnemonic = 'MARIDLOC' WHERE X = 1 AND Y = 56 AND version_idx = 18
Standard ingest: com.mysql.jdbc.JDBC4PreparedStatement@8bdcd2: UPDATE bufr_d SET mnemonic = 'UNTFROLD' WHERE X = 1 AND Y = 58 AND version_idx = 18
Standard ingest: com.mysql.jdbc.JDBC4PreparedStatement@4e79f1: UPDATE bufr_d SET mnemonic = 'IFSSIFLD' WHERE X = 1 AND Y = 59 AND version_idx = 18
Standard ingest: com.mysql.jdbc.JDBC4PreparedStatement@27e353: UPDATE bufr_d SET mnemonic = 'RADARLOC' WHERE X = 1 AND Y = 62 AND version_idx = 18
Standard ingest: com.mysql.jdbc.JDBC4PreparedStatement@bd928a: UPDATE bufr_d SET mnemonic = 'ACARID' WHERE X = 1 AND Y = 65 AND version_idx = 18
Standard ingest: com.mysql.jdbc.JDBC4PreparedStatement@1dfc547: UPDATE bufr_d SET mnemonic = 'ACARLO' WHERE X = 1 AND Y = 66 AND version_idx = 18
Standard ingest: com.mysql.jdbc.JDBC4PreparedStatement@10f6d3: UPDATE bufr_d SET mnemonic = 'OZONBREW' WHERE X = 1 AND Y = 70 AND version_idx = 18
Standard ingest: com.mysql.jdbc.JDBC4PreparedStatement@1bcc0bc: UPDATE bufr_d SET mnemonic = 'SIDGRSEQ' WHERE X = 1 AND Y = 71 AND version_idx = 18
Standard ingest: com.mysql.jdbc.JDBC4PreparedStatement@111a3a4: UPDATE bufr_d SET mnemonic = 'SIDENSEQ' WHERE X = 1 AND Y = 72 AND version_idx = 18
Standard ingest: com.mysql.jdbc.JDBC4PreparedStatement@10e790c: UPDATE bufr_d SET mnemonic = 'OZONDOBS' WHERE X = 1 AND Y = 74 AND version_idx = 18
Standard ingest: com.mysql.jdbc.JDBC4PreparedStatement@12d263f: UPDATE bufr_d SET mnemonic = 'SNDIDENT' WHERE X = 1 AND Y = 75 AND version_idx = 18
Standard ingest: com.mysql.jdbc.JDBC4PreparedStatement@12a0f6c: UPDATE bufr_d SET mnemonic = 'OZSNDINS' WHERE X = 1 AND Y = 76 AND version_idx = 18
Standard ingest: com.mysql.jdbc.JDBC4PreparedStatement@5a9de6: UPDATE bufr_d SET mnemonic = 'NATSTNID' WHERE X = 1 AND Y = 89 AND version_idx = 18
Standard ingest: com.mysql.jdbc.JDBC4PreparedStatement@134a7d8: UPDATE bufr_d SET mnemonic = 'SFIDTIME' WHERE X = 1 AND Y = 90 AND version_idx = 18
Standard ingest: com.mysql.jdbc.JDBC4PreparedStatement@1f78ef1: UPDATE bufr_d SET mnemonic = 'SFCSTNIN' WHERE X = 1 AND Y = 91 AND version_idx = 18
Standard ingest: com.mysql.jdbc.JDBC4PreparedStatement@1c9a690: UPDATE bufr_d SET mnemonic = 'MOBIDENT' WHERE X = 1 AND Y = 92 AND version_idx = 18
Standard ingest: com.mysql.jdbc.JDBC4PreparedStatement@1d6776d: UPDATE bufr_d SET mnemonic = 'SHPIDENT' WHERE X = 1 AND Y = 93 AND version_idx = 18
Standard ingest: com.mysql.jdbc.JDBC4PreparedStatement@13ad085: UPDATE bufr_d SET mnemonic = 'IDLSIWDM' WHERE X = 1 AND Y = 110 AND version_idx = 18
Standard ingest: com.mysql.jdbc.JDBC4PreparedStatement@4fce71: UPDATE bufr_d SET mnemonic = 'IDLSIPTM' WHERE X = 1 AND Y = 111 AND version_idx = 18
Standard ingest: com.mysql.jdbc.JDBC4PreparedStatement@17a8a02: UPDATE bufr_d SET mnemonic = 'IDLPIDRP' WHERE X = 1 AND Y = 112 AND version_idx = 18
Standard ingest: com.mysql.jdbc.JDBC4PreparedStatement@1faba46: UPDATE bufr_d SET mnemonic = 'DATETMLN' WHERE X = 1 AND Y = 113 AND version_idx = 18
Standard ingest: com.mysql.jdbc.JDBC4PreparedStatement@1db7df8: UPDATE bufr_d SET mnemonic = 'HAVCOLS' WHERE X = 1 AND Y = 114 AND version_idx = 18
Standard ingest: com.mysql.jdbc.JDBC4PreparedStatement@12b3d53: UPDATE bufr_d SET mnemonic = 'RAOBHLIN' WHERE X = 1 AND Y = 120 AND version_idx = 18
Standard ingest: com.mysql.jdbc.JDBC4PreparedStatement@1c74f37: UPDATE bufr_d SET mnemonic = 'RAOBLPTL' WHERE X = 1 AND Y = 121 AND version_idx = 18
Standard ingest: com.mysql.jdbc.JDBC4PreparedStatement@21b220: UPDATE bufr_d SET mnemonic = 'DATETIME' WHERE X = 1 AND Y = 122 AND version_idx = 18
Standard ingest: com.mysql.jdbc.JDBC4PreparedStatement@3570b0: UPDATE bufr_d SET mnemonic = 'RAOBHEAD' WHERE X = 1 AND Y = 123 AND version_idx = 18
Standard ingest: com.mysql.jdbc.JDBC4PreparedStatement@79717e: UPDATE bufr_d SET mnemonic = 'ASCATHDR' WHERE X = 1 AND Y = 125 AND version_idx = 18
Standard ingest: com.mysql.jdbc.JDBC4PreparedStatement@10a2d64: UPDATE bufr_d SET mnemonic = 'MBUOYID' WHERE X = 1 AND Y = 126 AND version_idx = 18
Standard ingest: com.mysql.jdbc.JDBC4PreparedStatement@12a3722: UPDATE bufr_d SET mnemonic = 'INFORDAS' WHERE X = 1 AND Y = 128 AND version_idx = 18
Standard ingest: com.mysql.jdbc.JDBC4PreparedStatement@89cf1e: UPDATE bufr_d SET mnemonic = 'WIGOSID' WHERE X = 1 AND Y = 150 AND version_idx = 18
Standard ingest: com.mysql.jdbc.JDBC4PreparedStatement@17ce4e7: UPDATE bufr_d SET mnemonic = 'PRESSQ03' WHERE X = 2 AND Y = 1 AND version_idx = 18
Standard ingest: com.mysql.jdbc.JDBC4PreparedStatement@982589: UPDATE bufr_d SET mnemonic = 'HIALTST1' WHERE X = 2 AND Y = 2 AND version_idx = 18
Standard ingest: com.mysql.jdbc.JDBC4PreparedStatement@c88440: UPDATE bufr_d SET mnemonic = 'WTDRHVWX' WHERE X = 2 AND Y = 3 AND version_idx = 18
Standard ingest: com.mysql.jdbc.JDBC4PreparedStatement@62937c: UPDATE bufr_d SET mnemonic = 'GENCLOUD' WHERE X = 2 AND Y = 4 AND version_idx = 18
Standard ingest: com.mysql.jdbc.JDBC4PreparedStatement@1c0e45a: UPDATE bufr_d SET mnemonic = 'CLOUDSQ1' WHERE X = 2 AND Y = 5 AND version_idx = 18
Standard ingest: com.mysql.jdbc.JDBC4PreparedStatement@cfec48: UPDATE bufr_d SET mnemonic = 'PRESSQ24' WHERE X = 2 AND Y = 6 AND version_idx = 18
Standard ingest: com.mysql.jdbc.JDBC4PreparedStatement@a17083: UPDATE bufr_d SET mnemonic = 'LOALTSTN' WHERE X = 2 AND Y = 11 AND version_idx = 18
Standard ingest: com.mysql.jdbc.JDBC4PreparedStatement@e1d5ea: UPDATE bufr_d SET mnemonic = 'HIALTST2' WHERE X = 2 AND Y = 12 AND version_idx = 18
Standard ingest: com.mysql.jdbc.JDBC4PreparedStatement@a31e1b: UPDATE bufr_d SET mnemonic = 'PWTHVWXC' WHERE X = 2 AND Y = 13 AND version_idx = 18
Standard ingest: com.mysql.jdbc.JDBC4PreparedStatement@10da5eb: UPDATE bufr_d SET mnemonic = 'DPHGTWAV' WHERE X = 2 AND Y = 21 AND version_idx = 18
Standard ingest: com.mysql.jdbc.JDBC4PreparedStatement@1081d2e: UPDATE bufr_d SET mnemonic = 'DPHGTWWV' WHERE X = 2 AND Y = 22 AND version_idx = 18
Standard ingest: com.mysql.jdbc.JDBC4PreparedStatement@1b3f829: UPDATE bufr_d SET mnemonic = 'DPHGTSWV' WHERE X = 2 AND Y = 23 AND version_idx = 18
Standard ingest: com.mysql.jdbc.JDBC4PreparedStatement@698403: UPDATE bufr_d SET mnemonic = 'WINDSWAV' WHERE X = 2 AND Y = 24 AND version_idx = 18
Standard ingest: com.mysql.jdbc.JDBC4PreparedStatement@15a0305: UPDATE bufr_d SET mnemonic = 'PRESDATA' WHERE X = 2 AND Y = 31 AND version_idx = 18
Standard ingest: com.mysql.jdbc.JDBC4PreparedStatement@7c4c51: UPDATE bufr_d SET mnemonic = 'TEHUDATA' WHERE X = 2 AND Y = 32 AND version_idx = 18
Standard ingest: com.mysql.jdbc.JDBC4PreparedStatement@765a16: UPDATE bufr_d SET mnemonic = 'VISBDATA' WHERE X = 2 AND Y = 33 AND version_idx = 18
Standard ingest: com.mysql.jdbc.JDBC4PreparedStatement@148bd3: UPDATE bufr_d SET mnemonic = 'PRECIP24' WHERE X = 2 AND Y = 34 AND version_idx = 18
Standard ingest: com.mysql.jdbc.JDBC4PreparedStatement@e80842: UPDATE bufr_d SET mnemonic = 'SYNOPINS' WHERE X = 2 AND Y = 35 AND version_idx = 18
Standard ingest: com.mysql.jdbc.JDBC4PreparedStatement@17653ae: UPDATE bufr_d SET mnemonic = 'CLOUDBSL' WHERE X = 2 AND Y = 36 AND version_idx = 18
Standard ingest: com.mysql.jdbc.JDBC4PreparedStatement@16fe0f4: UPDATE bufr_d SET mnemonic = 'STATEGRD' WHERE X = 2 AND Y = 37 AND version_idx = 18
Standard ingest: com.mysql.jdbc.JDBC4PreparedStatement@19d0a1: UPDATE bufr_d SET mnemonic = 'PWEATHER' WHERE X = 2 AND Y = 38 AND version_idx = 18
Standard ingest: com.mysql.jdbc.JDBC4PreparedStatement@d02b51: UPDATE bufr_d SET mnemonic = 'SUNSHIDA' WHERE X = 2 AND Y = 39 AND version_idx = 18
Standard ingest: com.mysql.jdbc.JDBC4PreparedStatement@cbf30e: UPDATE bufr_d SET mnemonic = 'PRECMEA2' WHERE X = 2 AND Y = 40 AND version_idx = 18
Standard ingest: com.mysql.jdbc.JDBC4PreparedStatement@1c247a0: UPDATE bufr_d SET mnemonic = 'EXTRTEM2' WHERE X = 2 AND Y = 41 AND version_idx = 18
Standard ingest: com.mysql.jdbc.JDBC4PreparedStatement@1ec6696: UPDATE bufr_d SET mnemonic = 'WINDDAT2' WHERE X = 2 AND Y = 42 AND version_idx = 18
Standard ingest: com.mysql.jdbc.JDBC4PreparedStatement@1431340: UPDATE bufr_d SET mnemonic = 'SYNOPPRD' WHERE X = 2 AND Y = 43 AND version_idx = 18
Standard ingest: com.mysql.jdbc.JDBC4PreparedStatement@a4e2e3: UPDATE bufr_d SET mnemonic = 'EVAPDATA' WHERE X = 2 AND Y = 44 AND version_idx = 18
Standard ingest: com.mysql.jdbc.JDBC4PreparedStatement@12bb7e0: UPDATE bufr_d SET mnemonic = 'RADNDATA' WHERE X = 2 AND Y = 45 AND version_idx = 18
Standard ingest: com.mysql.jdbc.JDBC4PreparedStatement@134f69a: UPDATE bufr_d SET mnemonic = 'TEMPCHNG' WHERE X = 2 AND Y = 46 AND version_idx = 18
Standard ingest: com.mysql.jdbc.JDBC4PreparedStatement@2a15cd: UPDATE bufr_d SET mnemonic = 'DIRCLDFT' WHERE X = 2 AND Y = 47 AND version_idx = 18
Standard ingest: com.mysql.jdbc.JDBC4PreparedStatement@fd68b1: UPDATE bufr_d SET mnemonic = 'DIRELCLD' WHERE X = 2 AND Y = 48 AND version_idx = 18
Standard ingest: com.mysql.jdbc.JDBC4PreparedStatement@e45076: UPDATE bufr_d SET mnemonic = 'CLINRVSD' WHERE X = 2 AND Y = 49 AND version_idx = 18
Standard ingest: com.mysql.jdbc.JDBC4PreparedStatement@15e9756: UPDATE bufr_d SET mnemonic = 'RAOBSURF' WHERE X = 2 AND Y = 50 AND version_idx = 18
Standard ingest: com.mysql.jdbc.JDBC4PreparedStatement@121ab80: UPDATE bufr_d SET mnemonic = 'PGTXNVPM' WHERE X = 2 AND Y = 51 AND version_idx = 18
Standard ingest: com.mysql.jdbc.JDBC4PreparedStatement@1827284: UPDATE bufr_d SET mnemonic = 'TEHUDAT2' WHERE X = 2 AND Y = 52 AND version_idx = 18
Standard ingest: com.mysql.jdbc.JDBC4PreparedStatement@12c7568: UPDATE bufr_d SET mnemonic = 'VISBDAT2' WHERE X = 2 AND Y = 53 AND version_idx = 18
Standard ingest: com.mysql.jdbc.JDBC4PreparedStatement@1d009b4: UPDATE bufr_d SET mnemonic = 'SHIPINST' WHERE X = 2 AND Y = 54 AND version_idx = 18
Standard ingest: com.mysql.jdbc.JDBC4PreparedStatement@12d15a9: UPDATE bufr_d SET mnemonic = 'ICINGICE' WHERE X = 2 AND Y = 55 AND version_idx = 18
Standard ingest: com.mysql.jdbc.JDBC4PreparedStatement@e91f5d: UPDATE bufr_d SET mnemonic = 'SEATEMPM' WHERE X = 2 AND Y = 56 AND version_idx = 18
Standard ingest: com.mysql.jdbc.JDBC4PreparedStatement@10a3b24: UPDATE bufr_d SET mnemonic = 'SHIPDATA' WHERE X = 2 AND Y = 57 AND version_idx = 18
Standard ingest: com.mysql.jdbc.JDBC4PreparedStatement@b0ce8f: UPDATE bufr_d SET mnemonic = 'EXTRTEM3' WHERE X = 2 AND Y = 58 AND version_idx = 18
Standard ingest: com.mysql.jdbc.JDBC4PreparedStatement@1c92535: UPDATE bufr_d SET mnemonic = 'WINDDAT3' WHERE X = 2 AND Y = 59 AND version_idx = 18
Standard ingest: com.mysql.jdbc.JDBC4PreparedStatement@a9c09e: UPDATE bufr_d SET mnemonic = 'SHIPPERD' WHERE X = 2 AND Y = 60 AND version_idx = 18
Standard ingest: com.mysql.jdbc.JDBC4PreparedStatement@a4e743: UPDATE bufr_d SET mnemonic = 'SHIPINSV' WHERE X = 2 AND Y = 62 AND version_idx = 18
Standard ingest: com.mysql.jdbc.JDBC4PreparedStatement@4aeb52: UPDATE bufr_d SET mnemonic = 'SHIPPRDV' WHERE X = 2 AND Y = 63 AND version_idx = 18
Standard ingest: com.mysql.jdbc.JDBC4PreparedStatement@9f671b: UPDATE bufr_d SET mnemonic = 'WINDDATV' WHERE X = 2 AND Y = 64 AND version_idx = 18
Standard ingest: com.mysql.jdbc.JDBC4PreparedStatement@12a3793: UPDATE bufr_d SET mnemonic = 'DANGERWX' WHERE X = 2 AND Y = 66 AND version_idx = 18
Standard ingest: com.mysql.jdbc.JDBC4PreparedStatement@a6d51e: UPDATE bufr_d SET mnemonic = 'ADSYNPRM' WHERE X = 2 AND Y = 67 AND version_idx = 18
Standard ingest: com.mysql.jdbc.JDBC4PreparedStatement@f1bb78: UPDATE bufr_d SET mnemonic = 'VISBSEQN' WHERE X = 2 AND Y = 69 AND version_idx = 18
Standard ingest: com.mysql.jdbc.JDBC4PreparedStatement@4b035d: UPDATE bufr_d SET mnemonic = 'WINDDATA' WHERE X = 2 AND Y = 70 AND version_idx = 18
Standard ingest: com.mysql.jdbc.JDBC4PreparedStatement@ca0115: UPDATE bufr_d SET mnemonic = 'WIND1HRP' WHERE X = 2 AND Y = 71 AND version_idx = 18
Standard ingest: com.mysql.jdbc.JDBC4PreparedStatement@76e369: UPDATE bufr_d SET mnemonic = 'TEMHUMDA' WHERE X = 2 AND Y = 72 AND version_idx = 18
Standard ingest: com.mysql.jdbc.JDBC4PreparedStatement@14c194d: UPDATE bufr_d SET mnemonic = 'CLOUDATA' WHERE X = 2 AND Y = 73 AND version_idx = 18
Standard ingest: com.mysql.jdbc.JDBC4PreparedStatement@1112783: UPDATE bufr_d SET mnemonic = 'PREPSTWX' WHERE X = 2 AND Y = 74 AND version_idx = 18
Standard ingest: com.mysql.jdbc.JDBC4PreparedStatement@1394894: UPDATE bufr_d SET mnemonic = 'IPRSPREL' WHERE X = 2 AND Y = 75 AND version_idx = 18
Standard ingest: com.mysql.jdbc.JDBC4PreparedStatement@1b8f864: UPDATE bufr_d SET mnemonic = 'PROBSPHE' WHERE X = 2 AND Y = 76 AND version_idx = 18
Standard ingest: com.mysql.jdbc.JDBC4PreparedStatement@bb7759: UPDATE bufr_d SET mnemonic = 'EXTRTEMP' WHERE X = 2 AND Y = 77 AND version_idx = 18
Standard ingest: com.mysql.jdbc.JDBC4PreparedStatement@1989f84: UPDATE bufr_d SET mnemonic = 'STGDSNDM' WHERE X = 2 AND Y = 78 AND version_idx = 18
Standard ingest: com.mysql.jdbc.JDBC4PreparedStatement@110c424: UPDATE bufr_d SET mnemonic = 'PRECMEAS' WHERE X = 2 AND Y = 79 AND version_idx = 18
Standard ingest: com.mysql.jdbc.JDBC4PreparedStatement@1bd2664: UPDATE bufr_d SET mnemonic = 'EVAPMEAS' WHERE X = 2 AND Y = 80 AND version_idx = 18
Standard ingest: com.mysql.jdbc.JDBC4PreparedStatement@1238bd2: UPDATE bufr_d SET mnemonic = 'SUNSHINE' WHERE X = 2 AND Y = 81 AND version_idx = 18
Standard ingest: com.mysql.jdbc.JDBC4PreparedStatement@b0bad7: UPDATE bufr_d SET mnemonic = 'RADNSEQN' WHERE X = 2 AND Y = 82 AND version_idx = 18
Standard ingest: com.mysql.jdbc.JDBC4PreparedStatement@1198891: UPDATE bufr_d SET mnemonic = 'FOSTPWTU' WHERE X = 2 AND Y = 83 AND version_idx = 18
Standard ingest: com.mysql.jdbc.JDBC4PreparedStatement@1551d7f: UPDATE bufr_d SET mnemonic = 'ID307096' WHERE X = 2 AND Y = 84 AND version_idx = 18
Standard ingest: com.mysql.jdbc.JDBC4PreparedStatement@10382a9: UPDATE bufr_d SET mnemonic = 'PD307096' WHERE X = 2 AND Y = 85 AND version_idx = 18
Standard ingest: com.mysql.jdbc.JDBC4PreparedStatement@17725c4: UPDATE bufr_d SET mnemonic = 'LOCTINFO' WHERE X = 2 AND Y = 89 AND version_idx = 18
Standard ingest: com.mysql.jdbc.JDBC4PreparedStatement@1506dc4: UPDATE bufr_d SET mnemonic = 'SEATEMPH' WHERE X = 2 AND Y = 90 AND version_idx = 18
Standard ingest: com.mysql.jdbc.JDBC4PreparedStatement@15663a2: UPDATE bufr_d SET mnemonic = 'ANCMETOB' WHERE X = 2 AND Y = 91 AND version_idx = 18
Standard ingest: com.mysql.jdbc.JDBC4PreparedStatement@a761fe: UPDATE bufr_d SET mnemonic = 'VOSCLIM' WHERE X = 2 AND Y = 92 AND version_idx = 18
Standard ingest: com.mysql.jdbc.JDBC4PreparedStatement@1126b07: UPDATE bufr_d SET mnemonic = 'TEMHUMDX' WHERE X = 2 AND Y = 93 AND version_idx = 18
Standard ingest: com.mysql.jdbc.JDBC4PreparedStatement@30d082: UPDATE bufr_d SET mnemonic = 'IPHSPREL' WHERE X = 2 AND Y = 175 AND version_idx = 18
Standard ingest: com.mysql.jdbc.JDBC4PreparedStatement@c931fc: UPDATE bufr_d SET mnemonic = 'GPWINDDS' WHERE X = 3 AND Y = 1 AND version_idx = 18
Standard ingest: com.mysql.jdbc.JDBC4PreparedStatement@f0c0d3: UPDATE bufr_d SET mnemonic = 'PRWINDDS' WHERE X = 3 AND Y = 2 AND version_idx = 18
Standard ingest: com.mysql.jdbc.JDBC4PreparedStatement@3820e: UPDATE bufr_d SET mnemonic = 'PRGPTMDP' WHERE X = 3 AND Y = 3 AND version_idx = 18
Standard ingest: com.mysql.jdbc.JDBC4PreparedStatement@4f80d6: UPDATE bufr_d SET mnemonic = 'PRGPTMDW' WHERE X = 3 AND Y = 4 AND version_idx = 18
Standard ingest: com.mysql.jdbc.JDBC4PreparedStatement@193722c: UPDATE bufr_d SET mnemonic = 'GPVSSWDS' WHERE X = 3 AND Y = 11 AND version_idx = 18
Standard ingest: com.mysql.jdbc.JDBC4PreparedStatement@12cc95d: UPDATE bufr_d SET mnemonic = 'PRVSSWDS' WHERE X = 3 AND Y = 12 AND version_idx = 18
Standard ingest: com.mysql.jdbc.JDBC4PreparedStatement@157fb52: UPDATE bufr_d SET mnemonic = 'PRVSSTRW' WHERE X = 3 AND Y = 13 AND version_idx = 18
Standard ingest: com.mysql.jdbc.JDBC4PreparedStatement@134e4fb: UPDATE bufr_d SET mnemonic = 'PRVSSTDW' WHERE X = 3 AND Y = 14 AND version_idx = 18
Standard ingest: com.mysql.jdbc.JDBC4PreparedStatement@1a52fdf: UPDATE bufr_d SET mnemonic = 'PRESLAYR' WHERE X = 3 AND Y = 21 AND version_idx = 18
Standard ingest: com.mysql.jdbc.JDBC4PreparedStatement@1ea0252: UPDATE bufr_d SET mnemonic = 'LYRQPLMT' WHERE X = 3 AND Y = 22 AND version_idx = 18
Standard ingest: com.mysql.jdbc.JDBC4PreparedStatement@3e89c3: UPDATE bufr_d SET mnemonic = 'LYRQTMLM' WHERE X = 3 AND Y = 23 AND version_idx = 18
Standard ingest: com.mysql.jdbc.JDBC4PreparedStatement@1c695a6: UPDATE bufr_d SET mnemonic = 'LYRQUPRW' WHERE X = 3 AND Y = 24 AND version_idx = 18
Standard ingest: com.mysql.jdbc.JDBC4PreparedStatement@8acf6e: UPDATE bufr_d SET mnemonic = 'SATCHNBT' WHERE X = 3 AND Y = 25 AND version_idx = 18
Standard ingest: com.mysql.jdbc.JDBC4PreparedStatement@1386918: UPDATE bufr_d SET mnemonic = 'PRVSTEMP' WHERE X = 3 AND Y = 26 AND version_idx = 18
Standard ingest: com.mysql.jdbc.JDBC4PreparedStatement@7bb290: UPDATE bufr_d SET mnemonic = 'PRESGEOP' WHERE X = 3 AND Y = 27 AND version_idx = 18
Standard ingest: com.mysql.jdbc.JDBC4PreparedStatement@10849bc: UPDATE bufr_d SET mnemonic = 'PRVSESST' WHERE X = 3 AND Y = 31 AND version_idx = 18
Standard ingest: com.mysql.jdbc.JDBC4PreparedStatement@120d62b: UPDATE bufr_d SET mnemonic = 'CLAMTPRT' WHERE X = 3 AND Y = 32 AND version_idx = 18
Standard ingest: com.mysql.jdbc.JDBC4PreparedStatement@ccc588: UPDATE bufr_d SET mnemonic = 'CLCVRPRT' WHERE X = 3 AND Y = 33 AND version_idx = 18
Standard ingest: com.mysql.jdbc.JDBC4PreparedStatement@1bc82e7: UPDATE bufr_d SET mnemonic = 'RAOBDURT' WHERE X = 3 AND Y = 40 AND version_idx = 18
Standard ingest: com.mysql.jdbc.JDBC4PreparedStatement@1362012: UPDATE bufr_d SET mnemonic = 'WINDSEQN' WHERE X = 3 AND Y = 41 AND version_idx = 18
Standard ingest: com.mysql.jdbc.JDBC4PreparedStatement@73a34b: UPDATE bufr_d SET mnemonic = 'WDPLRAOB' WHERE X = 3 AND Y = 50 AND version_idx = 18
Standard ingest: com.mysql.jdbc.JDBC4PreparedStatement@1e59128: UPDATE bufr_d SET mnemonic = 'WSPLRAOB' WHERE X = 3 AND Y = 51 AND version_idx = 18
Standard ingest: com.mysql.jdbc.JDBC4PreparedStatement@9ced8e: UPDATE bufr_d SET mnemonic = 'WDHLRAOB' WHERE X = 3 AND Y = 52 AND version_idx = 18
Standard ingest: com.mysql.jdbc.JDBC4PreparedStatement@b02efa: UPDATE bufr_d SET mnemonic = 'WSHLRAOB' WHERE X = 3 AND Y = 53 AND version_idx = 18
Standard ingest: com.mysql.jdbc.JDBC4PreparedStatement@dc57db: UPDATE bufr_d SET mnemonic = 'TDWPRAOB' WHERE X = 3 AND Y = 54 AND version_idx = 18
Standard ingest: com.mysql.jdbc.JDBC4PreparedStatement@c24c0: UPDATE bufr_d SET mnemonic = 'TDRWRAOB' WHERE X = 3 AND Y = 55 AND version_idx = 18
Standard ingest: com.mysql.jdbc.JDBC4PreparedStatement@140c281: UPDATE bufr_d SET mnemonic = 'MTEMHUMS' WHERE X = 3 AND Y = 99 AND version_idx = 18
Standard ingest: com.mysql.jdbc.JDBC4PreparedStatement@a1d1f4: UPDATE bufr_d SET mnemonic = 'VSPTWDWS' WHERE X = 4 AND Y = 1 AND version_idx = 18
Standard ingest: com.mysql.jdbc.JDBC4PreparedStatement@1df280b: UPDATE bufr_d SET mnemonic = 'VSPRWDWS' WHERE X = 4 AND Y = 2 AND version_idx = 18
Standard ingest: com.mysql.jdbc.JDBC4PreparedStatement@1be0f0a: UPDATE bufr_d SET mnemonic = 'VSIGTEMP' WHERE X = 4 AND Y = 3 AND version_idx = 18
Standard ingest: com.mysql.jdbc.JDBC4PreparedStatement@cd5f8b: UPDATE bufr_d SET mnemonic = 'VSPRCCTM' WHERE X = 4 AND Y = 4 AND version_idx = 18
Standard ingest: com.mysql.jdbc.JDBC4PreparedStatement@13adc56: UPDATE bufr_d SET mnemonic = 'IMHCMPRH' WHERE X = 4 AND Y = 5 AND version_idx = 18
Standard ingest: com.mysql.jdbc.JDBC4PreparedStatement@157aa53: UPDATE bufr_d SET mnemonic = 'OILWROSW' WHERE X = 4 AND Y = 6 AND version_idx = 18
Standard ingest: com.mysql.jdbc.JDBC4PreparedStatement@6f50a8: UPDATE bufr_d SET mnemonic = 'GOESIMIN' WHERE X = 4 AND Y = 11 AND version_idx = 18
Standard ingest: com.mysql.jdbc.JDBC4PreparedStatement@187814: UPDATE bufr_d SET mnemonic = 'LOCPLAT' WHERE X = 4 AND Y = 30 AND version_idx = 18
Standard ingest: com.mysql.jdbc.JDBC4PreparedStatement@73a7ab: UPDATE bufr_d SET mnemonic = 'SPDPLAT' WHERE X = 4 AND Y = 31 AND version_idx = 18
Standard ingest: com.mysql.jdbc.JDBC4PreparedStatement@104faf8: UPDATE bufr_d SET mnemonic = 'CLFRASEQ' WHERE X = 4 AND Y = 32 AND version_idx = 18
Standard ingest: com.mysql.jdbc.JDBC4PreparedStatement@1f8c6df: UPDATE bufr_d SET mnemonic = 'CSRADSEQ' WHERE X = 4 AND Y = 33 AND version_idx = 18
Standard ingest: com.mysql.jdbc.JDBC4PreparedStatement@1c86be5: UPDATE bufr_d SET mnemonic = 'LLSEFCPQ' WHERE X = 4 AND Y = 34 AND version_idx = 18
Standard ingest: com.mysql.jdbc.JDBC4PreparedStatement@123b25c: UPDATE bufr_d SET mnemonic = 'ALLSKYRD' WHERE X = 4 AND Y = 35 AND version_idx = 18
Standard ingest: com.mysql.jdbc.JDBC4PreparedStatement@92bbba: UPDATE bufr_d SET mnemonic = 'CLOUDCOV' WHERE X = 4 AND Y = 36 AND version_idx = 18
Standard ingest: com.mysql.jdbc.JDBC4PreparedStatement@162dbb6: UPDATE bufr_d SET mnemonic = 'ALLSKYRC' WHERE X = 4 AND Y = 37 AND version_idx = 18
Standard ingest: com.mysql.jdbc.JDBC4PreparedStatement@146c1d4: UPDATE bufr_d SET mnemonic = 'SADCHYCS' WHERE X = 5 AND Y = 1 AND version_idx = 18
Standard ingest: com.mysql.jdbc.JDBC4PreparedStatement@5f8172: UPDATE bufr_d SET mnemonic = 'SADCHYCE' WHERE X = 5 AND Y = 2 AND version_idx = 18
Standard ingest: com.mysql.jdbc.JDBC4PreparedStatement@2ba11b: UPDATE bufr_d SET mnemonic = 'SADCHYCO' WHERE X = 5 AND Y = 3 AND version_idx = 18
Standard ingest: com.mysql.jdbc.JDBC4PreparedStatement@5e179a: UPDATE bufr_d SET mnemonic = 'SADCHYCR' WHERE X = 5 AND Y = 4 AND version_idx = 18
Standard ingest: com.mysql.jdbc.JDBC4PreparedStatement@15fadcf: UPDATE bufr_d SET mnemonic = 'MEDHYCOM' WHERE X = 5 AND Y = 6 AND version_idx = 18
Standard ingest: com.mysql.jdbc.JDBC4PreparedStatement@8c1dd9: UPDATE bufr_d SET mnemonic = 'MEDHYCOR' WHERE X = 5 AND Y = 7 AND version_idx = 18
Standard ingest: com.mysql.jdbc.JDBC4PreparedStatement@fbb7cb: UPDATE bufr_d SET mnemonic = 'AOCHYCOM' WHERE X = 5 AND Y = 8 AND version_idx = 18
Standard ingest: com.mysql.jdbc.JDBC4PreparedStatement@1df8b99: UPDATE bufr_d SET mnemonic = 'AOCHYVOR' WHERE X = 5 AND Y = 9 AND version_idx = 18
Standard ingest: com.mysql.jdbc.JDBC4PreparedStatement@1462851: UPDATE bufr_d SET mnemonic = 'MEDHYCM2' WHERE X = 5 AND Y = 10 AND version_idx = 18
Standard ingest: com.mysql.jdbc.JDBC4PreparedStatement@1010058: UPDATE bufr_d SET mnemonic = 'MEDHYCO2' WHERE X = 5 AND Y = 11 AND version_idx = 18
Standard ingest: com.mysql.jdbc.JDBC4PreparedStatement@bdab91: UPDATE bufr_d SET mnemonic = 'METPARHY' WHERE X = 5 AND Y = 16 AND version_idx = 18
Standard ingest: com.mysql.jdbc.JDBC4PreparedStatement@4ac00c: UPDATE bufr_d SET mnemonic = 'WATRQUAL' WHERE X = 5 AND Y = 17 AND version_idx = 18
Standard ingest: com.mysql.jdbc.JDBC4PreparedStatement@1865b28: UPDATE bufr_d SET mnemonic = 'MEDHYCOQ' WHERE X = 5 AND Y = 18 AND version_idx = 18
Standard ingest: com.mysql.jdbc.JDBC4PreparedStatement@1cac6db: UPDATE bufr_d SET mnemonic = 'IDDBSSST' WHERE X = 6 AND Y = 1 AND version_idx = 18
Standard ingest: com.mysql.jdbc.JDBC4PreparedStatement@1c56c60: UPDATE bufr_d SET mnemonic = 'MOCMDSOC' WHERE X = 6 AND Y = 2 AND version_idx = 18
Standard ingest: com.mysql.jdbc.JDBC4PreparedStatement@4e280c: UPDATE bufr_d SET mnemonic = 'WIWDWSDB' WHERE X = 6 AND Y = 3 AND version_idx = 18
Standard ingest: com.mysql.jdbc.JDBC4PreparedStatement@1275d39: UPDATE bufr_d SET mnemonic = 'IDMSMDBS' WHERE X = 6 AND Y = 4 AND version_idx = 18
Standard ingest: com.mysql.jdbc.JDBC4PreparedStatement@1595f51: UPDATE bufr_d SET mnemonic = 'MOCMDBDS' WHERE X = 6 AND Y = 5 AND version_idx = 18
Standard ingest: com.mysql.jdbc.JDBC4PreparedStatement@80d1ff: UPDATE bufr_d SET mnemonic = 'UWSNOPTP' WHERE X = 6 AND Y = 6 AND version_idx = 18
Standard ingest: com.mysql.jdbc.JDBC4PreparedStatement@15ac3c9: UPDATE bufr_d SET mnemonic = 'BUOYSPAR' WHERE X = 6 AND Y = 7 AND version_idx = 18
Standard ingest: com.mysql.jdbc.JDBC4PreparedStatement@1ebd75b: UPDATE bufr_d SET mnemonic = 'BUOYINST' WHERE X = 6 AND Y = 8 AND version_idx = 18
Standard ingest: com.mysql.jdbc.JDBC4PreparedStatement@87c268: UPDATE bufr_d SET mnemonic = 'RTSIMTTS' WHERE X = 6 AND Y = 11 AND version_idx = 18
Standard ingest: com.mysql.jdbc.JDBC4PreparedStatement@ec4a87: UPDATE bufr_d SET mnemonic = 'RSTSQSSO' WHERE X = 6 AND Y = 12 AND version_idx = 18
Standard ingest: com.mysql.jdbc.JDBC4PreparedStatement@110fe28: UPDATE bufr_d SET mnemonic = 'RWLRITTS' WHERE X = 6 AND Y = 13 AND version_idx = 18
Standard ingest: com.mysql.jdbc.JDBC4PreparedStatement@9e29fb: UPDATE bufr_d SET mnemonic = 'RWLTSWNR' WHERE X = 6 AND Y = 14 AND version_idx = 18
Standard ingest: com.mysql.jdbc.JDBC4PreparedStatement@1d64c37: UPDATE bufr_d SET mnemonic = 'RAMDAWLD' WHERE X = 6 AND Y = 16 AND version_idx = 18
Standard ingest: com.mysql.jdbc.JDBC4PreparedStatement@25d2b2: UPDATE bufr_d SET mnemonic = 'SSTPHQF6' WHERE X = 6 AND Y = 17 AND version_idx = 18
Standard ingest: com.mysql.jdbc.JDBC4PreparedStatement@12be1bd: UPDATE bufr_d SET mnemonic = 'SSTPHQF9' WHERE X = 6 AND Y = 18 AND version_idx = 18
Standard ingest: com.mysql.jdbc.JDBC4PreparedStatement@1f17e77: UPDATE bufr_d SET mnemonic = 'TIDECKTI' WHERE X = 6 AND Y = 19 AND version_idx = 18
Standard ingest: com.mysql.jdbc.JDBC4PreparedStatement@1a5f739: UPDATE bufr_d SET mnemonic = 'TIDECKT3' WHERE X = 6 AND Y = 20 AND version_idx = 18
Standard ingest: com.mysql.jdbc.JDBC4PreparedStatement@109fd93: UPDATE bufr_d SET mnemonic = 'METPTIDE' WHERE X = 6 AND Y = 21 AND version_idx = 18
Standard ingest: com.mysql.jdbc.JDBC4PreparedStatement@e6ff0d: UPDATE bufr_d SET mnemonic = 'TIDELEVT' WHERE X = 6 AND Y = 22 AND version_idx = 18
Standard ingest: com.mysql.jdbc.JDBC4PreparedStatement@172e449: UPDATE bufr_d SET mnemonic = 'NLALODTP' WHERE X = 6 AND Y = 23 AND version_idx = 18
Standard ingest: com.mysql.jdbc.JDBC4PreparedStatement@1e97f9f: UPDATE bufr_d SET mnemonic = 'TIDELEV2' WHERE X = 6 AND Y = 24 AND version_idx = 18
Standard ingest: com.mysql.jdbc.JDBC4PreparedStatement@b9b538: UPDATE bufr_d SET mnemonic = 'TIDELEV3' WHERE X = 6 AND Y = 25 AND version_idx = 18
Standard ingest: com.mysql.jdbc.JDBC4PreparedStatement@288051: UPDATE bufr_d SET mnemonic = 'RDBITTTG' WHERE X = 6 AND Y = 27 AND version_idx = 18
Standard ingest: com.mysql.jdbc.JDBC4PreparedStatement@10045eb: UPDATE bufr_d SET mnemonic = 'RTODBPDR' WHERE X = 6 AND Y = 28 AND version_idx = 18
Standard ingest: com.mysql.jdbc.JDBC4PreparedStatement@ee7a14: UPDATE bufr_d SET mnemonic = 'RTSIWCHR' WHERE X = 6 AND Y = 29 AND version_idx = 18
Standard ingest: com.mysql.jdbc.JDBC4PreparedStatement@90cb03: UPDATE bufr_d SET mnemonic = 'RODBYSHR' WHERE X = 6 AND Y = 30 AND version_idx = 18
Standard ingest: com.mysql.jdbc.JDBC4PreparedStatement@6cb8: UPDATE bufr_d SET mnemonic = 'RDBTERET' WHERE X = 6 AND Y = 31 AND version_idx = 18
Standard ingest: com.mysql.jdbc.JDBC4PreparedStatement@1e1a408: UPDATE bufr_d SET mnemonic = 'SFCSLNTY' WHERE X = 6 AND Y = 33 AND version_idx = 18
Standard ingest: com.mysql.jdbc.JDBC4PreparedStatement@d81784: UPDATE bufr_d SET mnemonic = 'SFCCURNT' WHERE X = 6 AND Y = 34 AND version_idx = 18
Standard ingest: com.mysql.jdbc.JDBC4PreparedStatement@f01a1e: UPDATE bufr_d SET mnemonic = 'TMPSLNPF' WHERE X = 6 AND Y = 35 AND version_idx = 18
Standard ingest: com.mysql.jdbc.JDBC4PreparedStatement@142a80d: UPDATE bufr_d SET mnemonic = 'CURRNTPF' WHERE X = 6 AND Y = 36 AND version_idx = 18
Standard ingest: com.mysql.jdbc.JDBC4PreparedStatement@126f75b: UPDATE bufr_d SET mnemonic = 'DOXYPF' WHERE X = 6 AND Y = 37 AND version_idx = 18
Standard ingest: com.mysql.jdbc.JDBC4PreparedStatement@139b78e: UPDATE bufr_d SET mnemonic = 'MBUOYOB2' WHERE X = 6 AND Y = 38 AND version_idx = 18
Standard ingest: com.mysql.jdbc.JDBC4PreparedStatement@41d05d: UPDATE bufr_d SET mnemonic = 'BASICWAV' WHERE X = 6 AND Y = 39 AND version_idx = 18
Standard ingest: com.mysql.jdbc.JDBC4PreparedStatement@d6a05e: UPDATE bufr_d SET mnemonic = 'SPCTRWAV' WHERE X = 6 AND Y = 40 AND version_idx = 18
Standard ingest: com.mysql.jdbc.JDBC4PreparedStatement@ba8602: UPDATE bufr_d SET mnemonic = 'DTMPPFH' WHERE X = 6 AND Y = 41 AND version_idx = 18
Standard ingest: com.mysql.jdbc.JDBC4PreparedStatement@1b3f8f6: UPDATE bufr_d SET mnemonic = 'DBUOYWND' WHERE X = 6 AND Y = 42 AND version_idx = 18
Standard ingest: com.mysql.jdbc.JDBC4PreparedStatement@9df6f1: UPDATE bufr_d SET mnemonic = 'MRBGROBS' WHERE X = 6 AND Y = 43 AND version_idx = 18
Standard ingest: com.mysql.jdbc.JDBC4PreparedStatement@bf7190: UPDATE bufr_d SET mnemonic = 'LOALSTNH' WHERE X = 7 AND Y = 1 AND version_idx = 18
Standard ingest: com.mysql.jdbc.JDBC4PreparedStatement@b8bef7: UPDATE bufr_d SET mnemonic = 'LOALSTNC' WHERE X = 7 AND Y = 2 AND version_idx = 18
Standard ingest: com.mysql.jdbc.JDBC4PreparedStatement@1016632: UPDATE bufr_d SET mnemonic = 'LOALSTCH' WHERE X = 7 AND Y = 3 AND version_idx = 18
Standard ingest: com.mysql.jdbc.JDBC4PreparedStatement@dc6a77: UPDATE bufr_d SET mnemonic = 'LOALSTCC' WHERE X = 7 AND Y = 4 AND version_idx = 18
Standard ingest: com.mysql.jdbc.JDBC4PreparedStatement@d1e89e: UPDATE bufr_d SET mnemonic = 'LOALST4H' WHERE X = 7 AND Y = 5 AND version_idx = 18
Standard ingest: com.mysql.jdbc.JDBC4PreparedStatement@ff057f: UPDATE bufr_d SET mnemonic = 'LOALST4C' WHERE X = 7 AND Y = 6 AND version_idx = 18
Standard ingest: com.mysql.jdbc.JDBC4PreparedStatement@c1f10e: UPDATE bufr_d SET mnemonic = 'HIALSTNH' WHERE X = 7 AND Y = 7 AND version_idx = 18
Standard ingest: com.mysql.jdbc.JDBC4PreparedStatement@b8deef: UPDATE bufr_d SET mnemonic = 'HIALSTNC' WHERE X = 7 AND Y = 8 AND version_idx = 18
Standard ingest: com.mysql.jdbc.JDBC4PreparedStatement@1342ba4: UPDATE bufr_d SET mnemonic = 'ITDALALO' WHERE X = 7 AND Y = 9 AND version_idx = 18
Standard ingest: com.mysql.jdbc.JDBC4PreparedStatement@1d332b: UPDATE bufr_d SET mnemonic = 'METARSPE' WHERE X = 7 AND Y = 11 AND version_idx = 18
Standard ingest: com.mysql.jdbc.JDBC4PreparedStatement@10a6ae2: UPDATE bufr_d SET mnemonic = 'DSVWWSEQ' WHERE X = 7 AND Y = 12 AND version_idx = 18
Standard ingest: com.mysql.jdbc.JDBC4PreparedStatement@ef2c60: UPDATE bufr_d SET mnemonic = 'DSR2VSR4' WHERE X = 7 AND Y = 13 AND version_idx = 18
Standard ingest: com.mysql.jdbc.JDBC4PreparedStatement@4a6cbf: UPDATE bufr_d SET mnemonic = 'WPRIMEWS' WHERE X = 7 AND Y = 14 AND version_idx = 18
Standard ingest: com.mysql.jdbc.JDBC4PreparedStatement@29ab3e: UPDATE bufr_d SET mnemonic = 'CLOUDGRP' WHERE X = 7 AND Y = 15 AND version_idx = 18
Standard ingest: com.mysql.jdbc.JDBC4PreparedStatement@1a99561: UPDATE bufr_d SET mnemonic = 'REWPRMEW' WHERE X = 7 AND Y = 16 AND version_idx = 18
Standard ingest: com.mysql.jdbc.JDBC4PreparedStatement@8e32e7: UPDATE bufr_d SET mnemonic = 'WSHRRWAY' WHERE X = 7 AND Y = 17 AND version_idx = 18
Standard ingest: com.mysql.jdbc.JDBC4PreparedStatement@1b000e7: UPDATE bufr_d SET mnemonic = 'TTYPLFST' WHERE X = 7 AND Y = 18 AND version_idx = 18
Standard ingest: com.mysql.jdbc.JDBC4PreparedStatement@b76fa: UPDATE bufr_d SET mnemonic = 'SMETARSP' WHERE X = 7 AND Y = 20 AND version_idx = 18
Standard ingest: com.mysql.jdbc.JDBC4PreparedStatement@b01d43: UPDATE bufr_d SET mnemonic = 'TMETARSP' WHERE X = 7 AND Y = 21 AND version_idx = 18
Standard ingest: com.mysql.jdbc.JDBC4PreparedStatement@513cf0: UPDATE bufr_d SET mnemonic = 'GBGNSSDA' WHERE X = 7 AND Y = 22 AND version_idx = 18
Standard ingest: com.mysql.jdbc.JDBC4PreparedStatement@177b3cd: UPDATE bufr_d SET mnemonic = 'OZONSNGL' WHERE X = 7 AND Y = 30 AND version_idx = 18
Standard ingest: com.mysql.jdbc.JDBC4PreparedStatement@1bd7848: UPDATE bufr_d SET mnemonic = 'OZONAVRG' WHERE X = 7 AND Y = 31 AND version_idx = 18
Standard ingest: com.mysql.jdbc.JDBC4PreparedStatement@23e5d1: UPDATE bufr_d SET mnemonic = 'OZONBRSG' WHERE X = 7 AND Y = 41 AND version_idx = 18
Standard ingest: com.mysql.jdbc.JDBC4PreparedStatement@c4fe76: UPDATE bufr_d SET mnemonic = 'OZONBRAV' WHERE X = 7 AND Y = 42 AND version_idx = 18
Standard ingest: com.mysql.jdbc.JDBC4PreparedStatement@11e1e67: UPDATE bufr_d SET mnemonic = 'OZONDBSG' WHERE X = 7 AND Y = 43 AND version_idx = 18
Standard ingest: com.mysql.jdbc.JDBC4PreparedStatement@5e176f: UPDATE bufr_d SET mnemonic = 'OZONDBAV' WHERE X = 7 AND Y = 44 AND version_idx = 18
Standard ingest: com.mysql.jdbc.JDBC4PreparedStatement@1549f94: UPDATE bufr_d SET mnemonic = 'METARSPM' WHERE X = 7 AND Y = 45 AND version_idx = 18
Standard ingest: com.mysql.jdbc.JDBC4PreparedStatement@b8c8e6: UPDATE bufr_d SET mnemonic = 'METARSPV' WHERE X = 7 AND Y = 46 AND version_idx = 18
Standard ingest: com.mysql.jdbc.JDBC4PreparedStatement@18d9850: UPDATE bufr_d SET mnemonic = 'METARSPC' WHERE X = 7 AND Y = 47 AND version_idx = 18
Standard ingest: com.mysql.jdbc.JDBC4PreparedStatement@10ab323: UPDATE bufr_d SET mnemonic = 'TRENDFST' WHERE X = 7 AND Y = 48 AND version_idx = 18
Standard ingest: com.mysql.jdbc.JDBC4PreparedStatement@176e552: UPDATE bufr_d SET mnemonic = 'SEACONDT' WHERE X = 7 AND Y = 49 AND version_idx = 18
Standard ingest: com.mysql.jdbc.JDBC4PreparedStatement@c980c9: UPDATE bufr_d SET mnemonic = 'RUNWAYST' WHERE X = 7 AND Y = 50 AND version_idx = 18
Standard ingest: com.mysql.jdbc.JDBC4PreparedStatement@12611a7: UPDATE bufr_d SET mnemonic = 'METARSPI' WHERE X = 7 AND Y = 51 AND version_idx = 18
Standard ingest: com.mysql.jdbc.JDBC4PreparedStatement@51052d: UPDATE bufr_d SET mnemonic = 'AEROFSTI' WHERE X = 7 AND Y = 52 AND version_idx = 18
Standard ingest: com.mysql.jdbc.JDBC4PreparedStatement@12ad19e: UPDATE bufr_d SET mnemonic = 'FSTWXAER' WHERE X = 7 AND Y = 53 AND version_idx = 18
Standard ingest: com.mysql.jdbc.JDBC4PreparedStatement@281d4b: UPDATE bufr_d SET mnemonic = 'FSTEXTMP' WHERE X = 7 AND Y = 54 AND version_idx = 18
Standard ingest: com.mysql.jdbc.JDBC4PreparedStatement@19b5217: UPDATE bufr_d SET mnemonic = 'CHGINFST' WHERE X = 7 AND Y = 55 AND version_idx = 18
Standard ingest: com.mysql.jdbc.JDBC4PreparedStatement@2a6f16: UPDATE bufr_d SET mnemonic = 'AEROFCST' WHERE X = 7 AND Y = 56 AND version_idx = 18
Standard ingest: com.mysql.jdbc.JDBC4PreparedStatement@1e3118a: UPDATE bufr_d SET mnemonic = 'METARSPF' WHERE X = 7 AND Y = 59 AND version_idx = 18
Standard ingest: com.mysql.jdbc.JDBC4PreparedStatement@94884d: UPDATE bufr_d SET mnemonic = 'SOILTMPB' WHERE X = 7 AND Y = 60 AND version_idx = 18
Standard ingest: com.mysql.jdbc.JDBC4PreparedStatement@1807ca8: UPDATE bufr_d SET mnemonic = 'SOILTMPH' WHERE X = 7 AND Y = 61 AND version_idx = 18
Standard ingest: com.mysql.jdbc.JDBC4PreparedStatement@7808b9: UPDATE bufr_d SET mnemonic = 'SOILTMPC' WHERE X = 7 AND Y = 62 AND version_idx = 18
Standard ingest: com.mysql.jdbc.JDBC4PreparedStatement@84da23: UPDATE bufr_d SET mnemonic = 'SOILTMP2' WHERE X = 7 AND Y = 63 AND version_idx = 18
Standard ingest: com.mysql.jdbc.JDBC4PreparedStatement@d3d6f: UPDATE bufr_d SET mnemonic = 'MNTHVLND' WHERE X = 7 AND Y = 71 AND version_idx = 18
Standard ingest: com.mysql.jdbc.JDBC4PreparedStatement@13c468a: UPDATE bufr_d SET mnemonic = 'MNTHNLND' WHERE X = 7 AND Y = 72 AND version_idx = 18
Standard ingest: com.mysql.jdbc.JDBC4PreparedStatement@3b1d04: UPDATE bufr_d SET mnemonic = 'CLIMATML' WHERE X = 7 AND Y = 73 AND version_idx = 18
Standard ingest: com.mysql.jdbc.JDBC4PreparedStatement@ee22f7: UPDATE bufr_d SET mnemonic = 'SDXTMPCP' WHERE X = 7 AND Y = 74 AND version_idx = 18
Standard ingest: com.mysql.jdbc.JDBC4PreparedStatement@39ab89: UPDATE bufr_d SET mnemonic = 'MNTHVLRP' WHERE X = 7 AND Y = 76 AND version_idx = 18
Standard ingest: com.mysql.jdbc.JDBC4PreparedStatement@2cb49d: UPDATE bufr_d SET mnemonic = 'MNTHNLRP' WHERE X = 7 AND Y = 77 AND version_idx = 18
Standard ingest: com.mysql.jdbc.JDBC4PreparedStatement@105d88a: UPDATE bufr_d SET mnemonic = 'CLIMATRL' WHERE X = 7 AND Y = 78 AND version_idx = 18
Standard ingest: com.mysql.jdbc.JDBC4PreparedStatement@cb6009: UPDATE bufr_d SET mnemonic = 'SYNCOINS' WHERE X = 7 AND Y = 79 AND version_idx = 18
Standard ingest: com.mysql.jdbc.JDBC4PreparedStatement@e28b9: UPDATE bufr_d SET mnemonic = 'SYNFLNDS' WHERE X = 7 AND Y = 80 AND version_idx = 18
Standard ingest: com.mysql.jdbc.JDBC4PreparedStatement@193a66f: UPDATE bufr_d SET mnemonic = 'SYNFLND1' WHERE X = 7 AND Y = 81 AND version_idx = 18
Standard ingest: com.mysql.jdbc.JDBC4PreparedStatement@93d6bc: UPDATE bufr_d SET mnemonic = 'SYNFLND2' WHERE X = 7 AND Y = 82 AND version_idx = 18
Standard ingest: com.mysql.jdbc.JDBC4PreparedStatement@1f6df4c: UPDATE bufr_d SET mnemonic = 'SYNFLND3' WHERE X = 7 AND Y = 83 AND version_idx = 18
Standard ingest: com.mysql.jdbc.JDBC4PreparedStatement@be0e27: UPDATE bufr_d SET mnemonic = 'SYNFLND4' WHERE X = 7 AND Y = 84 AND version_idx = 18
Standard ingest: com.mysql.jdbc.JDBC4PreparedStatement@193385d: UPDATE bufr_d SET mnemonic = 'SYNFLND6' WHERE X = 7 AND Y = 86 AND version_idx = 18
Standard ingest: com.mysql.jdbc.JDBC4PreparedStatement@5973ea: UPDATE bufr_d SET mnemonic = 'ISYNFLNC' WHERE X = 7 AND Y = 87 AND version_idx = 18
Standard ingest: com.mysql.jdbc.JDBC4PreparedStatement@c9131c: UPDATE bufr_d SET mnemonic = 'PSYNFLNC' WHERE X = 7 AND Y = 88 AND version_idx = 18
Standard ingest: com.mysql.jdbc.JDBC4PreparedStatement@105b99f: UPDATE bufr_d SET mnemonic = 'SYNFLNCR' WHERE X = 7 AND Y = 89 AND version_idx = 18
Standard ingest: com.mysql.jdbc.JDBC4PreparedStatement@dda25b: UPDATE bufr_d SET mnemonic = 'SYNMLNDS' WHERE X = 7 AND Y = 90 AND version_idx = 18
Standard ingest: com.mysql.jdbc.JDBC4PreparedStatement@ce2187: UPDATE bufr_d SET mnemonic = 'SFOB1HID' WHERE X = 7 AND Y = 91 AND version_idx = 18
Standard ingest: com.mysql.jdbc.JDBC4PreparedStatement@fb56b1: UPDATE bufr_d SET mnemonic = 'SFOBNHID' WHERE X = 7 AND Y = 92 AND version_idx = 18
Standard ingest: com.mysql.jdbc.JDBC4PreparedStatement@f8968f: UPDATE bufr_d SET mnemonic = 'NOMVALUE' WHERE X = 7 AND Y = 93 AND version_idx = 18
Standard ingest: com.mysql.jdbc.JDBC4PreparedStatement@64c34e: UPDATE bufr_d SET mnemonic = 'RSDWDIOH' WHERE X = 7 AND Y = 96 AND version_idx = 18
Standard ingest: com.mysql.jdbc.JDBC4PreparedStatement@15253d5: UPDATE bufr_d SET mnemonic = 'SNOWOB' WHERE X = 7 AND Y = 101 AND version_idx = 18
Standard ingest: com.mysql.jdbc.JDBC4PreparedStatement@1fddc31: UPDATE bufr_d SET mnemonic = 'RDWXINFO' WHERE X = 7 AND Y = 102 AND version_idx = 18
Standard ingest: com.mysql.jdbc.JDBC4PreparedStatement@1835282: UPDATE bufr_d SET mnemonic = 'SYNFLD2N' WHERE X = 7 AND Y = 182 AND version_idx = 18
Standard ingest: com.mysql.jdbc.JDBC4PreparedStatement@9df354: UPDATE bufr_d SET mnemonic = 'BUOYFIXH' WHERE X = 8 AND Y = 1 AND version_idx = 18
Standard ingest: com.mysql.jdbc.JDBC4PreparedStatement@1d225a7: UPDATE bufr_d SET mnemonic = 'BUOYFIXC' WHERE X = 8 AND Y = 2 AND version_idx = 18
Standard ingest: com.mysql.jdbc.JDBC4PreparedStatement@1a62c31: UPDATE bufr_d SET mnemonic = 'BUOYMOVE' WHERE X = 8 AND Y = 3 AND version_idx = 18
Standard ingest: com.mysql.jdbc.JDBC4PreparedStatement@9f5011: UPDATE bufr_d SET mnemonic = 'SHIPSEQ2' WHERE X = 8 AND Y = 4 AND version_idx = 18
Standard ingest: com.mysql.jdbc.JDBC4PreparedStatement@141b571: UPDATE bufr_d SET mnemonic = 'SHIPWASW' WHERE X = 8 AND Y = 5 AND version_idx = 18
Standard ingest: com.mysql.jdbc.JDBC4PreparedStatement@ef137d: UPDATE bufr_d SET mnemonic = 'BUOYSEC1' WHERE X = 8 AND Y = 6 AND version_idx = 18
Standard ingest: com.mysql.jdbc.JDBC4PreparedStatement@1e87719: UPDATE bufr_d SET mnemonic = 'IDMDLBDS' WHERE X = 8 AND Y = 7 AND version_idx = 18
Standard ingest: com.mysql.jdbc.JDBC4PreparedStatement@e32802: UPDATE bufr_d SET mnemonic = 'BUOYREPT' WHERE X = 8 AND Y = 8 AND version_idx = 18
Standard ingest: com.mysql.jdbc.JDBC4PreparedStatement@157c2bd: UPDATE bufr_d SET mnemonic = 'SYNPSHIP' WHERE X = 8 AND Y = 9 AND version_idx = 18
Standard ingest: com.mysql.jdbc.JDBC4PreparedStatement@b23210: UPDATE bufr_d SET mnemonic = 'TRACKOBB' WHERE X = 8 AND Y = 10 AND version_idx = 18
Standard ingest: com.mysql.jdbc.JDBC4PreparedStatement@f4f44a: UPDATE bufr_d SET mnemonic = 'MNTHVSEA' WHERE X = 8 AND Y = 11 AND version_idx = 18
Standard ingest: com.mysql.jdbc.JDBC4PreparedStatement@1d256fa: UPDATE bufr_d SET mnemonic = 'MNTHNSEA' WHERE X = 8 AND Y = 12 AND version_idx = 18
Standard ingest: com.mysql.jdbc.JDBC4PreparedStatement@4c4975: UPDATE bufr_d SET mnemonic = 'CLIMATMS' WHERE X = 8 AND Y = 13 AND version_idx = 18
Standard ingest: com.mysql.jdbc.JDBC4PreparedStatement@6ac461: UPDATE bufr_d SET mnemonic = 'SYNPSVOS' WHERE X = 8 AND Y = 14 AND version_idx = 18
Standard ingest: com.mysql.jdbc.JDBC4PreparedStatement@182da3d: UPDATE bufr_d SET mnemonic = 'TFWDEAFQ' WHERE X = 8 AND Y = 15 AND version_idx = 18
Standard ingest: com.mysql.jdbc.JDBC4PreparedStatement@1c5f743: UPDATE bufr_d SET mnemonic = 'BTWDEAWV' WHERE X = 8 AND Y = 16 AND version_idx = 18
Standard ingest: com.mysql.jdbc.JDBC4PreparedStatement@1ec8909: UPDATE bufr_d SET mnemonic = 'OFSPRPT' WHERE X = 8 AND Y = 17 AND version_idx = 18
Standard ingest: com.mysql.jdbc.JDBC4PreparedStatement@18c56d: UPDATE bufr_d SET mnemonic = 'MNTHVSRP' WHERE X = 8 AND Y = 21 AND version_idx = 18
Standard ingest: com.mysql.jdbc.JDBC4PreparedStatement@497934: UPDATE bufr_d SET mnemonic = 'MNTHNSRP' WHERE X = 8 AND Y = 22 AND version_idx = 18
Standard ingest: com.mysql.jdbc.JDBC4PreparedStatement@1b48197: UPDATE bufr_d SET mnemonic = 'CLIMATRS' WHERE X = 8 AND Y = 23 AND version_idx = 18
Standard ingest: com.mysql.jdbc.JDBC4PreparedStatement@1a80a69: UPDATE bufr_d SET mnemonic = 'VRTWNLHH' WHERE X = 9 AND Y = 1 AND version_idx = 18
Standard ingest: com.mysql.jdbc.JDBC4PreparedStatement@14384c2: UPDATE bufr_d SET mnemonic = 'VRTWNDHC' WHERE X = 9 AND Y = 2 AND version_idx = 18
Standard ingest: com.mysql.jdbc.JDBC4PreparedStatement@1c0ec97: UPDATE bufr_d SET mnemonic = 'VRTWNDPH' WHERE X = 9 AND Y = 3 AND version_idx = 18
Standard ingest: com.mysql.jdbc.JDBC4PreparedStatement@ecb281: UPDATE bufr_d SET mnemonic = 'VRTWNDPC' WHERE X = 9 AND Y = 4 AND version_idx = 18
Standard ingest: com.mysql.jdbc.JDBC4PreparedStatement@1bb60c3: UPDATE bufr_d SET mnemonic = 'VRTSDRLH' WHERE X = 9 AND Y = 5 AND version_idx = 18
Standard ingest: com.mysql.jdbc.JDBC4PreparedStatement@cdb06e: UPDATE bufr_d SET mnemonic = 'VRTSDRHC' WHERE X = 9 AND Y = 6 AND version_idx = 18
Standard ingest: com.mysql.jdbc.JDBC4PreparedStatement@1fa1bb6: UPDATE bufr_d SET mnemonic = 'VRTSDDLH' WHERE X = 9 AND Y = 7 AND version_idx = 18
Standard ingest: com.mysql.jdbc.JDBC4PreparedStatement@1315d34: UPDATE bufr_d SET mnemonic = 'VRTSDDPC' WHERE X = 9 AND Y = 8 AND version_idx = 18
Standard ingest: com.mysql.jdbc.JDBC4PreparedStatement@1de256f: UPDATE bufr_d SET mnemonic = 'VRTWNDSH' WHERE X = 9 AND Y = 11 AND version_idx = 18
Standard ingest: com.mysql.jdbc.JDBC4PreparedStatement@16bd8ea: UPDATE bufr_d SET mnemonic = 'VRTWNDSP' WHERE X = 9 AND Y = 12 AND version_idx = 18
Standard ingest: com.mysql.jdbc.JDBC4PreparedStatement@16e1fb1: UPDATE bufr_d SET mnemonic = 'VRTSDRHS' WHERE X = 9 AND Y = 13 AND version_idx = 18
Standard ingest: com.mysql.jdbc.JDBC4PreparedStatement@e2cb55: UPDATE bufr_d SET mnemonic = 'VRTSDDPS' WHERE X = 9 AND Y = 14 AND version_idx = 18
Standard ingest: com.mysql.jdbc.JDBC4PreparedStatement@19360e2: UPDATE bufr_d SET mnemonic = 'VRTWNSHH' WHERE X = 9 AND Y = 15 AND version_idx = 18
Standard ingest: com.mysql.jdbc.JDBC4PreparedStatement@bdb503: UPDATE bufr_d SET mnemonic = 'VRTWNDHP' WHERE X = 9 AND Y = 16 AND version_idx = 18
Standard ingest: com.mysql.jdbc.JDBC4PreparedStatement@b6e39f: UPDATE bufr_d SET mnemonic = 'VRTSDRSH' WHERE X = 9 AND Y = 17 AND version_idx = 18
Standard ingest: com.mysql.jdbc.JDBC4PreparedStatement@119dc16: UPDATE bufr_d SET mnemonic = 'VRTSDDSH' WHERE X = 9 AND Y = 18 AND version_idx = 18
Standard ingest: com.mysql.jdbc.JDBC4PreparedStatement@c05d3b: UPDATE bufr_d SET mnemonic = 'WNPROFSD' WHERE X = 9 AND Y = 19 AND version_idx = 18
Standard ingest: com.mysql.jdbc.JDBC4PreparedStatement@128f6ee: UPDATE bufr_d SET mnemonic = 'WNPROFCC' WHERE X = 9 AND Y = 20 AND version_idx = 18
Standard ingest: com.mysql.jdbc.JDBC4PreparedStatement@6bade9: UPDATE bufr_d SET mnemonic = 'RWPWND' WHERE X = 9 AND Y = 21 AND version_idx = 18
Standard ingest: com.mysql.jdbc.JDBC4PreparedStatement@166afb3: UPDATE bufr_d SET mnemonic = 'RASSTMVR' WHERE X = 9 AND Y = 22 AND version_idx = 18
Standard ingest: com.mysql.jdbc.JDBC4PreparedStatement@9945ce: UPDATE bufr_d SET mnemonic = 'LIDARSEQ' WHERE X = 9 AND Y = 23 AND version_idx = 18
Standard ingest: com.mysql.jdbc.JDBC4PreparedStatement@b5dac4: UPDATE bufr_d SET mnemonic = 'OZSNDFLT' WHERE X = 9 AND Y = 30 AND version_idx = 18
Standard ingest: com.mysql.jdbc.JDBC4PreparedStatement@12d96f2: UPDATE bufr_d SET mnemonic = 'OZONFLTD' WHERE X = 9 AND Y = 31 AND version_idx = 18
Standard ingest: com.mysql.jdbc.JDBC4PreparedStatement@110003: UPDATE bufr_d SET mnemonic = 'OZONNCP1' WHERE X = 9 AND Y = 40 AND version_idx = 18
Standard ingest: com.mysql.jdbc.JDBC4PreparedStatement@17e4ca: UPDATE bufr_d SET mnemonic = 'OZONBRS1' WHERE X = 9 AND Y = 41 AND version_idx = 18
Standard ingest: com.mysql.jdbc.JDBC4PreparedStatement@adb1d4: UPDATE bufr_d SET mnemonic = 'OZONBRA1' WHERE X = 9 AND Y = 42 AND version_idx = 18
Standard ingest: com.mysql.jdbc.JDBC4PreparedStatement@175d6ab: UPDATE bufr_d SET mnemonic = 'OZONDBS1' WHERE X = 9 AND Y = 43 AND version_idx = 18
Standard ingest: com.mysql.jdbc.JDBC4PreparedStatement@160a26f: UPDATE bufr_d SET mnemonic = 'OZONDBA1' WHERE X = 9 AND Y = 44 AND version_idx = 18
Standard ingest: com.mysql.jdbc.JDBC4PreparedStatement@1484a05: UPDATE bufr_d SET mnemonic = 'OZONNCP2' WHERE X = 9 AND Y = 45 AND version_idx = 18
Standard ingest: com.mysql.jdbc.JDBC4PreparedStatement@f39b3a: UPDATE bufr_d SET mnemonic = 'OZONBRS2' WHERE X = 9 AND Y = 46 AND version_idx = 18
Standard ingest: com.mysql.jdbc.JDBC4PreparedStatement@1542a75: UPDATE bufr_d SET mnemonic = 'OZONBRA2' WHERE X = 9 AND Y = 47 AND version_idx = 18
Standard ingest: com.mysql.jdbc.JDBC4PreparedStatement@af993e: UPDATE bufr_d SET mnemonic = 'OZONDBS2' WHERE X = 9 AND Y = 48 AND version_idx = 18
Standard ingest: com.mysql.jdbc.JDBC4PreparedStatement@75e4fc: UPDATE bufr_d SET mnemonic = 'OZONDBA2' WHERE X = 9 AND Y = 49 AND version_idx = 18
Standard ingest: com.mysql.jdbc.JDBC4PreparedStatement@c62c8: UPDATE bufr_d SET mnemonic = 'PILOTSMP' WHERE X = 9 AND Y = 50 AND version_idx = 18
Standard ingest: com.mysql.jdbc.JDBC4PreparedStatement@12940b3: UPDATE bufr_d SET mnemonic = 'PILOTSMH' WHERE X = 9 AND Y = 51 AND version_idx = 18
Standard ingest: com.mysql.jdbc.JDBC4PreparedStatement@156b6b9: UPDATE bufr_d SET mnemonic = 'TEMPSHMO' WHERE X = 9 AND Y = 52 AND version_idx = 18
Standard ingest: com.mysql.jdbc.JDBC4PreparedStatement@1f66cff: UPDATE bufr_d SET mnemonic = 'TEMPDROP' WHERE X = 9 AND Y = 53 AND version_idx = 18
Standard ingest: com.mysql.jdbc.JDBC4PreparedStatement@16de49c: UPDATE bufr_d SET mnemonic = 'CLIMATTS' WHERE X = 9 AND Y = 54 AND version_idx = 18
Standard ingest: com.mysql.jdbc.JDBC4PreparedStatement@1bbf1ca: UPDATE bufr_d SET mnemonic = 'HIRSRAOB' WHERE X = 9 AND Y = 55 AND version_idx = 18
Standard ingest: com.mysql.jdbc.JDBC4PreparedStatement@1ff0dde: UPDATE bufr_d SET mnemonic = 'RAOBRGSF' WHERE X = 9 AND Y = 60 AND version_idx = 18
Standard ingest: com.mysql.jdbc.JDBC4PreparedStatement@1e78fc6: UPDATE bufr_d SET mnemonic = 'RAWPTUSQ' WHERE X = 9 AND Y = 61 AND version_idx = 18
Standard ingest: com.mysql.jdbc.JDBC4PreparedStatement@1901437: UPDATE bufr_d SET mnemonic = 'RAWGPSUS' WHERE X = 9 AND Y = 62 AND version_idx = 18
Standard ingest: com.mysql.jdbc.JDBC4PreparedStatement@1f6226: UPDATE bufr_d SET mnemonic = 'RAWGPSSM' WHERE X = 9 AND Y = 63 AND version_idx = 18
Standard ingest: com.mysql.jdbc.JDBC4PreparedStatement@64ea66: UPDATE bufr_d SET mnemonic = 'PROCPTUS' WHERE X = 9 AND Y = 64 AND version_idx = 18
Standard ingest: com.mysql.jdbc.JDBC4PreparedStatement@158f9d3: UPDATE bufr_d SET mnemonic = 'PROCGPSS' WHERE X = 9 AND Y = 65 AND version_idx = 18
Standard ingest: com.mysql.jdbc.JDBC4PreparedStatement@79a2e7: UPDATE bufr_d SET mnemonic = 'STDSIGLV' WHERE X = 9 AND Y = 66 AND version_idx = 18
Standard ingest: com.mysql.jdbc.JDBC4PreparedStatement@1b60280: UPDATE bufr_d SET mnemonic = 'VPROFNWP' WHERE X = 9 AND Y = 70 AND version_idx = 18
Standard ingest: com.mysql.jdbc.JDBC4PreparedStatement@5e55ab: UPDATE bufr_d SET mnemonic = 'PLASECNA' WHERE X = 9 AND Y = 71 AND version_idx = 18
Standard ingest: com.mysql.jdbc.JDBC4PreparedStatement@14a55f2: UPDATE bufr_d SET mnemonic = 'SATBTEMP' WHERE X = 10 AND Y = 1 AND version_idx = 18
Standard ingest: com.mysql.jdbc.JDBC4PreparedStatement@15093f1: UPDATE bufr_d SET mnemonic = 'SATLLEVL' WHERE X = 10 AND Y = 2 AND version_idx = 18
Standard ingest: com.mysql.jdbc.JDBC4PreparedStatement@120bf2c: UPDATE bufr_d SET mnemonic = 'SATHLEVL' WHERE X = 10 AND Y = 3 AND version_idx = 18
Standard ingest: com.mysql.jdbc.JDBC4PreparedStatement@e6f7d2: UPDATE bufr_d SET mnemonic = 'SATPWATR' WHERE X = 10 AND Y = 4 AND version_idx = 18
Standard ingest: com.mysql.jdbc.JDBC4PreparedStatement@19836ed: UPDATE bufr_d SET mnemonic = 'IMDLSCSB' WHERE X = 10 AND Y = 5 AND version_idx = 18
Standard ingest: com.mysql.jdbc.JDBC4PreparedStatement@3e0ebb: UPDATE bufr_d SET mnemonic = 'IMDLSCLT' WHERE X = 10 AND Y = 6 AND version_idx = 18
Standard ingest: com.mysql.jdbc.JDBC4PreparedStatement@39443f: UPDATE bufr_d SET mnemonic = 'IMDLSCPW' WHERE X = 10 AND Y = 7 AND version_idx = 18
Standard ingest: com.mysql.jdbc.JDBC4PreparedStatement@1afae45: UPDATE bufr_d SET mnemonic = 'ATOVHIRS' WHERE X = 10 AND Y = 8 AND version_idx = 18
Standard ingest: com.mysql.jdbc.JDBC4PreparedStatement@da4b71: UPDATE bufr_d SET mnemonic = 'ATOVAMUA' WHERE X = 10 AND Y = 9 AND version_idx = 18
Standard ingest: com.mysql.jdbc.JDBC4PreparedStatement@18f1d7e: UPDATE bufr_d SET mnemonic = 'ATOVAMUB' WHERE X = 10 AND Y = 10 AND version_idx = 18
Standard ingest: com.mysql.jdbc.JDBC4PreparedStatement@d9660d: UPDATE bufr_d SET mnemonic = 'ATFOV' WHERE X = 10 AND Y = 11 AND version_idx = 18
Standard ingest: com.mysql.jdbc.JDBC4PreparedStatement@bb0d0d: UPDATE bufr_d SET mnemonic = 'ATCHV' WHERE X = 10 AND Y = 12 AND version_idx = 18
Standard ingest: com.mysql.jdbc.JDBC4PreparedStatement@55e55f: UPDATE bufr_d SET mnemonic = 'AVHRRGAC' WHERE X = 10 AND Y = 13 AND version_idx = 18
Standard ingest: com.mysql.jdbc.JDBC4PreparedStatement@145c859: UPDATE bufr_d SET mnemonic = 'GEOSTWND' WHERE X = 10 AND Y = 14 AND version_idx = 18
Standard ingest: com.mysql.jdbc.JDBC4PreparedStatement@64883c: UPDATE bufr_d SET mnemonic = 'METEORAD' WHERE X = 10 AND Y = 15 AND version_idx = 18
Standard ingest: com.mysql.jdbc.JDBC4PreparedStatement@2c1e6b: UPDATE bufr_d SET mnemonic = 'MSGRADAT' WHERE X = 10 AND Y = 16 AND version_idx = 18
Standard ingest: com.mysql.jdbc.JDBC4PreparedStatement@811c88: UPDATE bufr_d SET mnemonic = 'ACPRSEQN' WHERE X = 10 AND Y = 17 AND version_idx = 18
Standard ingest: com.mysql.jdbc.JDBC4PreparedStatement@785d65: UPDATE bufr_d SET mnemonic = 'GOMESEQN' WHERE X = 10 AND Y = 18 AND version_idx = 18
Standard ingest: com.mysql.jdbc.JDBC4PreparedStatement@3bc257: UPDATE bufr_d SET mnemonic = 'SBUV2OZN' WHERE X = 10 AND Y = 19 AND version_idx = 18
Standard ingest: com.mysql.jdbc.JDBC4PreparedStatement@153f67e: UPDATE bufr_d SET mnemonic = 'RETROZON' WHERE X = 10 AND Y = 20 AND version_idx = 18
Standard ingest: com.mysql.jdbc.JDBC4PreparedStatement@15bdc50: UPDATE bufr_d SET mnemonic = 'PRLYIODH' WHERE X = 10 AND Y = 21 AND version_idx = 18
Standard ingest: com.mysql.jdbc.JDBC4PreparedStatement@1dd3812: UPDATE bufr_d SET mnemonic = 'SIIDSEQ' WHERE X = 10 AND Y = 22 AND version_idx = 18
Standard ingest: com.mysql.jdbc.JDBC4PreparedStatement@8c436b: UPDATE bufr_d SET mnemonic = 'GSRADSEQ' WHERE X = 10 AND Y = 23 AND version_idx = 18
Standard ingest: com.mysql.jdbc.JDBC4PreparedStatement@9e5c73: UPDATE bufr_d SET mnemonic = 'GS3CHRAD' WHERE X = 10 AND Y = 24 AND version_idx = 18
Standard ingest: com.mysql.jdbc.JDBC4PreparedStatement@c791b9: UPDATE bufr_d SET mnemonic = 'SSMISTEM' WHERE X = 10 AND Y = 25 AND version_idx = 18
Standard ingest: com.mysql.jdbc.JDBC4PreparedStatement@3020ad: UPDATE bufr_d SET mnemonic = 'RAOCSEQ' WHERE X = 10 AND Y = 26 AND version_idx = 18
Standard ingest: com.mysql.jdbc.JDBC4PreparedStatement@1b15692: UPDATE bufr_d SET mnemonic = 'ALLSKYRP' WHERE X = 10 AND Y = 27 AND version_idx = 18
Standard ingest: com.mysql.jdbc.JDBC4PreparedStatement@1aa9f99: UPDATE bufr_d SET mnemonic = 'ALLSKYPC' WHERE X = 10 AND Y = 28 AND version_idx = 18
Standard ingest: com.mysql.jdbc.JDBC4PreparedStatement@d42d08: UPDATE bufr_d SET mnemonic = 'LYOZHTWV' WHERE X = 10 AND Y = 29 AND version_idx = 18
Standard ingest: com.mysql.jdbc.JDBC4PreparedStatement@1d86fd3: UPDATE bufr_d SET mnemonic = 'GOMOSINS' WHERE X = 10 AND Y = 30 AND version_idx = 18
Standard ingest: com.mysql.jdbc.JDBC4PreparedStatement@958bb8: UPDATE bufr_d SET mnemonic = 'SCO1C3IN' WHERE X = 10 AND Y = 50 AND version_idx = 18
Standard ingest: com.mysql.jdbc.JDBC4PreparedStatement@7f4ec: UPDATE bufr_d SET mnemonic = 'SPITSEQN' WHERE X = 10 AND Y = 51 AND version_idx = 18
Standard ingest: com.mysql.jdbc.JDBC4PreparedStatement@60e128: UPDATE bufr_d SET mnemonic = 'SITPSEQN' WHERE X = 10 AND Y = 52 AND version_idx = 18
Standard ingest: com.mysql.jdbc.JDBC4PreparedStatement@5e1077: UPDATE bufr_d SET mnemonic = 'SCBTSEQN' WHERE X = 10 AND Y = 53 AND version_idx = 18
Standard ingest: com.mysql.jdbc.JDBC4PreparedStatement@18b3364: UPDATE bufr_d SET mnemonic = 'SVCASEQN' WHERE X = 10 AND Y = 54 AND version_idx = 18
Standard ingest: com.mysql.jdbc.JDBC4PreparedStatement@1db05b2: UPDATE bufr_d SET mnemonic = 'SATRCPRC' WHERE X = 10 AND Y = 55 AND version_idx = 18
Standard ingest: com.mysql.jdbc.JDBC4PreparedStatement@530cf2: UPDATE bufr_d SET mnemonic = 'CRISDATA' WHERE X = 10 AND Y = 60 AND version_idx = 18
Standard ingest: com.mysql.jdbc.JDBC4PreparedStatement@76fba0: UPDATE bufr_d SET mnemonic = 'ATMSDATA' WHERE X = 10 AND Y = 61 AND version_idx = 18
Standard ingest: com.mysql.jdbc.JDBC4PreparedStatement@181ed9e: UPDATE bufr_d SET mnemonic = 'VIIRSDTA' WHERE X = 10 AND Y = 62 AND version_idx = 18
Standard ingest: com.mysql.jdbc.JDBC4PreparedStatement@1175422: UPDATE bufr_d SET mnemonic = 'SEASFCTM' WHERE X = 10 AND Y = 63 AND version_idx = 18
Standard ingest: com.mysql.jdbc.JDBC4PreparedStatement@949f69: UPDATE bufr_d SET mnemonic = 'NAOTDATA' WHERE X = 10 AND Y = 64 AND version_idx = 18
Standard ingest: com.mysql.jdbc.JDBC4PreparedStatement@16dadf9: UPDATE bufr_d SET mnemonic = 'OMPSNPRO' WHERE X = 10 AND Y = 65 AND version_idx = 18
Standard ingest: com.mysql.jdbc.JDBC4PreparedStatement@1b8d6f7: UPDATE bufr_d SET mnemonic = 'OMPSTCOL' WHERE X = 10 AND Y = 66 AND version_idx = 18
Standard ingest: com.mysql.jdbc.JDBC4PreparedStatement@290fbc: UPDATE bufr_d SET mnemonic = 'SATDRWND' WHERE X = 10 AND Y = 67 AND version_idx = 18
Standard ingest: com.mysql.jdbc.JDBC4PreparedStatement@1c80b01: UPDATE bufr_d SET mnemonic = 'AIRCRAFT' WHERE X = 11 AND Y = 1 AND version_idx = 18
Standard ingest: com.mysql.jdbc.JDBC4PreparedStatement@4aa0ce: UPDATE bufr_d SET mnemonic = 'ACARSREP' WHERE X = 11 AND Y = 2 AND version_idx = 18
Standard ingest: com.mysql.jdbc.JDBC4PreparedStatement@1833eca: UPDATE bufr_d SET mnemonic = 'ACARSV' WHERE X = 11 AND Y = 3 AND version_idx = 18
Standard ingest: com.mysql.jdbc.JDBC4PreparedStatement@18f5824: UPDATE bufr_d SET mnemonic = 'ACARSSRV' WHERE X = 11 AND Y = 4 AND version_idx = 18
Standard ingest: com.mysql.jdbc.JDBC4PreparedStatement@1e3cd51: UPDATE bufr_d SET mnemonic = 'AMDARSTD' WHERE X = 11 AND Y = 5 AND version_idx = 18
Standard ingest: com.mysql.jdbc.JDBC4PreparedStatement@bc8e1e: UPDATE bufr_d SET mnemonic = 'AMDARNOL' WHERE X = 11 AND Y = 6 AND version_idx = 18
Standard ingest: com.mysql.jdbc.JDBC4PreparedStatement@11671b2: UPDATE bufr_d SET mnemonic = 'ACFTLALO' WHERE X = 11 AND Y = 7 AND version_idx = 18
Standard ingest: com.mysql.jdbc.JDBC4PreparedStatement@82764b: UPDATE bufr_d SET mnemonic = 'ASDSNOLL' WHERE X = 11 AND Y = 8 AND version_idx = 18
Standard ingest: com.mysql.jdbc.JDBC4PreparedStatement@12452e8: UPDATE bufr_d SET mnemonic = 'ASDSLALO' WHERE X = 11 AND Y = 9 AND version_idx = 18
Standard ingest: com.mysql.jdbc.JDBC4PreparedStatement@1bf3d87: UPDATE bufr_d SET mnemonic = 'AMDARDTA' WHERE X = 11 AND Y = 10 AND version_idx = 18
Standard ingest: com.mysql.jdbc.JDBC4PreparedStatement@60991f: UPDATE bufr_d SET mnemonic = 'IAGOSSOB' WHERE X = 11 AND Y = 11 AND version_idx = 18
Standard ingest: com.mysql.jdbc.JDBC4PreparedStatement@1e4f7c2: UPDATE bufr_d SET mnemonic = 'SAIDCPTW' WHERE X = 12 AND Y = 1 AND version_idx = 18
Standard ingest: com.mysql.jdbc.JDBC4PreparedStatement@145f0e3: UPDATE bufr_d SET mnemonic = 'SAIDCPWN' WHERE X = 12 AND Y = 2 AND version_idx = 18
Standard ingest: com.mysql.jdbc.JDBC4PreparedStatement@c9d92c: UPDATE bufr_d SET mnemonic = 'SAIDSFCT' WHERE X = 12 AND Y = 3 AND version_idx = 18
Standard ingest: com.mysql.jdbc.JDBC4PreparedStatement@1d0fafc: UPDATE bufr_d SET mnemonic = 'SAIDCLDC' WHERE X = 12 AND Y = 4 AND version_idx = 18
Standard ingest: com.mysql.jdbc.JDBC4PreparedStatement@10dc6b5: UPDATE bufr_d SET mnemonic = 'SAIDHOCT' WHERE X = 12 AND Y = 5 AND version_idx = 18
Standard ingest: com.mysql.jdbc.JDBC4PreparedStatement@170bea5: UPDATE bufr_d SET mnemonic = 'SAIDLMRH' WHERE X = 12 AND Y = 6 AND version_idx = 18
Standard ingest: com.mysql.jdbc.JDBC4PreparedStatement@f47396: UPDATE bufr_d SET mnemonic = 'SAIDRADN' WHERE X = 12 AND Y = 7 AND version_idx = 18
Standard ingest: com.mysql.jdbc.JDBC4PreparedStatement@d0af9b: UPDATE bufr_d SET mnemonic = 'ORBITAL1' WHERE X = 12 AND Y = 10 AND version_idx = 18
Standard ingest: com.mysql.jdbc.JDBC4PreparedStatement@b8f8eb: UPDATE bufr_d SET mnemonic = 'ORBITAL2' WHERE X = 12 AND Y = 11 AND version_idx = 18
Standard ingest: com.mysql.jdbc.JDBC4PreparedStatement@1de17f4: UPDATE bufr_d SET mnemonic = 'HIRSB119' WHERE X = 12 AND Y = 12 AND version_idx = 18
Standard ingest: com.mysql.jdbc.JDBC4PreparedStatement@1f6ba0f: UPDATE bufr_d SET mnemonic = 'HIRSBT20' WHERE X = 12 AND Y = 13 AND version_idx = 18
Standard ingest: com.mysql.jdbc.JDBC4PreparedStatement@1313906: UPDATE bufr_d SET mnemonic = 'HIRSDATA' WHERE X = 12 AND Y = 14 AND version_idx = 18
Standard ingest: com.mysql.jdbc.JDBC4PreparedStatement@96cf11: UPDATE bufr_d SET mnemonic = 'MSUB1234' WHERE X = 12 AND Y = 15 AND version_idx = 18
Standard ingest: com.mysql.jdbc.JDBC4PreparedStatement@f47bf5: UPDATE bufr_d SET mnemonic = 'MSUSDATA' WHERE X = 12 AND Y = 16 AND version_idx = 18
Standard ingest: com.mysql.jdbc.JDBC4PreparedStatement@f6438d: UPDATE bufr_d SET mnemonic = 'SSUBT123' WHERE X = 12 AND Y = 17 AND version_idx = 18
Standard ingest: com.mysql.jdbc.JDBC4PreparedStatement@1cd0888: UPDATE bufr_d SET mnemonic = 'SSUSDATA' WHERE X = 12 AND Y = 18 AND version_idx = 18
Standard ingest: com.mysql.jdbc.JDBC4PreparedStatement@1eb2c1b: UPDATE bufr_d SET mnemonic = 'SCATWNML' WHERE X = 12 AND Y = 19 AND version_idx = 18
Standard ingest: com.mysql.jdbc.JDBC4PreparedStatement@9cbd4b: UPDATE bufr_d SET mnemonic = 'SCATPRD1' WHERE X = 12 AND Y = 20 AND version_idx = 18
Standard ingest: com.mysql.jdbc.JDBC4PreparedStatement@4f9fdc: UPDATE bufr_d SET mnemonic = 'SCATPRD2' WHERE X = 12 AND Y = 21 AND version_idx = 18
Standard ingest: com.mysql.jdbc.JDBC4PreparedStatement@18825b3: UPDATE bufr_d SET mnemonic = 'RALTPROD' WHERE X = 12 AND Y = 22 AND version_idx = 18
Standard ingest: com.mysql.jdbc.JDBC4PreparedStatement@1632847: UPDATE bufr_d SET mnemonic = 'ATSRSSTP' WHERE X = 12 AND Y = 23 AND version_idx = 18
Standard ingest: com.mysql.jdbc.JDBC4PreparedStatement@e95a56: UPDATE bufr_d SET mnemonic = 'SCATPRDE' WHERE X = 12 AND Y = 24 AND version_idx = 18
Standard ingest: com.mysql.jdbc.JDBC4PreparedStatement@29e357: UPDATE bufr_d SET mnemonic = 'SCATWNME' WHERE X = 12 AND Y = 25 AND version_idx = 18
Standard ingest: com.mysql.jdbc.JDBC4PreparedStatement@ca470: UPDATE bufr_d SET mnemonic = 'QUIKSCAT' WHERE X = 12 AND Y = 26 AND version_idx = 18
Standard ingest: com.mysql.jdbc.JDBC4PreparedStatement@1ffc686: UPDATE bufr_d SET mnemonic = 'SADIDTD2' WHERE X = 12 AND Y = 27 AND version_idx = 18
Standard ingest: com.mysql.jdbc.JDBC4PreparedStatement@142bece: UPDATE bufr_d SET mnemonic = 'SWNDQKST' WHERE X = 12 AND Y = 28 AND version_idx = 18
Standard ingest: com.mysql.jdbc.JDBC4PreparedStatement@fcfa52: UPDATE bufr_d SET mnemonic = 'WNFRMUNL' WHERE X = 12 AND Y = 30 AND version_idx = 18
Standard ingest: com.mysql.jdbc.JDBC4PreparedStatement@961dff: UPDATE bufr_d SET mnemonic = 'ACQMWDAI' WHERE X = 12 AND Y = 31 AND version_idx = 18
Standard ingest: com.mysql.jdbc.JDBC4PreparedStatement@18b81e3: UPDATE bufr_d SET mnemonic = 'SEAWPROR' WHERE X = 12 AND Y = 32 AND version_idx = 18
Standard ingest: com.mysql.jdbc.JDBC4PreparedStatement@1fc6e42: UPDATE bufr_d SET mnemonic = 'ANTPBTMP' WHERE X = 12 AND Y = 33 AND version_idx = 18
Standard ingest: com.mysql.jdbc.JDBC4PreparedStatement@1aaf0b3: UPDATE bufr_d SET mnemonic = 'ALTITUDE' WHERE X = 12 AND Y = 41 AND version_idx = 18
Standard ingest: com.mysql.jdbc.JDBC4PreparedStatement@1a082e2: UPDATE bufr_d SET mnemonic = 'ALTCORRN' WHERE X = 12 AND Y = 42 AND version_idx = 18
Standard ingest: com.mysql.jdbc.JDBC4PreparedStatement@f0c85e: UPDATE bufr_d SET mnemonic = 'AATSRSST' WHERE X = 12 AND Y = 45 AND version_idx = 18
Standard ingest: com.mysql.jdbc.JDBC4PreparedStatement@1f297e7: UPDATE bufr_d SET mnemonic = 'MERISINS' WHERE X = 12 AND Y = 50 AND version_idx = 18
Standard ingest: com.mysql.jdbc.JDBC4PreparedStatement@1d2fc36: UPDATE bufr_d SET mnemonic = 'OCRSPWVS' WHERE X = 12 AND Y = 51 AND version_idx = 18
Standard ingest: com.mysql.jdbc.JDBC4PreparedStatement@ac6a45: UPDATE bufr_d SET mnemonic = 'RALTIMR2' WHERE X = 12 AND Y = 52 AND version_idx = 18
Standard ingest: com.mysql.jdbc.JDBC4PreparedStatement@175078b: UPDATE bufr_d SET mnemonic = 'OCWAVESP' WHERE X = 12 AND Y = 53 AND version_idx = 18
Standard ingest: com.mysql.jdbc.JDBC4PreparedStatement@42552c: UPDATE bufr_d SET mnemonic = 'ASCAT1BC' WHERE X = 12 AND Y = 55 AND version_idx = 18
Standard ingest: com.mysql.jdbc.JDBC4PreparedStatement@e5bbd6: UPDATE bufr_d SET mnemonic = 'SCATWNDC' WHERE X = 12 AND Y = 56 AND version_idx = 18
Standard ingest: com.mysql.jdbc.JDBC4PreparedStatement@8ee016: UPDATE bufr_d SET mnemonic = 'AMBIGWND' WHERE X = 12 AND Y = 57 AND version_idx = 18
Standard ingest: com.mysql.jdbc.JDBC4PreparedStatement@19e15c: UPDATE bufr_d SET mnemonic = 'ASCAT1BD' WHERE X = 12 AND Y = 58 AND version_idx = 18
Standard ingest: com.mysql.jdbc.JDBC4PreparedStatement@11a75a2: UPDATE bufr_d SET mnemonic = 'SCATWNDD' WHERE X = 12 AND Y = 59 AND version_idx = 18
Standard ingest: com.mysql.jdbc.JDBC4PreparedStatement@210b5b: UPDATE bufr_d SET mnemonic = 'SCATSMST' WHERE X = 12 AND Y = 60 AND version_idx = 18
Standard ingest: com.mysql.jdbc.JDBC4PreparedStatement@170888e: UPDATE bufr_d SET mnemonic = 'ASCAT1B2' WHERE X = 12 AND Y = 61 AND version_idx = 18
Standard ingest: com.mysql.jdbc.JDBC4PreparedStatement@11563ff: UPDATE bufr_d SET mnemonic = 'SMOSDATA' WHERE X = 12 AND Y = 70 AND version_idx = 18
Standard ingest: com.mysql.jdbc.JDBC4PreparedStatement@1581593: UPDATE bufr_d SET mnemonic = 'C2SIRALT' WHERE X = 12 AND Y = 71 AND version_idx = 18
Standard ingest: com.mysql.jdbc.JDBC4PreparedStatement@1f06dc3: UPDATE bufr_d SET mnemonic = 'RADARREF' WHERE X = 13 AND Y = 9 AND version_idx = 18
Standard ingest: com.mysql.jdbc.JDBC4PreparedStatement@1b64e6a: UPDATE bufr_d SET mnemonic = 'RADARAIN' WHERE X = 13 AND Y = 10 AND version_idx = 18
Standard ingest: com.mysql.jdbc.JDBC4PreparedStatement@1d62270: UPDATE bufr_d SET mnemonic = 'NRLERPXV' WHERE X = 13 AND Y = 31 AND version_idx = 18
Standard ingest: com.mysql.jdbc.JDBC4PreparedStatement@16f0be8: UPDATE bufr_d SET mnemonic = 'NRLEPPXV' WHERE X = 13 AND Y = 32 AND version_idx = 18
Standard ingest: com.mysql.jdbc.JDBC4PreparedStatement@176cad3: UPDATE bufr_d SET mnemonic = 'RLGERPXV' WHERE X = 13 AND Y = 41 AND version_idx = 18
Standard ingest: com.mysql.jdbc.JDBC4PreparedStatement@79ed7f: UPDATE bufr_d SET mnemonic = 'RLGEPPXV' WHERE X = 13 AND Y = 42 AND version_idx = 18
Standard ingest: com.mysql.jdbc.JDBC4PreparedStatement@d73c7a: UPDATE bufr_d SET mnemonic = 'RLGEPPXR' WHERE X = 13 AND Y = 43 AND version_idx = 18
Standard ingest: com.mysql.jdbc.JDBC4PreparedStatement@c39a20: UPDATE bufr_d SET mnemonic = 'TUSWODTM' WHERE X = 15 AND Y = 1 AND version_idx = 18
Standard ingest: com.mysql.jdbc.JDBC4PreparedStatement@1bbd23f: UPDATE bufr_d SET mnemonic = 'TUSWODTS' WHERE X = 15 AND Y = 2 AND version_idx = 18
Standard ingest: com.mysql.jdbc.JDBC4PreparedStatement@1e845c2: UPDATE bufr_d SET mnemonic = 'TEMSALFL' WHERE X = 15 AND Y = 3 AND version_idx = 18
Standard ingest: com.mysql.jdbc.JDBC4PreparedStatement@3c0007: UPDATE bufr_d SET mnemonic = 'WTPOBXOB' WHERE X = 15 AND Y = 4 AND version_idx = 18
Standard ingest: com.mysql.jdbc.JDBC4PreparedStatement@125fefa: UPDATE bufr_d SET mnemonic = 'WATEMPFL' WHERE X = 15 AND Y = 5 AND version_idx = 18
Standard ingest: com.mysql.jdbc.JDBC4PreparedStatement@186df0f: UPDATE bufr_d SET mnemonic = 'SHPTSCPF' WHERE X = 15 AND Y = 7 AND version_idx = 18
Standard ingest: com.mysql.jdbc.JDBC4PreparedStatement@19e8f17: UPDATE bufr_d SET mnemonic = 'MBUOYOBS' WHERE X = 15 AND Y = 8 AND version_idx = 18
Standard ingest: com.mysql.jdbc.JDBC4PreparedStatement@c44b88: UPDATE bufr_d SET mnemonic = 'DBUOYOBS' WHERE X = 15 AND Y = 9 AND version_idx = 18
Standard ingest: com.mysql.jdbc.JDBC4PreparedStatement@13ad33d: UPDATE bufr_d SET mnemonic = 'DLIMTPRT' WHERE X = 16 AND Y = 1 AND version_idx = 18
Standard ingest: com.mysql.jdbc.JDBC4PreparedStatement@102799c: UPDATE bufr_d SET mnemonic = 'HEADRSEQ' WHERE X = 16 AND Y = 2 AND version_idx = 18
Standard ingest: com.mysql.jdbc.JDBC4PreparedStatement@17e121c: UPDATE bufr_d SET mnemonic = 'JTSTREAM' WHERE X = 16 AND Y = 3 AND version_idx = 18
Standard ingest: com.mysql.jdbc.JDBC4PreparedStatement@1d6f122: UPDATE bufr_d SET mnemonic = 'TURBLNCE' WHERE X = 16 AND Y = 4 AND version_idx = 18
Standard ingest: com.mysql.jdbc.JDBC4PreparedStatement@7109c4: UPDATE bufr_d SET mnemonic = 'STORMSEQ' WHERE X = 16 AND Y = 5 AND version_idx = 18
Standard ingest: com.mysql.jdbc.JDBC4PreparedStatement@1385660: UPDATE bufr_d SET mnemonic = 'CLOUDSQ2' WHERE X = 16 AND Y = 6 AND version_idx = 18
Standard ingest: com.mysql.jdbc.JDBC4PreparedStatement@1aed5f9: UPDATE bufr_d SET mnemonic = 'FRONTSEQ' WHERE X = 16 AND Y = 7 AND version_idx = 18
Standard ingest: com.mysql.jdbc.JDBC4PreparedStatement@161dfb5: UPDATE bufr_d SET mnemonic = 'TROPAUSE' WHERE X = 16 AND Y = 8 AND version_idx = 18
Standard ingest: com.mysql.jdbc.JDBC4PreparedStatement@a613f8: UPDATE bufr_d SET mnemonic = 'AFRMICEA' WHERE X = 16 AND Y = 9 AND version_idx = 18
Standard ingest: com.mysql.jdbc.JDBC4PreparedStatement@16921fd: UPDATE bufr_d SET mnemonic = 'NAMEFEAT' WHERE X = 16 AND Y = 10 AND version_idx = 18
Standard ingest: com.mysql.jdbc.JDBC4PreparedStatement@136a43c: UPDATE bufr_d SET mnemonic = 'VCNOERPT' WHERE X = 16 AND Y = 11 AND version_idx = 18
Standard ingest: com.mysql.jdbc.JDBC4PreparedStatement@589e56: UPDATE bufr_d SET mnemonic = 'TSTMIDEN' WHERE X = 16 AND Y = 20 AND version_idx = 18
Standard ingest: com.mysql.jdbc.JDBC4PreparedStatement@3411a: UPDATE bufr_d SET mnemonic = 'ANALDATA' WHERE X = 16 AND Y = 21 AND version_idx = 18
Standard ingest: com.mysql.jdbc.JDBC4PreparedStatement@1a7508a: UPDATE bufr_d SET mnemonic = 'FORECAST' WHERE X = 16 AND Y = 22 AND version_idx = 18
Standard ingest: com.mysql.jdbc.JDBC4PreparedStatement@198cb3d: UPDATE bufr_d SET mnemonic = 'TSTMANAL' WHERE X = 16 AND Y = 26 AND version_idx = 18
Standard ingest: com.mysql.jdbc.JDBC4PreparedStatement@472d48: UPDATE bufr_d SET mnemonic = 'TSTMFCST' WHERE X = 16 AND Y = 27 AND version_idx = 18
Standard ingest: com.mysql.jdbc.JDBC4PreparedStatement@edf3f6: UPDATE bufr_d SET mnemonic = 'SIGMETHD' WHERE X = 16 AND Y = 30 AND version_idx = 18
Standard ingest: com.mysql.jdbc.JDBC4PreparedStatement@2bc3f5: UPDATE bufr_d SET mnemonic = 'SIGMETOF' WHERE X = 16 AND Y = 31 AND version_idx = 18
Standard ingest: com.mysql.jdbc.JDBC4PreparedStatement@14e3f41: UPDATE bufr_d SET mnemonic = 'SIGMETFC' WHERE X = 16 AND Y = 32 AND version_idx = 18
Standard ingest: com.mysql.jdbc.JDBC4PreparedStatement@1acd47: UPDATE bufr_d SET mnemonic = 'SIGMETOU' WHERE X = 16 AND Y = 33 AND version_idx = 18
Standard ingest: com.mysql.jdbc.JDBC4PreparedStatement@19b04e2: UPDATE bufr_d SET mnemonic = 'SIGMETVA' WHERE X = 16 AND Y = 34 AND version_idx = 18
Standard ingest: com.mysql.jdbc.JDBC4PreparedStatement@5dcec6: UPDATE bufr_d SET mnemonic = 'SIGMETTH' WHERE X = 16 AND Y = 35 AND version_idx = 18
Standard ingest: com.mysql.jdbc.JDBC4PreparedStatement@b25b9d: UPDATE bufr_d SET mnemonic = 'SIGMETTC' WHERE X = 16 AND Y = 36 AND version_idx = 18
Standard ingest: com.mysql.jdbc.JDBC4PreparedStatement@19ce060: UPDATE bufr_d SET mnemonic = 'SIGMETTU' WHERE X = 16 AND Y = 37 AND version_idx = 18
Standard ingest: com.mysql.jdbc.JDBC4PreparedStatement@4ecfdd: UPDATE bufr_d SET mnemonic = 'SIGMETIC' WHERE X = 16 AND Y = 38 AND version_idx = 18
Standard ingest: com.mysql.jdbc.JDBC4PreparedStatement@30d82d: UPDATE bufr_d SET mnemonic = 'SIGMETMT' WHERE X = 16 AND Y = 39 AND version_idx = 18
Standard ingest: com.mysql.jdbc.JDBC4PreparedStatement@c09554: UPDATE bufr_d SET mnemonic = 'SIGMETCA' WHERE X = 16 AND Y = 40 AND version_idx = 18
Standard ingest: com.mysql.jdbc.JDBC4PreparedStatement@18bf072: UPDATE bufr_d SET mnemonic = 'RADOBPTA' WHERE X = 16 AND Y = 50 AND version_idx = 18
Standard ingest: com.mysql.jdbc.JDBC4PreparedStatement@56f631: UPDATE bufr_d SET mnemonic = 'SAREPPTA' WHERE X = 16 AND Y = 52 AND version_idx = 18
Standard ingest: com.mysql.jdbc.JDBC4PreparedStatement@13d28e3: UPDATE bufr_d SET mnemonic = 'SQUAL3PT' WHERE X = 16 AND Y = 60 AND version_idx = 18
Standard ingest: com.mysql.jdbc.JDBC4PreparedStatement@476128: UPDATE bufr_d SET mnemonic = 'SQUALGT3' WHERE X = 16 AND Y = 61 AND version_idx = 18
Standard ingest: com.mysql.jdbc.JDBC4PreparedStatement@3b8b49: UPDATE bufr_d SET mnemonic = 'GRPAIRSE' WHERE X = 16 AND Y = 71 AND version_idx = 18
Standard ingest: com.mysql.jdbc.JDBC4PreparedStatement@1359c1b: UPDATE bufr_d SET mnemonic = 'GRPAIRTA' WHERE X = 16 AND Y = 72 AND version_idx = 18
Standard ingest: com.mysql.jdbc.JDBC4PreparedStatement@9be79a: UPDATE bufr_d SET mnemonic = 'GRPAIRZU' WHERE X = 16 AND Y = 73 AND version_idx = 18
Standard ingest: com.mysql.jdbc.JDBC4PreparedStatement@18235ed: UPDATE bufr_d SET mnemonic = 'GFAIDOBS' WHERE X = 16 AND Y = 74 AND version_idx = 18
Standard ingest: com.mysql.jdbc.JDBC4PreparedStatement@1a28362: UPDATE bufr_d SET mnemonic = 'GFAIFRCV' WHERE X = 16 AND Y = 75 AND version_idx = 18
Standard ingest: com.mysql.jdbc.JDBC4PreparedStatement@5fcf29: UPDATE bufr_d SET mnemonic = 'GFAMTNOB' WHERE X = 16 AND Y = 76 AND version_idx = 18
Standard ingest: com.mysql.jdbc.JDBC4PreparedStatement@19b1de: UPDATE bufr_d SET mnemonic = 'GFATURBU' WHERE X = 16 AND Y = 77 AND version_idx = 18
Standard ingest: com.mysql.jdbc.JDBC4PreparedStatement@ec6b00: UPDATE bufr_d SET mnemonic = 'GFASTRSW' WHERE X = 16 AND Y = 78 AND version_idx = 18
Standard ingest: com.mysql.jdbc.JDBC4PreparedStatement@164dbd5: UPDATE bufr_d SET mnemonic = 'GFALLWDS' WHERE X = 16 AND Y = 79 AND version_idx = 18
Standard ingest: com.mysql.jdbc.JDBC4PreparedStatement@9cb0f4: UPDATE bufr_d SET mnemonic = 'GFAICING' WHERE X = 16 AND Y = 80 AND version_idx = 18
Standard ingest: com.mysql.jdbc.JDBC4PreparedStatement@125844f: UPDATE bufr_d SET mnemonic = 'GFAFRZGL' WHERE X = 16 AND Y = 81 AND version_idx = 18
Standard ingest: com.mysql.jdbc.JDBC4PreparedStatement@11978b: UPDATE bufr_d SET mnemonic = 'LALODOSE' WHERE X = 18 AND Y = 1 AND version_idx = 18
Standard ingest: com.mysql.jdbc.JDBC4PreparedStatement@f42ad0: UPDATE bufr_d SET mnemonic = 'LALOTPER' WHERE X = 18 AND Y = 3 AND version_idx = 18
Standard ingest: com.mysql.jdbc.JDBC4PreparedStatement@26dbec: UPDATE bufr_d SET mnemonic = 'LALODISP' WHERE X = 18 AND Y = 4 AND version_idx = 18
Standard ingest: com.mysql.jdbc.JDBC4PreparedStatement@1309e87: UPDATE bufr_d SET mnemonic = 'WNPROFAN' WHERE X = 21 AND Y = 1 AND version_idx = 18
Standard ingest: com.mysql.jdbc.JDBC4PreparedStatement@f7c31d: UPDATE bufr_d SET mnemonic = 'WNPROFMD' WHERE X = 21 AND Y = 3 AND version_idx = 18
Standard ingest: com.mysql.jdbc.JDBC4PreparedStatement@2acc65: UPDATE bufr_d SET mnemonic = 'WNPROFMS' WHERE X = 21 AND Y = 4 AND version_idx = 18
Standard ingest: com.mysql.jdbc.JDBC4PreparedStatement@1d10a5c: UPDATE bufr_d SET mnemonic = 'TRANRECV' WHERE X = 21 AND Y = 5 AND version_idx = 18
Standard ingest: com.mysql.jdbc.JDBC4PreparedStatement@ff2413: UPDATE bufr_d SET mnemonic = 'INTGCHAR' WHERE X = 21 AND Y = 6 AND version_idx = 18
Standard ingest: com.mysql.jdbc.JDBC4PreparedStatement@9980d5: UPDATE bufr_d SET mnemonic = 'CORRECTS' WHERE X = 21 AND Y = 7 AND version_idx = 18
Standard ingest: com.mysql.jdbc.JDBC4PreparedStatement@1d95492: UPDATE bufr_d SET mnemonic = 'Z2RCONVR' WHERE X = 21 AND Y = 8 AND version_idx = 18
Standard ingest: com.mysql.jdbc.JDBC4PreparedStatement@13f7281: UPDATE bufr_d SET mnemonic = 'A2ZLAWSQ' WHERE X = 21 AND Y = 9 AND version_idx = 18
Standard ingest: com.mysql.jdbc.JDBC4PreparedStatement@76ab2f: UPDATE bufr_d SET mnemonic = 'ANTACHAR' WHERE X = 21 AND Y = 10 AND version_idx = 18
Standard ingest: com.mysql.jdbc.JDBC4PreparedStatement@e0cc23: UPDATE bufr_d SET mnemonic = 'GNRLCHAR' WHERE X = 21 AND Y = 11 AND version_idx = 18
Standard ingest: com.mysql.jdbc.JDBC4PreparedStatement@7a1576: UPDATE bufr_d SET mnemonic = 'ANTAELEV' WHERE X = 21 AND Y = 12 AND version_idx = 18
Standard ingest: com.mysql.jdbc.JDBC4PreparedStatement@1171b26: UPDATE bufr_d SET mnemonic = 'PROFRASS' WHERE X = 21 AND Y = 21 AND version_idx = 18
Standard ingest: com.mysql.jdbc.JDBC4PreparedStatement@1f78040: UPDATE bufr_d SET mnemonic = 'WNPROFPW' WHERE X = 21 AND Y = 22 AND version_idx = 18
Standard ingest: com.mysql.jdbc.JDBC4PreparedStatement@50988: UPDATE bufr_d SET mnemonic = 'WNPROFRW' WHERE X = 21 AND Y = 23 AND version_idx = 18
Standard ingest: com.mysql.jdbc.JDBC4PreparedStatement@b4e29b: UPDATE bufr_d SET mnemonic = 'RASSPROC' WHERE X = 21 AND Y = 24 AND version_idx = 18
Standard ingest: com.mysql.jdbc.JDBC4PreparedStatement@18941f7: UPDATE bufr_d SET mnemonic = 'RASSRAWD' WHERE X = 21 AND Y = 25 AND version_idx = 18
Standard ingest: com.mysql.jdbc.JDBC4PreparedStatement@49d67c: UPDATE bufr_d SET mnemonic = 'RASSFLUX' WHERE X = 21 AND Y = 26 AND version_idx = 18
Standard ingest: com.mysql.jdbc.JDBC4PreparedStatement@1a06e38: UPDATE bufr_d SET mnemonic = 'SIGMA0PR' WHERE X = 21 AND Y = 27 AND version_idx = 18
Standard ingest: com.mysql.jdbc.JDBC4PreparedStatement@1a42792: UPDATE bufr_d SET mnemonic = 'SIGMA0FL' WHERE X = 21 AND Y = 28 AND version_idx = 18
Standard ingest: com.mysql.jdbc.JDBC4PreparedStatement@2200d5: UPDATE bufr_d SET mnemonic = 'ASCATSG0' WHERE X = 21 AND Y = 30 AND version_idx = 18
Standard ingest: com.mysql.jdbc.JDBC4PreparedStatement@64ab4d: UPDATE bufr_d SET mnemonic = 'GOME2TMP' WHERE X = 22 AND Y = 28 AND version_idx = 18
Standard ingest: com.mysql.jdbc.JDBC4PreparedStatement@12a55aa: UPDATE bufr_d SET mnemonic = 'SPECMSTN' WHERE X = 35 AND Y = 1 AND version_idx = 18
Standard ingest: com.mysql.jdbc.JDBC4PreparedStatement@5e13ad: UPDATE bufr_d SET mnemonic = 'SPECMCTR' WHERE X = 35 AND Y = 2 AND version_idx = 18
Standard ingest: com.mysql.jdbc.JDBC4PreparedStatement@5dd582: UPDATE bufr_d SET mnemonic = 'SPECMPER' WHERE X = 35 AND Y = 3 AND version_idx = 18
Standard ingest: com.mysql.jdbc.JDBC4PreparedStatement@6c585a: UPDATE bufr_d SET mnemonic = 'SPECRTSS' WHERE X = 35 AND Y = 4 AND version_idx = 18
Standard ingest: com.mysql.jdbc.JDBC4PreparedStatement@11ca803: UPDATE bufr_d SET mnemonic = 'SPECRTWB' WHERE X = 35 AND Y = 5 AND version_idx = 18
Standard ingest: com.mysql.jdbc.JDBC4PreparedStatement@5a67c9: UPDATE bufr_d SET mnemonic = 'SPECRTWR' WHERE X = 35 AND Y = 6 AND version_idx = 18
Standard ingest: com.mysql.jdbc.JDBC4PreparedStatement@153c375: UPDATE bufr_d SET mnemonic = 'RTYPMUMO' WHERE X = 35 AND Y = 7 AND version_idx = 18
Standard ingest: com.mysql.jdbc.JDBC4PreparedStatement@453807: UPDATE bufr_d SET mnemonic = 'MONRTPMS' WHERE X = 35 AND Y = 10 AND version_idx = 18
Standard ingest: com.mysql.jdbc.JDBC4PreparedStatement@618d26: UPDATE bufr_d SET mnemonic = 'IASIL1CD' WHERE X = 40 AND Y = 1 AND version_idx = 18
Standard ingest: com.mysql.jdbc.JDBC4PreparedStatement@79e304: UPDATE bufr_d SET mnemonic = 'IASIL1CB' WHERE X = 40 AND Y = 2 AND version_idx = 18
Standard ingest: com.mysql.jdbc.JDBC4PreparedStatement@273686: UPDATE bufr_d SET mnemonic = 'IASIL1CC' WHERE X = 40 AND Y = 3 AND version_idx = 18
Standard ingest: com.mysql.jdbc.JDBC4PreparedStatement@6caf16: UPDATE bufr_d SET mnemonic = 'IASIL1CS' WHERE X = 40 AND Y = 4 AND version_idx = 18
Standard ingest: com.mysql.jdbc.JDBC4PreparedStatement@15ad5c6: UPDATE bufr_d SET mnemonic = 'JASNOGDR' WHERE X = 40 AND Y = 5 AND version_idx = 18
Standard ingest: com.mysql.jdbc.JDBC4PreparedStatement@88e2dd: UPDATE bufr_d SET mnemonic = 'IASIPRCS' WHERE X = 40 AND Y = 6 AND version_idx = 18
Standard ingest: com.mysql.jdbc.JDBC4PreparedStatement@e64686: UPDATE bufr_d SET mnemonic = 'IASIL1CA' WHERE X = 40 AND Y = 7 AND version_idx = 18
Standard ingest: com.mysql.jdbc.JDBC4PreparedStatement@203c31: UPDATE bufr_d SET mnemonic = 'IASIL1CT' WHERE X = 40 AND Y = 8 AND version_idx = 18
Standard ingest: com.mysql.jdbc.JDBC4PreparedStatement@4fc156: UPDATE bufr_d SET mnemonic = 'NDVISEQ' WHERE X = 40 AND Y = 9 AND version_idx = 18
Standard ingest: com.mysql.jdbc.JDBC4PreparedStatement@1e2ca7: UPDATE bufr_d SET mnemonic = 'JASNOGD2' WHERE X = 40 AND Y = 10 AND version_idx = 18
Standard ingest: com.mysql.jdbc.JDBC4PreparedStatement@105bd58: UPDATE bufr_d SET mnemonic = 'SARALTKA' WHERE X = 40 AND Y = 11 AND version_idx = 18
Standard ingest: com.mysql.jdbc.JDBC4PreparedStatement@1d1e730: UPDATE bufr_d SET mnemonic = 'GPMMCIMG' WHERE X = 40 AND Y = 12 AND version_idx = 18
Standard ingest: com.mysql.jdbc.JDBC4PreparedStatement@1a116c9: UPDATE bufr_d SET mnemonic = 'ALADIN2B' WHERE X = 40 AND Y = 13 AND version_idx = 18
Standard ingest: com.mysql.jdbc.JDBC4PreparedStatement@df1832: UPDATE bufr_d SET mnemonic = 'GPMPRCP' WHERE X = 40 AND Y = 15 AND version_idx = 18
